[0.035s] Invoking command in '/media/michael/bach_SD_128GB/emo_ws/emo2.0/build/examples_rclcpp_minimal_timer': CMAKE_PREFIX_PATH=/opt/ros/foxy /usr/bin/cmake /media/michael/bach_SD_128GB/emo_ws/emo2.0/src/examples/rclcpp/timers/minimal_timer -DCMAKE_INSTALL_PREFIX=/media/michael/bach_SD_128GB/emo_ws/emo2.0/install/examples_rclcpp_minimal_timer
[0.164s] -- The C compiler identification is GNU 9.3.0
[0.321s] -- The CXX compiler identification is GNU 9.3.0
[0.322s] -- Check for working C compiler: /usr/bin/cc
[0.460s] -- Check for working C compiler: /usr/bin/cc -- works
[0.463s] -- Detecting C compiler ABI info
[0.803s] -- Detecting C compiler ABI info - done
[0.856s] -- Detecting C compile features
[0.857s] -- Detecting C compile features - done
[0.867s] -- Check for working CXX compiler: /usr/bin/c++
[1.169s] -- Check for working CXX compiler: /usr/bin/c++ -- works
[1.170s] -- Detecting CXX compiler ABI info
[1.332s] -- Detecting CXX compiler ABI info - done
[1.363s] -- Detecting CXX compile features
[1.364s] -- Detecting CXX compile features - done
[1.369s] -- Found ament_cmake: 0.9.8 (/opt/ros/foxy/share/ament_cmake/cmake)
[1.433s] -- Found PythonInterp: /usr/bin/python3 (found suitable version "3.8.5", minimum required is "3") 
[1.433s] -- Using PYTHON_EXECUTABLE: /usr/bin/python3
[1.883s] -- Found rclcpp: 2.3.0 (/opt/ros/foxy/share/rclcpp/cmake)
[1.983s] -- Using all available rosidl_typesupport_c: rosidl_typesupport_fastrtps_c;rosidl_typesupport_introspection_c
[1.997s] -- Found rosidl_adapter: 1.2.0 (/opt/ros/foxy/share/rosidl_adapter/cmake)
[2.175s] -- Found OpenSSL: /usr/lib/x86_64-linux-gnu/libcrypto.so (found version "1.1.1f")  
[2.256s] -- Found FastRTPS: /opt/ros/foxy/include  
[2.438s] -- Using all available rosidl_typesupport_cpp: rosidl_typesupport_fastrtps_cpp;rosidl_typesupport_introspection_cpp
[2.590s] -- Found rmw_implementation_cmake: 1.0.2 (/opt/ros/foxy/share/rmw_implementation_cmake/cmake)
[2.594s] -- Using RMW implementation 'rmw_fastrtps_cpp' as default
[2.596s] -- Looking for pthread.h
[2.762s] -- Looking for pthread.h - found
[2.763s] -- Performing Test CMAKE_HAVE_LIBC_PTHREAD
[2.920s] -- Performing Test CMAKE_HAVE_LIBC_PTHREAD - Failed
[2.921s] -- Looking for pthread_create in pthreads
[3.048s] -- Looking for pthread_create in pthreads - not found
[3.048s] -- Looking for pthread_create in pthread
[3.212s] -- Looking for pthread_create in pthread - found
[3.215s] -- Found Threads: TRUE  
[3.637s] -- Found ament_lint_auto: 0.9.6 (/opt/ros/foxy/share/ament_lint_auto/cmake)
[3.801s] -- Added test 'copyright' to check source files copyright and LICENSE
[3.805s] -- Added test 'cppcheck' to perform static code analysis on C / C++ code
[3.806s] -- Configured cppcheck include dirs: 
[3.806s] -- Configured cppcheck exclude dirs and/or files: 
[3.808s] -- Added test 'cpplint' to check C / C++ code against the Google style
[3.809s] -- Configured cpplint exclude dirs and/or files: 
[3.812s] -- Added test 'lint_cmake' to check CMake code style
[3.814s] -- Added test 'uncrustify' to check C / C++ code style
[3.815s] -- Configured uncrustify additional arguments: 
[3.816s] -- Added test 'xmllint' to check XML markup files
[3.822s] -- Configuring done
[3.865s] -- Generating done
[3.870s] -- Build files have been written to: /media/michael/bach_SD_128GB/emo_ws/emo2.0/build/examples_rclcpp_minimal_timer
[3.886s] Invoked command in '/media/michael/bach_SD_128GB/emo_ws/emo2.0/build/examples_rclcpp_minimal_timer' returned '0': CMAKE_PREFIX_PATH=/opt/ros/foxy /usr/bin/cmake /media/michael/bach_SD_128GB/emo_ws/emo2.0/src/examples/rclcpp/timers/minimal_timer -DCMAKE_INSTALL_PREFIX=/media/michael/bach_SD_128GB/emo_ws/emo2.0/install/examples_rclcpp_minimal_timer
[3.891s] Invoking command in '/media/michael/bach_SD_128GB/emo_ws/emo2.0/build/examples_rclcpp_minimal_timer': CMAKE_PREFIX_PATH=/opt/ros/foxy /usr/bin/cmake --build /media/michael/bach_SD_128GB/emo_ws/emo2.0/build/examples_rclcpp_minimal_timer -- -j4 -l4
[4.044s] [35m[1mScanning dependencies of target timer_member_function[0m
[4.166s] [ 25%] [32mBuilding CXX object CMakeFiles/timer_member_function.dir/member_function.cpp.o[0m
[8.822s] [ 50%] [32m[1mLinking CXX executable timer_member_function[0m
[9.161s] [ 50%] Built target timer_member_function
[9.185s] [35m[1mScanning dependencies of target timer_lambda[0m
[9.278s] [ 75%] [32mBuilding CXX object CMakeFiles/timer_lambda.dir/lambda.cpp.o[0m
[14.932s] [100%] [32m[1mLinking CXX executable timer_lambda[0m
[15.281s] [100%] Built target timer_lambda
[15.306s] Invoked command in '/media/michael/bach_SD_128GB/emo_ws/emo2.0/build/examples_rclcpp_minimal_timer' returned '0': CMAKE_PREFIX_PATH=/opt/ros/foxy /usr/bin/cmake --build /media/michael/bach_SD_128GB/emo_ws/emo2.0/build/examples_rclcpp_minimal_timer -- -j4 -l4
[15.389s] Invoking command in '/media/michael/bach_SD_128GB/emo_ws/emo2.0/build/examples_rclcpp_minimal_timer': CMAKE_PREFIX_PATH=/opt/ros/foxy /usr/bin/cmake --install /media/michael/bach_SD_128GB/emo_ws/emo2.0/build/examples_rclcpp_minimal_timer
[15.413s] -- Install configuration: ""
[15.413s] -- Installing: /media/michael/bach_SD_128GB/emo_ws/emo2.0/install/examples_rclcpp_minimal_timer/lib/examples_rclcpp_minimal_timer/timer_lambda
[15.415s] -- Set runtime path of "/media/michael/bach_SD_128GB/emo_ws/emo2.0/install/examples_rclcpp_minimal_timer/lib/examples_rclcpp_minimal_timer/timer_lambda" to ""
[15.415s] -- Installing: /media/michael/bach_SD_128GB/emo_ws/emo2.0/install/examples_rclcpp_minimal_timer/lib/examples_rclcpp_minimal_timer/timer_member_function
[15.417s] -- Set runtime path of "/media/michael/bach_SD_128GB/emo_ws/emo2.0/install/examples_rclcpp_minimal_timer/lib/examples_rclcpp_minimal_timer/timer_member_function" to ""
[15.417s] -- Installing: /media/michael/bach_SD_128GB/emo_ws/emo2.0/install/examples_rclcpp_minimal_timer/share/ament_index/resource_index/package_run_dependencies/examples_rclcpp_minimal_timer
[15.418s] -- Installing: /media/michael/bach_SD_128GB/emo_ws/emo2.0/install/examples_rclcpp_minimal_timer/share/ament_index/resource_index/parent_prefix_path/examples_rclcpp_minimal_timer
[15.418s] -- Installing: /media/michael/bach_SD_128GB/emo_ws/emo2.0/install/examples_rclcpp_minimal_timer/share/examples_rclcpp_minimal_timer/environment/ament_prefix_path.sh
[15.418s] -- Installing: /media/michael/bach_SD_128GB/emo_ws/emo2.0/install/examples_rclcpp_minimal_timer/share/examples_rclcpp_minimal_timer/environment/ament_prefix_path.dsv
[15.419s] -- Installing: /media/michael/bach_SD_128GB/emo_ws/emo2.0/install/examples_rclcpp_minimal_timer/share/examples_rclcpp_minimal_timer/environment/path.sh
[15.419s] -- Installing: /media/michael/bach_SD_128GB/emo_ws/emo2.0/install/examples_rclcpp_minimal_timer/share/examples_rclcpp_minimal_timer/environment/path.dsv
[15.419s] -- Installing: /media/michael/bach_SD_128GB/emo_ws/emo2.0/install/examples_rclcpp_minimal_timer/share/examples_rclcpp_minimal_timer/local_setup.bash
[15.420s] -- Installing: /media/michael/bach_SD_128GB/emo_ws/emo2.0/install/examples_rclcpp_minimal_timer/share/examples_rclcpp_minimal_timer/local_setup.sh
[15.420s] -- Installing: /media/michael/bach_SD_128GB/emo_ws/emo2.0/install/examples_rclcpp_minimal_timer/share/examples_rclcpp_minimal_timer/local_setup.zsh
[15.420s] -- Installing: /media/michael/bach_SD_128GB/emo_ws/emo2.0/install/examples_rclcpp_minimal_timer/share/examples_rclcpp_minimal_timer/local_setup.dsv
[15.420s] -- Installing: /media/michael/bach_SD_128GB/emo_ws/emo2.0/install/examples_rclcpp_minimal_timer/share/examples_rclcpp_minimal_timer/package.dsv
[15.421s] -- Installing: /media/michael/bach_SD_128GB/emo_ws/emo2.0/install/examples_rclcpp_minimal_timer/share/ament_index/resource_index/packages/examples_rclcpp_minimal_timer
[15.421s] -- Installing: /media/michael/bach_SD_128GB/emo_ws/emo2.0/install/examples_rclcpp_minimal_timer/share/examples_rclcpp_minimal_timer/cmake/examples_rclcpp_minimal_timerConfig.cmake
[15.421s] -- Installing: /media/michael/bach_SD_128GB/emo_ws/emo2.0/install/examples_rclcpp_minimal_timer/share/examples_rclcpp_minimal_timer/cmake/examples_rclcpp_minimal_timerConfig-version.cmake
[15.422s] -- Installing: /media/michael/bach_SD_128GB/emo_ws/emo2.0/install/examples_rclcpp_minimal_timer/share/examples_rclcpp_minimal_timer/package.xml
[15.430s] Invoked command in '/media/michael/bach_SD_128GB/emo_ws/emo2.0/build/examples_rclcpp_minimal_timer' returned '0': CMAKE_PREFIX_PATH=/opt/ros/foxy /usr/bin/cmake --install /media/michael/bach_SD_128GB/emo_ws/emo2.0/build/examples_rclcpp_minimal_timer
