[1.395s] Invoking command in '/media/michael/bach_SD_128GB/emo_ws/emo2.0/src/emo_control': PYTHONPATH=/media/michael/bach_SD_128GB/emo_ws/emo2.0/install/emo_control/lib/python3.8/site-packages:${PYTHONPATH} /usr/bin/python3 setup.py egg_info --egg-base ../../build/emo_control build --build-base /media/michael/bach_SD_128GB/emo_ws/emo2.0/build/emo_control/build install --prefix /media/michael/bach_SD_128GB/emo_ws/emo2.0/install/emo_control --record /media/michael/bach_SD_128GB/emo_ws/emo2.0/build/emo_control/install.log --single-version-externally-managed
[1.905s] running egg_info
[1.907s] creating ../../build/emo_control/emo_control.egg-info
[1.907s] writing ../../build/emo_control/emo_control.egg-info/PKG-INFO
[1.908s] writing dependency_links to ../../build/emo_control/emo_control.egg-info/dependency_links.txt
[1.909s] writing entry points to ../../build/emo_control/emo_control.egg-info/entry_points.txt
[1.909s] writing requirements to ../../build/emo_control/emo_control.egg-info/requires.txt
[1.910s] writing top-level names to ../../build/emo_control/emo_control.egg-info/top_level.txt
[1.914s] writing manifest file '../../build/emo_control/emo_control.egg-info/SOURCES.txt'
[1.989s] reading manifest file '../../build/emo_control/emo_control.egg-info/SOURCES.txt'
[1.990s] writing manifest file '../../build/emo_control/emo_control.egg-info/SOURCES.txt'
[1.991s] running build
[1.991s] running build_py
[1.992s] creating /media/michael/bach_SD_128GB/emo_ws/emo2.0/build/emo_control/build
[1.992s] creating /media/michael/bach_SD_128GB/emo_ws/emo2.0/build/emo_control/build/lib
[1.992s] creating /media/michael/bach_SD_128GB/emo_ws/emo2.0/build/emo_control/build/lib/emo_control
[1.992s] copying emo_control/__init__.py -> /media/michael/bach_SD_128GB/emo_ws/emo2.0/build/emo_control/build/lib/emo_control
[1.993s] copying emo_control/emo_proto_subscriber.py -> /media/michael/bach_SD_128GB/emo_ws/emo2.0/build/emo_control/build/lib/emo_control
[1.994s] running install
[1.996s] running install_lib
[2.000s] creating /media/michael/bach_SD_128GB/emo_ws/emo2.0/install/emo_control/lib/python3.8/site-packages/emo_control
[2.000s] copying /media/michael/bach_SD_128GB/emo_ws/emo2.0/build/emo_control/build/lib/emo_control/__init__.py -> /media/michael/bach_SD_128GB/emo_ws/emo2.0/install/emo_control/lib/python3.8/site-packages/emo_control
[2.001s] copying /media/michael/bach_SD_128GB/emo_ws/emo2.0/build/emo_control/build/lib/emo_control/emo_proto_subscriber.py -> /media/michael/bach_SD_128GB/emo_ws/emo2.0/install/emo_control/lib/python3.8/site-packages/emo_control
[2.002s] byte-compiling /media/michael/bach_SD_128GB/emo_ws/emo2.0/install/emo_control/lib/python3.8/site-packages/emo_control/__init__.py to __init__.cpython-38.pyc
[2.006s] byte-compiling /media/michael/bach_SD_128GB/emo_ws/emo2.0/install/emo_control/lib/python3.8/site-packages/emo_control/emo_proto_subscriber.py to emo_proto_subscriber.cpython-38.pyc
[2.007s] running install_data
[2.008s] creating /media/michael/bach_SD_128GB/emo_ws/emo2.0/install/emo_control/share/ament_index
[2.009s] creating /media/michael/bach_SD_128GB/emo_ws/emo2.0/install/emo_control/share/ament_index/resource_index
[2.009s] creating /media/michael/bach_SD_128GB/emo_ws/emo2.0/install/emo_control/share/ament_index/resource_index/packages
[2.010s] copying resource/emo_control -> /media/michael/bach_SD_128GB/emo_ws/emo2.0/install/emo_control/share/ament_index/resource_index/packages
[2.010s] copying package.xml -> /media/michael/bach_SD_128GB/emo_ws/emo2.0/install/emo_control/share/emo_control
[2.010s] running install_egg_info
[2.015s] Copying ../../build/emo_control/emo_control.egg-info to /media/michael/bach_SD_128GB/emo_ws/emo2.0/install/emo_control/lib/python3.8/site-packages/emo_control-0.0.1-py3.8.egg-info
[2.017s] running install_scripts
[2.082s] Installing control script to /media/michael/bach_SD_128GB/emo_ws/emo2.0/install/emo_control/lib/emo_control
[2.083s] writing list of installed files to '/media/michael/bach_SD_128GB/emo_ws/emo2.0/build/emo_control/install.log'
[2.516s] Invoked command in '/media/michael/bach_SD_128GB/emo_ws/emo2.0/src/emo_control' returned '0': PYTHONPATH=/media/michael/bach_SD_128GB/emo_ws/emo2.0/install/emo_control/lib/python3.8/site-packages:${PYTHONPATH} /usr/bin/python3 setup.py egg_info --egg-base ../../build/emo_control build --build-base /media/michael/bach_SD_128GB/emo_ws/emo2.0/build/emo_control/build install --prefix /media/michael/bach_SD_128GB/emo_ws/emo2.0/install/emo_control --record /media/michael/bach_SD_128GB/emo_ws/emo2.0/build/emo_control/install.log --single-version-externally-managed
