[0.072s] Invoking command in '/media/michael/bach_SD_128GB/emo_ws/emo2.0/build/examples_rclcpp_minimal_publisher': CMAKE_PREFIX_PATH=/opt/ros/foxy /usr/bin/cmake /media/michael/bach_SD_128GB/emo_ws/emo2.0/src/examples/rclcpp/topics/minimal_publisher -DCMAKE_INSTALL_PREFIX=/media/michael/bach_SD_128GB/emo_ws/emo2.0/install/examples_rclcpp_minimal_publisher
[0.555s] -- The C compiler identification is GNU 9.3.0
[0.933s] -- The CXX compiler identification is GNU 9.3.0
[0.994s] -- Check for working C compiler: /usr/bin/cc
[1.432s] -- Check for working C compiler: /usr/bin/cc -- works
[1.434s] -- Detecting C compiler ABI info
[1.828s] -- Detecting C compiler ABI info - done
[1.882s] -- Detecting C compile features
[1.884s] -- Detecting C compile features - done
[1.899s] -- Check for working CXX compiler: /usr/bin/c++
[2.407s] -- Check for working CXX compiler: /usr/bin/c++ -- works
[2.410s] -- Detecting CXX compiler ABI info
[2.872s] -- Detecting CXX compiler ABI info - done
[2.958s] -- Detecting CXX compile features
[2.958s] -- Detecting CXX compile features - done
[2.985s] -- Found ament_cmake: 0.9.8 (/opt/ros/foxy/share/ament_cmake/cmake)
[3.045s] -- Found PythonInterp: /usr/bin/python3 (found suitable version "3.8.5", minimum required is "3") 
[3.048s] -- Using PYTHON_EXECUTABLE: /usr/bin/python3
[3.988s] -- Found rclcpp: 2.3.0 (/opt/ros/foxy/share/rclcpp/cmake)
[4.101s] -- Using all available rosidl_typesupport_c: rosidl_typesupport_fastrtps_c;rosidl_typesupport_introspection_c
[4.117s] -- Found rosidl_adapter: 1.2.0 (/opt/ros/foxy/share/rosidl_adapter/cmake)
[4.312s] -- Found OpenSSL: /usr/lib/x86_64-linux-gnu/libcrypto.so (found version "1.1.1f")  
[4.385s] -- Found FastRTPS: /opt/ros/foxy/include  
[4.563s] -- Using all available rosidl_typesupport_cpp: rosidl_typesupport_fastrtps_cpp;rosidl_typesupport_introspection_cpp
[4.700s] -- Found rmw_implementation_cmake: 1.0.2 (/opt/ros/foxy/share/rmw_implementation_cmake/cmake)
[4.704s] -- Using RMW implementation 'rmw_fastrtps_cpp' as default
[4.705s] -- Looking for pthread.h
[4.896s] -- Looking for pthread.h - found
[4.897s] -- Performing Test CMAKE_HAVE_LIBC_PTHREAD
[5.147s] -- Performing Test CMAKE_HAVE_LIBC_PTHREAD - Failed
[5.149s] -- Looking for pthread_create in pthreads
[5.369s] -- Looking for pthread_create in pthreads - not found
[5.370s] -- Looking for pthread_create in pthread
[5.641s] -- Looking for pthread_create in pthread - found
[5.658s] -- Found Threads: TRUE  
[6.043s] -- Found ament_lint_auto: 0.9.6 (/opt/ros/foxy/share/ament_lint_auto/cmake)
[6.252s] -- Added test 'copyright' to check source files copyright and LICENSE
[6.255s] -- Added test 'cppcheck' to perform static code analysis on C / C++ code
[6.256s] -- Configured cppcheck include dirs: 
[6.257s] -- Configured cppcheck exclude dirs and/or files: 
[6.259s] -- Added test 'cpplint' to check C / C++ code against the Google style
[6.259s] -- Configured cpplint exclude dirs and/or files: 
[6.261s] -- Added test 'lint_cmake' to check CMake code style
[6.264s] -- Added test 'uncrustify' to check C / C++ code style
[6.264s] -- Configured uncrustify additional arguments: 
[6.266s] -- Added test 'xmllint' to check XML markup files
[6.274s] -- Configuring done
[6.311s] -- Generating done
[6.319s] -- Build files have been written to: /media/michael/bach_SD_128GB/emo_ws/emo2.0/build/examples_rclcpp_minimal_publisher
[6.340s] Invoked command in '/media/michael/bach_SD_128GB/emo_ws/emo2.0/build/examples_rclcpp_minimal_publisher' returned '0': CMAKE_PREFIX_PATH=/opt/ros/foxy /usr/bin/cmake /media/michael/bach_SD_128GB/emo_ws/emo2.0/src/examples/rclcpp/topics/minimal_publisher -DCMAKE_INSTALL_PREFIX=/media/michael/bach_SD_128GB/emo_ws/emo2.0/install/examples_rclcpp_minimal_publisher
[6.342s] Invoking command in '/media/michael/bach_SD_128GB/emo_ws/emo2.0/build/examples_rclcpp_minimal_publisher': CMAKE_PREFIX_PATH=/opt/ros/foxy /usr/bin/cmake --build /media/michael/bach_SD_128GB/emo_ws/emo2.0/build/examples_rclcpp_minimal_publisher -- -j4 -l4
[6.576s] [35m[1mScanning dependencies of target publisher_not_composable[0m
[6.663s] [ 16%] [32mBuilding CXX object CMakeFiles/publisher_not_composable.dir/not_composable.cpp.o[0m
[13.339s] [ 33%] [32m[1mLinking CXX executable publisher_not_composable[0m
[13.734s] [ 33%] Built target publisher_not_composable
[13.783s] [35m[1mScanning dependencies of target publisher_lambda[0m
[13.905s] [ 50%] [32mBuilding CXX object CMakeFiles/publisher_lambda.dir/lambda.cpp.o[0m
[20.683s] [ 66%] [32m[1mLinking CXX executable publisher_lambda[0m
[21.147s] [ 66%] Built target publisher_lambda
[21.166s] [35m[1mScanning dependencies of target publisher_member_function[0m
[21.248s] [ 83%] [32mBuilding CXX object CMakeFiles/publisher_member_function.dir/member_function.cpp.o[0m
[29.487s] [100%] [32m[1mLinking CXX executable publisher_member_function[0m
[30.301s] [100%] Built target publisher_member_function
[30.330s] Invoked command in '/media/michael/bach_SD_128GB/emo_ws/emo2.0/build/examples_rclcpp_minimal_publisher' returned '0': CMAKE_PREFIX_PATH=/opt/ros/foxy /usr/bin/cmake --build /media/michael/bach_SD_128GB/emo_ws/emo2.0/build/examples_rclcpp_minimal_publisher -- -j4 -l4
[30.416s] Invoking command in '/media/michael/bach_SD_128GB/emo_ws/emo2.0/build/examples_rclcpp_minimal_publisher': CMAKE_PREFIX_PATH=/opt/ros/foxy /usr/bin/cmake --install /media/michael/bach_SD_128GB/emo_ws/emo2.0/build/examples_rclcpp_minimal_publisher
[30.464s] -- Install configuration: ""
[30.464s] -- Installing: /media/michael/bach_SD_128GB/emo_ws/emo2.0/install/examples_rclcpp_minimal_publisher/lib/examples_rclcpp_minimal_publisher/publisher_lambda
[30.465s] -- Set runtime path of "/media/michael/bach_SD_128GB/emo_ws/emo2.0/install/examples_rclcpp_minimal_publisher/lib/examples_rclcpp_minimal_publisher/publisher_lambda" to ""
[30.465s] -- Installing: /media/michael/bach_SD_128GB/emo_ws/emo2.0/install/examples_rclcpp_minimal_publisher/lib/examples_rclcpp_minimal_publisher/publisher_member_function
[30.466s] -- Set runtime path of "/media/michael/bach_SD_128GB/emo_ws/emo2.0/install/examples_rclcpp_minimal_publisher/lib/examples_rclcpp_minimal_publisher/publisher_member_function" to ""
[30.466s] -- Installing: /media/michael/bach_SD_128GB/emo_ws/emo2.0/install/examples_rclcpp_minimal_publisher/lib/examples_rclcpp_minimal_publisher/publisher_not_composable
[30.469s] -- Set runtime path of "/media/michael/bach_SD_128GB/emo_ws/emo2.0/install/examples_rclcpp_minimal_publisher/lib/examples_rclcpp_minimal_publisher/publisher_not_composable" to ""
[30.471s] -- Installing: /media/michael/bach_SD_128GB/emo_ws/emo2.0/install/examples_rclcpp_minimal_publisher/share/ament_index/resource_index/package_run_dependencies/examples_rclcpp_minimal_publisher
[30.474s] -- Installing: /media/michael/bach_SD_128GB/emo_ws/emo2.0/install/examples_rclcpp_minimal_publisher/share/ament_index/resource_index/parent_prefix_path/examples_rclcpp_minimal_publisher
[30.475s] -- Installing: /media/michael/bach_SD_128GB/emo_ws/emo2.0/install/examples_rclcpp_minimal_publisher/share/examples_rclcpp_minimal_publisher/environment/ament_prefix_path.sh
[30.475s] -- Installing: /media/michael/bach_SD_128GB/emo_ws/emo2.0/install/examples_rclcpp_minimal_publisher/share/examples_rclcpp_minimal_publisher/environment/ament_prefix_path.dsv
[30.475s] -- Installing: /media/michael/bach_SD_128GB/emo_ws/emo2.0/install/examples_rclcpp_minimal_publisher/share/examples_rclcpp_minimal_publisher/environment/path.sh
[30.475s] -- Installing: /media/michael/bach_SD_128GB/emo_ws/emo2.0/install/examples_rclcpp_minimal_publisher/share/examples_rclcpp_minimal_publisher/environment/path.dsv
[30.476s] -- Installing: /media/michael/bach_SD_128GB/emo_ws/emo2.0/install/examples_rclcpp_minimal_publisher/share/examples_rclcpp_minimal_publisher/local_setup.bash
[30.477s] -- Installing: /media/michael/bach_SD_128GB/emo_ws/emo2.0/install/examples_rclcpp_minimal_publisher/share/examples_rclcpp_minimal_publisher/local_setup.sh
[30.478s] -- Installing: /media/michael/bach_SD_128GB/emo_ws/emo2.0/install/examples_rclcpp_minimal_publisher/share/examples_rclcpp_minimal_publisher/local_setup.zsh
[30.478s] -- Installing: /media/michael/bach_SD_128GB/emo_ws/emo2.0/install/examples_rclcpp_minimal_publisher/share/examples_rclcpp_minimal_publisher/local_setup.dsv
[30.479s] -- Installing: /media/michael/bach_SD_128GB/emo_ws/emo2.0/install/examples_rclcpp_minimal_publisher/share/examples_rclcpp_minimal_publisher/package.dsv
[30.480s] -- Installing: /media/michael/bach_SD_128GB/emo_ws/emo2.0/install/examples_rclcpp_minimal_publisher/share/ament_index/resource_index/packages/examples_rclcpp_minimal_publisher
[30.480s] -- Installing: /media/michael/bach_SD_128GB/emo_ws/emo2.0/install/examples_rclcpp_minimal_publisher/share/examples_rclcpp_minimal_publisher/cmake/examples_rclcpp_minimal_publisherConfig.cmake
[30.481s] -- Installing: /media/michael/bach_SD_128GB/emo_ws/emo2.0/install/examples_rclcpp_minimal_publisher/share/examples_rclcpp_minimal_publisher/cmake/examples_rclcpp_minimal_publisherConfig-version.cmake
[30.482s] -- Installing: /media/michael/bach_SD_128GB/emo_ws/emo2.0/install/examples_rclcpp_minimal_publisher/share/examples_rclcpp_minimal_publisher/package.xml
[30.493s] Invoked command in '/media/michael/bach_SD_128GB/emo_ws/emo2.0/build/examples_rclcpp_minimal_publisher' returned '0': CMAKE_PREFIX_PATH=/opt/ros/foxy /usr/bin/cmake --install /media/michael/bach_SD_128GB/emo_ws/emo2.0/build/examples_rclcpp_minimal_publisher
