[1.408s] Invoking command in '/media/michael/bach_SD_128GB/emo_ws/emo2.0/src/emo_3dvision': PYTHONPATH=/media/michael/bach_SD_128GB/emo_ws/emo2.0/install/emo_3dvision/lib/python3.8/site-packages:${PYTHONPATH} /usr/bin/python3 setup.py egg_info --egg-base ../../build/emo_3dvision build --build-base /media/michael/bach_SD_128GB/emo_ws/emo2.0/build/emo_3dvision/build install --prefix /media/michael/bach_SD_128GB/emo_ws/emo2.0/install/emo_3dvision --record /media/michael/bach_SD_128GB/emo_ws/emo2.0/build/emo_3dvision/install.log --single-version-externally-managed
[1.941s] running egg_info
[1.943s] writing ../../build/emo_3dvision/emo_3dvision.egg-info/PKG-INFO
[1.943s] writing dependency_links to ../../build/emo_3dvision/emo_3dvision.egg-info/dependency_links.txt
[1.943s] writing entry points to ../../build/emo_3dvision/emo_3dvision.egg-info/entry_points.txt
[1.944s] writing requirements to ../../build/emo_3dvision/emo_3dvision.egg-info/requires.txt
[1.944s] writing top-level names to ../../build/emo_3dvision/emo_3dvision.egg-info/top_level.txt
[2.014s] reading manifest file '../../build/emo_3dvision/emo_3dvision.egg-info/SOURCES.txt'
[2.017s] writing manifest file '../../build/emo_3dvision/emo_3dvision.egg-info/SOURCES.txt'
[2.017s] running build
[2.017s] running build_py
[2.018s] running install
[2.019s] running install_lib
[2.022s] running install_data
[2.023s] running install_egg_info
[2.026s] removing '/media/michael/bach_SD_128GB/emo_ws/emo2.0/install/emo_3dvision/lib/python3.8/site-packages/emo_3dvision-0.0.0-py3.8.egg-info' (and everything under it)
[2.027s] Copying ../../build/emo_3dvision/emo_3dvision.egg-info to /media/michael/bach_SD_128GB/emo_ws/emo2.0/install/emo_3dvision/lib/python3.8/site-packages/emo_3dvision-0.0.0-py3.8.egg-info
[2.028s] running install_scripts
[2.066s] writing list of installed files to '/media/michael/bach_SD_128GB/emo_ws/emo2.0/build/emo_3dvision/install.log'
[2.123s] Invoked command in '/media/michael/bach_SD_128GB/emo_ws/emo2.0/src/emo_3dvision' returned '0': PYTHONPATH=/media/michael/bach_SD_128GB/emo_ws/emo2.0/install/emo_3dvision/lib/python3.8/site-packages:${PYTHONPATH} /usr/bin/python3 setup.py egg_info --egg-base ../../build/emo_3dvision build --build-base /media/michael/bach_SD_128GB/emo_ws/emo2.0/build/emo_3dvision/build install --prefix /media/michael/bach_SD_128GB/emo_ws/emo2.0/install/emo_3dvision --record /media/michael/bach_SD_128GB/emo_ws/emo2.0/build/emo_3dvision/install.log --single-version-externally-managed
