[1.149s] Invoking command in '/media/michael/bach_SD_128GB/emo_ws/emo2.0/src/emo_proto': PYTHONPATH=/media/michael/bach_SD_128GB/emo_ws/emo2.0/install/emo_proto/lib/python3.8/site-packages:${PYTHONPATH} /usr/bin/python3 setup.py egg_info --egg-base ../../build/emo_proto build --build-base /media/michael/bach_SD_128GB/emo_ws/emo2.0/build/emo_proto/build install --prefix /media/michael/bach_SD_128GB/emo_ws/emo2.0/install/emo_proto --record /media/michael/bach_SD_128GB/emo_ws/emo2.0/build/emo_proto/install.log --single-version-externally-managed
[1.628s] running egg_info
[1.629s] writing ../../build/emo_proto/emo_proto.egg-info/PKG-INFO
[1.630s] writing dependency_links to ../../build/emo_proto/emo_proto.egg-info/dependency_links.txt
[1.630s] writing entry points to ../../build/emo_proto/emo_proto.egg-info/entry_points.txt
[1.631s] writing requirements to ../../build/emo_proto/emo_proto.egg-info/requires.txt
[1.631s] writing top-level names to ../../build/emo_proto/emo_proto.egg-info/top_level.txt
[1.699s] reading manifest file '../../build/emo_proto/emo_proto.egg-info/SOURCES.txt'
[1.701s] writing manifest file '../../build/emo_proto/emo_proto.egg-info/SOURCES.txt'
[1.701s] running build
[1.701s] running build_py
[1.701s] copying emo_proto/emo_proto_publisher.py -> /media/michael/bach_SD_128GB/emo_ws/emo2.0/build/emo_proto/build/lib/emo_proto
[1.702s] running install
[1.704s] running install_lib
[1.709s] copying /media/michael/bach_SD_128GB/emo_ws/emo2.0/build/emo_proto/build/lib/emo_proto/emo_proto_publisher.py -> /media/michael/bach_SD_128GB/emo_ws/emo2.0/install/emo_proto/lib/python3.8/site-packages/emo_proto
[1.709s] byte-compiling /media/michael/bach_SD_128GB/emo_ws/emo2.0/install/emo_proto/lib/python3.8/site-packages/emo_proto/emo_proto_publisher.py to emo_proto_publisher.cpython-38.pyc
[1.709s] running install_data
[1.710s] running install_egg_info
[1.713s] removing '/media/michael/bach_SD_128GB/emo_ws/emo2.0/install/emo_proto/lib/python3.8/site-packages/emo_proto-0.0.1-py3.8.egg-info' (and everything under it)
[1.714s] Copying ../../build/emo_proto/emo_proto.egg-info to /media/michael/bach_SD_128GB/emo_ws/emo2.0/install/emo_proto/lib/python3.8/site-packages/emo_proto-0.0.1-py3.8.egg-info
[1.716s] running install_scripts
[1.750s] Installing proto script to /media/michael/bach_SD_128GB/emo_ws/emo2.0/install/emo_proto/lib/emo_proto
[1.750s] writing list of installed files to '/media/michael/bach_SD_128GB/emo_ws/emo2.0/build/emo_proto/install.log'
[1.836s] Invoked command in '/media/michael/bach_SD_128GB/emo_ws/emo2.0/src/emo_proto' returned '0': PYTHONPATH=/media/michael/bach_SD_128GB/emo_ws/emo2.0/install/emo_proto/lib/python3.8/site-packages:${PYTHONPATH} /usr/bin/python3 setup.py egg_info --egg-base ../../build/emo_proto build --build-base /media/michael/bach_SD_128GB/emo_ws/emo2.0/build/emo_proto/build install --prefix /media/michael/bach_SD_128GB/emo_ws/emo2.0/install/emo_proto --record /media/michael/bach_SD_128GB/emo_ws/emo2.0/build/emo_proto/install.log --single-version-externally-managed
