[0.876s] Invoking command in '/media/michael/bach_SD_128GB/emo_ws/emo2.0/src/emo_lidar': PYTHONPATH=/media/michael/bach_SD_128GB/emo_ws/emo2.0/install/emo_lidar/lib/python3.8/site-packages:${PYTHONPATH} /usr/bin/python3 setup.py egg_info --egg-base ../../build/emo_lidar build --build-base /media/michael/bach_SD_128GB/emo_ws/emo2.0/build/emo_lidar/build install --prefix /media/michael/bach_SD_128GB/emo_ws/emo2.0/install/emo_lidar --record /media/michael/bach_SD_128GB/emo_ws/emo2.0/build/emo_lidar/install.log --single-version-externally-managed
[1.208s] running egg_info
[1.209s] writing ../../build/emo_lidar/emo_lidar.egg-info/PKG-INFO
[1.210s] writing dependency_links to ../../build/emo_lidar/emo_lidar.egg-info/dependency_links.txt
[1.215s] writing entry points to ../../build/emo_lidar/emo_lidar.egg-info/entry_points.txt
[1.215s] writing requirements to ../../build/emo_lidar/emo_lidar.egg-info/requires.txt
[1.216s] writing top-level names to ../../build/emo_lidar/emo_lidar.egg-info/top_level.txt
[1.235s] reading manifest file '../../build/emo_lidar/emo_lidar.egg-info/SOURCES.txt'
[1.241s] writing manifest file '../../build/emo_lidar/emo_lidar.egg-info/SOURCES.txt'
[1.241s] running build
[1.241s] running build_py
[1.241s] running install
[1.241s] running install_lib
[1.245s] running install_data
[1.245s] running install_egg_info
[1.246s] removing '/media/michael/bach_SD_128GB/emo_ws/emo2.0/install/emo_lidar/lib/python3.8/site-packages/emo_lidar-0.0.0-py3.8.egg-info' (and everything under it)
[1.249s] Copying ../../build/emo_lidar/emo_lidar.egg-info to /media/michael/bach_SD_128GB/emo_ws/emo2.0/install/emo_lidar/lib/python3.8/site-packages/emo_lidar-0.0.0-py3.8.egg-info
[1.249s] running install_scripts
[1.287s] writing list of installed files to '/media/michael/bach_SD_128GB/emo_ws/emo2.0/build/emo_lidar/install.log'
[1.635s] Invoked command in '/media/michael/bach_SD_128GB/emo_ws/emo2.0/src/emo_lidar' returned '0': PYTHONPATH=/media/michael/bach_SD_128GB/emo_ws/emo2.0/install/emo_lidar/lib/python3.8/site-packages:${PYTHONPATH} /usr/bin/python3 setup.py egg_info --egg-base ../../build/emo_lidar build --build-base /media/michael/bach_SD_128GB/emo_ws/emo2.0/build/emo_lidar/build install --prefix /media/michael/bach_SD_128GB/emo_ws/emo2.0/install/emo_lidar --record /media/michael/bach_SD_128GB/emo_ws/emo2.0/build/emo_lidar/install.log --single-version-externally-managed
