[0.831s] Invoking command in '/media/michael/bach_SD_128GB/emo_ws/emo2.0/src/examples/rclpy/topics/minimal_publisher': PYTHONPATH=/media/michael/bach_SD_128GB/emo_ws/emo2.0/install/examples_rclpy_minimal_publisher/lib/python3.8/site-packages:${PYTHONPATH} /usr/bin/python3 setup.py egg_info --egg-base ../../../../../build/examples_rclpy_minimal_publisher build --build-base /media/michael/bach_SD_128GB/emo_ws/emo2.0/build/examples_rclpy_minimal_publisher/build install --prefix /media/michael/bach_SD_128GB/emo_ws/emo2.0/install/examples_rclpy_minimal_publisher --record /media/michael/bach_SD_128GB/emo_ws/emo2.0/build/examples_rclpy_minimal_publisher/install.log --single-version-externally-managed
[1.537s] running egg_info
[1.538s] creating ../../../../../build/examples_rclpy_minimal_publisher/examples_rclpy_minimal_publisher.egg-info
[1.539s] writing ../../../../../build/examples_rclpy_minimal_publisher/examples_rclpy_minimal_publisher.egg-info/PKG-INFO
[1.539s] writing dependency_links to ../../../../../build/examples_rclpy_minimal_publisher/examples_rclpy_minimal_publisher.egg-info/dependency_links.txt
[1.540s] writing entry points to ../../../../../build/examples_rclpy_minimal_publisher/examples_rclpy_minimal_publisher.egg-info/entry_points.txt
[1.540s] writing requirements to ../../../../../build/examples_rclpy_minimal_publisher/examples_rclpy_minimal_publisher.egg-info/requires.txt
[1.540s] writing top-level names to ../../../../../build/examples_rclpy_minimal_publisher/examples_rclpy_minimal_publisher.egg-info/top_level.txt
[1.543s] writing manifest file '../../../../../build/examples_rclpy_minimal_publisher/examples_rclpy_minimal_publisher.egg-info/SOURCES.txt'
[1.623s] reading manifest file '../../../../../build/examples_rclpy_minimal_publisher/examples_rclpy_minimal_publisher.egg-info/SOURCES.txt'
[1.625s] writing manifest file '../../../../../build/examples_rclpy_minimal_publisher/examples_rclpy_minimal_publisher.egg-info/SOURCES.txt'
[1.625s] running build
[1.625s] running build_py
[1.625s] creating /media/michael/bach_SD_128GB/emo_ws/emo2.0/build/examples_rclpy_minimal_publisher/build
[1.626s] creating /media/michael/bach_SD_128GB/emo_ws/emo2.0/build/examples_rclpy_minimal_publisher/build/lib
[1.626s] creating /media/michael/bach_SD_128GB/emo_ws/emo2.0/build/examples_rclpy_minimal_publisher/build/lib/examples_rclpy_minimal_publisher
[1.626s] copying examples_rclpy_minimal_publisher/publisher_member_function.py -> /media/michael/bach_SD_128GB/emo_ws/emo2.0/build/examples_rclpy_minimal_publisher/build/lib/examples_rclpy_minimal_publisher
[1.626s] copying examples_rclpy_minimal_publisher/publisher_local_function.py -> /media/michael/bach_SD_128GB/emo_ws/emo2.0/build/examples_rclpy_minimal_publisher/build/lib/examples_rclpy_minimal_publisher
[1.627s] copying examples_rclpy_minimal_publisher/__init__.py -> /media/michael/bach_SD_128GB/emo_ws/emo2.0/build/examples_rclpy_minimal_publisher/build/lib/examples_rclpy_minimal_publisher
[1.627s] copying examples_rclpy_minimal_publisher/publisher_old_school.py -> /media/michael/bach_SD_128GB/emo_ws/emo2.0/build/examples_rclpy_minimal_publisher/build/lib/examples_rclpy_minimal_publisher
[1.627s] running install
[1.629s] running install_lib
[1.630s] creating /media/michael/bach_SD_128GB/emo_ws/emo2.0/install/examples_rclpy_minimal_publisher/lib/python3.8/site-packages/examples_rclpy_minimal_publisher
[1.631s] copying /media/michael/bach_SD_128GB/emo_ws/emo2.0/build/examples_rclpy_minimal_publisher/build/lib/examples_rclpy_minimal_publisher/publisher_member_function.py -> /media/michael/bach_SD_128GB/emo_ws/emo2.0/install/examples_rclpy_minimal_publisher/lib/python3.8/site-packages/examples_rclpy_minimal_publisher
[1.631s] copying /media/michael/bach_SD_128GB/emo_ws/emo2.0/build/examples_rclpy_minimal_publisher/build/lib/examples_rclpy_minimal_publisher/publisher_local_function.py -> /media/michael/bach_SD_128GB/emo_ws/emo2.0/install/examples_rclpy_minimal_publisher/lib/python3.8/site-packages/examples_rclpy_minimal_publisher
[1.631s] copying /media/michael/bach_SD_128GB/emo_ws/emo2.0/build/examples_rclpy_minimal_publisher/build/lib/examples_rclpy_minimal_publisher/__init__.py -> /media/michael/bach_SD_128GB/emo_ws/emo2.0/install/examples_rclpy_minimal_publisher/lib/python3.8/site-packages/examples_rclpy_minimal_publisher
[1.631s] copying /media/michael/bach_SD_128GB/emo_ws/emo2.0/build/examples_rclpy_minimal_publisher/build/lib/examples_rclpy_minimal_publisher/publisher_old_school.py -> /media/michael/bach_SD_128GB/emo_ws/emo2.0/install/examples_rclpy_minimal_publisher/lib/python3.8/site-packages/examples_rclpy_minimal_publisher
[1.632s] byte-compiling /media/michael/bach_SD_128GB/emo_ws/emo2.0/install/examples_rclpy_minimal_publisher/lib/python3.8/site-packages/examples_rclpy_minimal_publisher/publisher_member_function.py to publisher_member_function.cpython-38.pyc
[1.635s] byte-compiling /media/michael/bach_SD_128GB/emo_ws/emo2.0/install/examples_rclpy_minimal_publisher/lib/python3.8/site-packages/examples_rclpy_minimal_publisher/publisher_local_function.py to publisher_local_function.cpython-38.pyc
[1.636s] byte-compiling /media/michael/bach_SD_128GB/emo_ws/emo2.0/install/examples_rclpy_minimal_publisher/lib/python3.8/site-packages/examples_rclpy_minimal_publisher/__init__.py to __init__.cpython-38.pyc
[1.636s] byte-compiling /media/michael/bach_SD_128GB/emo_ws/emo2.0/install/examples_rclpy_minimal_publisher/lib/python3.8/site-packages/examples_rclpy_minimal_publisher/publisher_old_school.py to publisher_old_school.cpython-38.pyc
[1.637s] running install_data
[1.638s] creating /media/michael/bach_SD_128GB/emo_ws/emo2.0/install/examples_rclpy_minimal_publisher/share/ament_index
[1.638s] creating /media/michael/bach_SD_128GB/emo_ws/emo2.0/install/examples_rclpy_minimal_publisher/share/ament_index/resource_index
[1.639s] creating /media/michael/bach_SD_128GB/emo_ws/emo2.0/install/examples_rclpy_minimal_publisher/share/ament_index/resource_index/packages
[1.639s] copying resource/examples_rclpy_minimal_publisher -> /media/michael/bach_SD_128GB/emo_ws/emo2.0/install/examples_rclpy_minimal_publisher/share/ament_index/resource_index/packages
[1.639s] copying package.xml -> /media/michael/bach_SD_128GB/emo_ws/emo2.0/install/examples_rclpy_minimal_publisher/share/examples_rclpy_minimal_publisher
[1.639s] running install_egg_info
[1.642s] Copying ../../../../../build/examples_rclpy_minimal_publisher/examples_rclpy_minimal_publisher.egg-info to /media/michael/bach_SD_128GB/emo_ws/emo2.0/install/examples_rclpy_minimal_publisher/lib/python3.8/site-packages/examples_rclpy_minimal_publisher-0.9.4-py3.8.egg-info
[1.644s] running install_scripts
[1.725s] Installing publisher_local_function script to /media/michael/bach_SD_128GB/emo_ws/emo2.0/install/examples_rclpy_minimal_publisher/lib/examples_rclpy_minimal_publisher
[1.725s] Installing publisher_member_function script to /media/michael/bach_SD_128GB/emo_ws/emo2.0/install/examples_rclpy_minimal_publisher/lib/examples_rclpy_minimal_publisher
[1.725s] Installing publisher_old_school script to /media/michael/bach_SD_128GB/emo_ws/emo2.0/install/examples_rclpy_minimal_publisher/lib/examples_rclpy_minimal_publisher
[1.725s] writing list of installed files to '/media/michael/bach_SD_128GB/emo_ws/emo2.0/build/examples_rclpy_minimal_publisher/install.log'
[1.825s] Invoked command in '/media/michael/bach_SD_128GB/emo_ws/emo2.0/src/examples/rclpy/topics/minimal_publisher' returned '0': PYTHONPATH=/media/michael/bach_SD_128GB/emo_ws/emo2.0/install/examples_rclpy_minimal_publisher/lib/python3.8/site-packages:${PYTHONPATH} /usr/bin/python3 setup.py egg_info --egg-base ../../../../../build/examples_rclpy_minimal_publisher build --build-base /media/michael/bach_SD_128GB/emo_ws/emo2.0/build/examples_rclpy_minimal_publisher/build install --prefix /media/michael/bach_SD_128GB/emo_ws/emo2.0/install/examples_rclpy_minimal_publisher --record /media/michael/bach_SD_128GB/emo_ws/emo2.0/build/examples_rclpy_minimal_publisher/install.log --single-version-externally-managed
