[0.478s] Invoking command in '/media/michael/bach_SD_128GB/emo_ws/emo2.0/src/emo_lidar': PYTHONPATH=/media/michael/bach_SD_128GB/emo_ws/emo2.0/install/emo_lidar/lib/python3.8/site-packages:${PYTHONPATH} /usr/bin/python3 setup.py egg_info --egg-base ../../build/emo_lidar build --build-base /media/michael/bach_SD_128GB/emo_ws/emo2.0/build/emo_lidar/build install --prefix /media/michael/bach_SD_128GB/emo_ws/emo2.0/install/emo_lidar --record /media/michael/bach_SD_128GB/emo_ws/emo2.0/build/emo_lidar/install.log --single-version-externally-managed
[0.791s] running egg_info
[0.792s] writing ../../build/emo_lidar/emo_lidar.egg-info/PKG-INFO
[0.793s] writing dependency_links to ../../build/emo_lidar/emo_lidar.egg-info/dependency_links.txt
[0.793s] writing entry points to ../../build/emo_lidar/emo_lidar.egg-info/entry_points.txt
[0.793s] writing requirements to ../../build/emo_lidar/emo_lidar.egg-info/requires.txt
[0.793s] writing top-level names to ../../build/emo_lidar/emo_lidar.egg-info/top_level.txt
[0.854s] reading manifest file '../../build/emo_lidar/emo_lidar.egg-info/SOURCES.txt'
[0.857s] writing manifest file '../../build/emo_lidar/emo_lidar.egg-info/SOURCES.txt'
[0.857s] running build
[0.858s] running build_py
[0.858s] running install
[0.860s] running install_lib
[0.864s] running install_data
[0.865s] running install_egg_info
[0.869s] removing '/media/michael/bach_SD_128GB/emo_ws/emo2.0/install/emo_lidar/lib/python3.8/site-packages/emo_lidar-0.0.0-py3.8.egg-info' (and everything under it)
[0.870s] Copying ../../build/emo_lidar/emo_lidar.egg-info to /media/michael/bach_SD_128GB/emo_ws/emo2.0/install/emo_lidar/lib/python3.8/site-packages/emo_lidar-0.0.0-py3.8.egg-info
[0.871s] running install_scripts
[0.895s] writing list of installed files to '/media/michael/bach_SD_128GB/emo_ws/emo2.0/build/emo_lidar/install.log'
[1.412s] Invoked command in '/media/michael/bach_SD_128GB/emo_ws/emo2.0/src/emo_lidar' returned '0': PYTHONPATH=/media/michael/bach_SD_128GB/emo_ws/emo2.0/install/emo_lidar/lib/python3.8/site-packages:${PYTHONPATH} /usr/bin/python3 setup.py egg_info --egg-base ../../build/emo_lidar build --build-base /media/michael/bach_SD_128GB/emo_ws/emo2.0/build/emo_lidar/build install --prefix /media/michael/bach_SD_128GB/emo_ws/emo2.0/install/emo_lidar --record /media/michael/bach_SD_128GB/emo_ws/emo2.0/build/emo_lidar/install.log --single-version-externally-managed
