[0.736s] Invoking command in '/media/michael/bach_SD_128GB/emo_ws/emo2.0/src/emo_lidar': PYTHONPATH=/media/michael/bach_SD_128GB/emo_ws/emo2.0/install/emo_lidar/lib/python3.8/site-packages:${PYTHONPATH} /usr/bin/python3 setup.py egg_info --egg-base ../../build/emo_lidar build --build-base /media/michael/bach_SD_128GB/emo_ws/emo2.0/build/emo_lidar/build install --prefix /media/michael/bach_SD_128GB/emo_ws/emo2.0/install/emo_lidar --record /media/michael/bach_SD_128GB/emo_ws/emo2.0/build/emo_lidar/install.log --single-version-externally-managed
[1.203s] running egg_info
[1.203s] creating ../../build/emo_lidar/emo_lidar.egg-info
[1.203s] writing ../../build/emo_lidar/emo_lidar.egg-info/PKG-INFO
[1.207s] writing dependency_links to ../../build/emo_lidar/emo_lidar.egg-info/dependency_links.txt
[1.208s] writing entry points to ../../build/emo_lidar/emo_lidar.egg-info/entry_points.txt
[1.208s] writing requirements to ../../build/emo_lidar/emo_lidar.egg-info/requires.txt
[1.209s] writing top-level names to ../../build/emo_lidar/emo_lidar.egg-info/top_level.txt
[1.209s] writing manifest file '../../build/emo_lidar/emo_lidar.egg-info/SOURCES.txt'
[1.219s] reading manifest file '../../build/emo_lidar/emo_lidar.egg-info/SOURCES.txt'
[1.220s] writing manifest file '../../build/emo_lidar/emo_lidar.egg-info/SOURCES.txt'
[1.221s] running build
[1.221s] running build_py
[1.221s] creating /media/michael/bach_SD_128GB/emo_ws/emo2.0/build/emo_lidar/build
[1.221s] creating /media/michael/bach_SD_128GB/emo_ws/emo2.0/build/emo_lidar/build/lib
[1.221s] creating /media/michael/bach_SD_128GB/emo_ws/emo2.0/build/emo_lidar/build/lib/emo_lidar
[1.222s] copying emo_lidar/__init__.py -> /media/michael/bach_SD_128GB/emo_ws/emo2.0/build/emo_lidar/build/lib/emo_lidar
[1.222s] running install
[1.222s] running install_lib
[1.224s] creating /media/michael/bach_SD_128GB/emo_ws/emo2.0/install/emo_lidar/lib/python3.8/site-packages/emo_lidar
[1.224s] copying /media/michael/bach_SD_128GB/emo_ws/emo2.0/build/emo_lidar/build/lib/emo_lidar/__init__.py -> /media/michael/bach_SD_128GB/emo_ws/emo2.0/install/emo_lidar/lib/python3.8/site-packages/emo_lidar
[1.225s] byte-compiling /media/michael/bach_SD_128GB/emo_ws/emo2.0/install/emo_lidar/lib/python3.8/site-packages/emo_lidar/__init__.py to __init__.cpython-38.pyc
[1.226s] running install_data
[1.227s] creating /media/michael/bach_SD_128GB/emo_ws/emo2.0/install/emo_lidar/share/ament_index
[1.228s] creating /media/michael/bach_SD_128GB/emo_ws/emo2.0/install/emo_lidar/share/ament_index/resource_index
[1.228s] creating /media/michael/bach_SD_128GB/emo_ws/emo2.0/install/emo_lidar/share/ament_index/resource_index/packages
[1.228s] copying resource/emo_lidar -> /media/michael/bach_SD_128GB/emo_ws/emo2.0/install/emo_lidar/share/ament_index/resource_index/packages
[1.229s] copying package.xml -> /media/michael/bach_SD_128GB/emo_ws/emo2.0/install/emo_lidar/share/emo_lidar
[1.229s] running install_egg_info
[1.231s] Copying ../../build/emo_lidar/emo_lidar.egg-info to /media/michael/bach_SD_128GB/emo_ws/emo2.0/install/emo_lidar/lib/python3.8/site-packages/emo_lidar-0.0.0-py3.8.egg-info
[1.232s] running install_scripts
[1.255s] writing list of installed files to '/media/michael/bach_SD_128GB/emo_ws/emo2.0/build/emo_lidar/install.log'
[1.562s] Invoked command in '/media/michael/bach_SD_128GB/emo_ws/emo2.0/src/emo_lidar' returned '0': PYTHONPATH=/media/michael/bach_SD_128GB/emo_ws/emo2.0/install/emo_lidar/lib/python3.8/site-packages:${PYTHONPATH} /usr/bin/python3 setup.py egg_info --egg-base ../../build/emo_lidar build --build-base /media/michael/bach_SD_128GB/emo_ws/emo2.0/build/emo_lidar/build install --prefix /media/michael/bach_SD_128GB/emo_ws/emo2.0/install/emo_lidar --record /media/michael/bach_SD_128GB/emo_ws/emo2.0/build/emo_lidar/install.log --single-version-externally-managed
