[0.809s] Invoking command in '/media/michael/bach_SD_128GB/emo_ws/emo2.0/src/emo_proximity': PYTHONPATH=/media/michael/bach_SD_128GB/emo_ws/emo2.0/install/emo_proximity/lib/python3.8/site-packages:${PYTHONPATH} /usr/bin/python3 setup.py egg_info --egg-base ../../build/emo_proximity build --build-base /media/michael/bach_SD_128GB/emo_ws/emo2.0/build/emo_proximity/build install --prefix /media/michael/bach_SD_128GB/emo_ws/emo2.0/install/emo_proximity --record /media/michael/bach_SD_128GB/emo_ws/emo2.0/build/emo_proximity/install.log --single-version-externally-managed
[1.313s] running egg_info
[1.318s] writing ../../build/emo_proximity/emo_proximity.egg-info/PKG-INFO
[1.320s] writing dependency_links to ../../build/emo_proximity/emo_proximity.egg-info/dependency_links.txt
[1.320s] writing entry points to ../../build/emo_proximity/emo_proximity.egg-info/entry_points.txt
[1.321s] writing requirements to ../../build/emo_proximity/emo_proximity.egg-info/requires.txt
[1.321s] writing top-level names to ../../build/emo_proximity/emo_proximity.egg-info/top_level.txt
[1.389s] reading manifest file '../../build/emo_proximity/emo_proximity.egg-info/SOURCES.txt'
[1.390s] writing manifest file '../../build/emo_proximity/emo_proximity.egg-info/SOURCES.txt'
[1.391s] running build
[1.391s] running build_py
[1.391s] running install
[1.393s] running install_lib
[1.396s] running install_data
[1.397s] running install_egg_info
[1.400s] removing '/media/michael/bach_SD_128GB/emo_ws/emo2.0/install/emo_proximity/lib/python3.8/site-packages/emo_proximity-0.0.0-py3.8.egg-info' (and everything under it)
[1.400s] Copying ../../build/emo_proximity/emo_proximity.egg-info to /media/michael/bach_SD_128GB/emo_ws/emo2.0/install/emo_proximity/lib/python3.8/site-packages/emo_proximity-0.0.0-py3.8.egg-info
[1.402s] running install_scripts
[1.425s] writing list of installed files to '/media/michael/bach_SD_128GB/emo_ws/emo2.0/build/emo_proximity/install.log'
[1.662s] Invoked command in '/media/michael/bach_SD_128GB/emo_ws/emo2.0/src/emo_proximity' returned '0': PYTHONPATH=/media/michael/bach_SD_128GB/emo_ws/emo2.0/install/emo_proximity/lib/python3.8/site-packages:${PYTHONPATH} /usr/bin/python3 setup.py egg_info --egg-base ../../build/emo_proximity build --build-base /media/michael/bach_SD_128GB/emo_ws/emo2.0/build/emo_proximity/build install --prefix /media/michael/bach_SD_128GB/emo_ws/emo2.0/install/emo_proximity --record /media/michael/bach_SD_128GB/emo_ws/emo2.0/build/emo_proximity/install.log --single-version-externally-managed
