[0.512s] Invoking command in '/media/michael/bach_SD_128GB/emo_ws/emo2.0/src/emo_voice': PYTHONPATH=/media/michael/bach_SD_128GB/emo_ws/emo2.0/install/emo_voice/lib/python3.8/site-packages:${PYTHONPATH} /usr/bin/python3 setup.py egg_info --egg-base ../../build/emo_voice build --build-base /media/michael/bach_SD_128GB/emo_ws/emo2.0/build/emo_voice/build install --prefix /media/michael/bach_SD_128GB/emo_ws/emo2.0/install/emo_voice --record /media/michael/bach_SD_128GB/emo_ws/emo2.0/build/emo_voice/install.log --single-version-externally-managed
[1.116s] running egg_info
[1.116s] writing ../../build/emo_voice/emo_voice.egg-info/PKG-INFO
[1.116s] writing dependency_links to ../../build/emo_voice/emo_voice.egg-info/dependency_links.txt
[1.117s] writing entry points to ../../build/emo_voice/emo_voice.egg-info/entry_points.txt
[1.117s] writing requirements to ../../build/emo_voice/emo_voice.egg-info/requires.txt
[1.117s] writing top-level names to ../../build/emo_voice/emo_voice.egg-info/top_level.txt
[1.212s] reading manifest file '../../build/emo_voice/emo_voice.egg-info/SOURCES.txt'
[1.212s] writing manifest file '../../build/emo_voice/emo_voice.egg-info/SOURCES.txt'
[1.212s] running build
[1.213s] running build_py
[1.213s] running install
[1.214s] running install_lib
[1.214s] running install_data
[1.214s] running install_egg_info
[1.219s] removing '/media/michael/bach_SD_128GB/emo_ws/emo2.0/install/emo_voice/lib/python3.8/site-packages/emo_voice-0.0.0-py3.8.egg-info' (and everything under it)
[1.222s] Copying ../../build/emo_voice/emo_voice.egg-info to /media/michael/bach_SD_128GB/emo_ws/emo2.0/install/emo_voice/lib/python3.8/site-packages/emo_voice-0.0.0-py3.8.egg-info
[1.229s] running install_scripts
[1.295s] writing list of installed files to '/media/michael/bach_SD_128GB/emo_ws/emo2.0/build/emo_voice/install.log'
[1.362s] Invoked command in '/media/michael/bach_SD_128GB/emo_ws/emo2.0/src/emo_voice' returned '0': PYTHONPATH=/media/michael/bach_SD_128GB/emo_ws/emo2.0/install/emo_voice/lib/python3.8/site-packages:${PYTHONPATH} /usr/bin/python3 setup.py egg_info --egg-base ../../build/emo_voice build --build-base /media/michael/bach_SD_128GB/emo_ws/emo2.0/build/emo_voice/build install --prefix /media/michael/bach_SD_128GB/emo_ws/emo2.0/install/emo_voice --record /media/michael/bach_SD_128GB/emo_ws/emo2.0/build/emo_voice/install.log --single-version-externally-managed
