[1.385s] Invoking command in '/media/michael/bach_SD_128GB/emo_ws/emo2.0/src/emo_head': PYTHONPATH=/media/michael/bach_SD_128GB/emo_ws/emo2.0/install/emo_head/lib/python3.8/site-packages:${PYTHONPATH} /usr/bin/python3 setup.py egg_info --egg-base ../../build/emo_head build --build-base /media/michael/bach_SD_128GB/emo_ws/emo2.0/build/emo_head/build install --prefix /media/michael/bach_SD_128GB/emo_ws/emo2.0/install/emo_head --record /media/michael/bach_SD_128GB/emo_ws/emo2.0/build/emo_head/install.log --single-version-externally-managed
[1.913s] running egg_info
[1.920s] writing ../../build/emo_head/emo_head.egg-info/PKG-INFO
[1.931s] writing dependency_links to ../../build/emo_head/emo_head.egg-info/dependency_links.txt
[1.933s] writing entry points to ../../build/emo_head/emo_head.egg-info/entry_points.txt
[1.934s] writing requirements to ../../build/emo_head/emo_head.egg-info/requires.txt
[1.934s] writing top-level names to ../../build/emo_head/emo_head.egg-info/top_level.txt
[2.079s] reading manifest file '../../build/emo_head/emo_head.egg-info/SOURCES.txt'
[2.081s] writing manifest file '../../build/emo_head/emo_head.egg-info/SOURCES.txt'
[2.081s] running build
[2.081s] running build_py
[2.081s] running install
[2.083s] running install_lib
[2.090s] running install_data
[2.090s] running install_egg_info
[2.092s] removing '/media/michael/bach_SD_128GB/emo_ws/emo2.0/install/emo_head/lib/python3.8/site-packages/emo_head-0.0.0-py3.8.egg-info' (and everything under it)
[2.093s] Copying ../../build/emo_head/emo_head.egg-info to /media/michael/bach_SD_128GB/emo_ws/emo2.0/install/emo_head/lib/python3.8/site-packages/emo_head-0.0.0-py3.8.egg-info
[2.095s] running install_scripts
[2.158s] writing list of installed files to '/media/michael/bach_SD_128GB/emo_ws/emo2.0/build/emo_head/install.log'
[2.489s] Invoked command in '/media/michael/bach_SD_128GB/emo_ws/emo2.0/src/emo_head' returned '0': PYTHONPATH=/media/michael/bach_SD_128GB/emo_ws/emo2.0/install/emo_head/lib/python3.8/site-packages:${PYTHONPATH} /usr/bin/python3 setup.py egg_info --egg-base ../../build/emo_head build --build-base /media/michael/bach_SD_128GB/emo_ws/emo2.0/build/emo_head/build install --prefix /media/michael/bach_SD_128GB/emo_ws/emo2.0/install/emo_head --record /media/michael/bach_SD_128GB/emo_ws/emo2.0/build/emo_head/install.log --single-version-externally-managed
