[0.801s] Invoking command in '/media/michael/bach_SD_128GB/emo_ws/emo2.0/src/examples/rclpy/services/minimal_service': PYTHONPATH=/media/michael/bach_SD_128GB/emo_ws/emo2.0/install/examples_rclpy_minimal_service/lib/python3.8/site-packages:${PYTHONPATH} /usr/bin/python3 setup.py egg_info --egg-base ../../../../../build/examples_rclpy_minimal_service build --build-base /media/michael/bach_SD_128GB/emo_ws/emo2.0/build/examples_rclpy_minimal_service/build install --prefix /media/michael/bach_SD_128GB/emo_ws/emo2.0/install/examples_rclpy_minimal_service --record /media/michael/bach_SD_128GB/emo_ws/emo2.0/build/examples_rclpy_minimal_service/install.log --single-version-externally-managed
[1.332s] running egg_info
[1.334s] writing ../../../../../build/examples_rclpy_minimal_service/examples_rclpy_minimal_service.egg-info/PKG-INFO
[1.338s] writing dependency_links to ../../../../../build/examples_rclpy_minimal_service/examples_rclpy_minimal_service.egg-info/dependency_links.txt
[1.338s] writing entry points to ../../../../../build/examples_rclpy_minimal_service/examples_rclpy_minimal_service.egg-info/entry_points.txt
[1.339s] writing requirements to ../../../../../build/examples_rclpy_minimal_service/examples_rclpy_minimal_service.egg-info/requires.txt
[1.341s] writing top-level names to ../../../../../build/examples_rclpy_minimal_service/examples_rclpy_minimal_service.egg-info/top_level.txt
[1.424s] reading manifest file '../../../../../build/examples_rclpy_minimal_service/examples_rclpy_minimal_service.egg-info/SOURCES.txt'
[1.427s] writing manifest file '../../../../../build/examples_rclpy_minimal_service/examples_rclpy_minimal_service.egg-info/SOURCES.txt'
[1.427s] running build
[1.427s] running build_py
[1.428s] running install
[1.432s] running install_lib
[1.442s] running install_data
[1.446s] running install_egg_info
[1.448s] removing '/media/michael/bach_SD_128GB/emo_ws/emo2.0/install/examples_rclpy_minimal_service/lib/python3.8/site-packages/examples_rclpy_minimal_service-0.9.4-py3.8.egg-info' (and everything under it)
[1.449s] Copying ../../../../../build/examples_rclpy_minimal_service/examples_rclpy_minimal_service.egg-info to /media/michael/bach_SD_128GB/emo_ws/emo2.0/install/examples_rclpy_minimal_service/lib/python3.8/site-packages/examples_rclpy_minimal_service-0.9.4-py3.8.egg-info
[1.453s] running install_scripts
[1.498s] Installing service script to /media/michael/bach_SD_128GB/emo_ws/emo2.0/install/examples_rclpy_minimal_service/lib/examples_rclpy_minimal_service
[1.498s] Installing service_member_function script to /media/michael/bach_SD_128GB/emo_ws/emo2.0/install/examples_rclpy_minimal_service/lib/examples_rclpy_minimal_service
[1.498s] writing list of installed files to '/media/michael/bach_SD_128GB/emo_ws/emo2.0/build/examples_rclpy_minimal_service/install.log'
[1.548s] Invoked command in '/media/michael/bach_SD_128GB/emo_ws/emo2.0/src/examples/rclpy/services/minimal_service' returned '0': PYTHONPATH=/media/michael/bach_SD_128GB/emo_ws/emo2.0/install/examples_rclpy_minimal_service/lib/python3.8/site-packages:${PYTHONPATH} /usr/bin/python3 setup.py egg_info --egg-base ../../../../../build/examples_rclpy_minimal_service build --build-base /media/michael/bach_SD_128GB/emo_ws/emo2.0/build/examples_rclpy_minimal_service/build install --prefix /media/michael/bach_SD_128GB/emo_ws/emo2.0/install/examples_rclpy_minimal_service --record /media/michael/bach_SD_128GB/emo_ws/emo2.0/build/examples_rclpy_minimal_service/install.log --single-version-externally-managed
