[1.387s] Invoking command in '/media/michael/bach_SD_128GB/emo_ws/emo2.0/src/emo_drive': PYTHONPATH=/media/michael/bach_SD_128GB/emo_ws/emo2.0/install/emo_drive/lib/python3.8/site-packages:${PYTHONPATH} /usr/bin/python3 setup.py egg_info --egg-base ../../build/emo_drive build --build-base /media/michael/bach_SD_128GB/emo_ws/emo2.0/build/emo_drive/build install --prefix /media/michael/bach_SD_128GB/emo_ws/emo2.0/install/emo_drive --record /media/michael/bach_SD_128GB/emo_ws/emo2.0/build/emo_drive/install.log --single-version-externally-managed
[1.978s] running egg_info
[1.979s] writing ../../build/emo_drive/emo_drive.egg-info/PKG-INFO
[1.979s] writing dependency_links to ../../build/emo_drive/emo_drive.egg-info/dependency_links.txt
[1.979s] writing entry points to ../../build/emo_drive/emo_drive.egg-info/entry_points.txt
[1.979s] writing requirements to ../../build/emo_drive/emo_drive.egg-info/requires.txt
[1.979s] writing top-level names to ../../build/emo_drive/emo_drive.egg-info/top_level.txt
[2.043s] reading manifest file '../../build/emo_drive/emo_drive.egg-info/SOURCES.txt'
[2.044s] writing manifest file '../../build/emo_drive/emo_drive.egg-info/SOURCES.txt'
[2.044s] running build
[2.044s] running build_py
[2.045s] running install
[2.046s] running install_lib
[2.049s] running install_data
[2.050s] running install_egg_info
[2.053s] removing '/media/michael/bach_SD_128GB/emo_ws/emo2.0/install/emo_drive/lib/python3.8/site-packages/emo_drive-0.0.0-py3.8.egg-info' (and everything under it)
[2.054s] Copying ../../build/emo_drive/emo_drive.egg-info to /media/michael/bach_SD_128GB/emo_ws/emo2.0/install/emo_drive/lib/python3.8/site-packages/emo_drive-0.0.0-py3.8.egg-info
[2.056s] running install_scripts
[2.092s] writing list of installed files to '/media/michael/bach_SD_128GB/emo_ws/emo2.0/build/emo_drive/install.log'
[2.482s] Invoked command in '/media/michael/bach_SD_128GB/emo_ws/emo2.0/src/emo_drive' returned '0': PYTHONPATH=/media/michael/bach_SD_128GB/emo_ws/emo2.0/install/emo_drive/lib/python3.8/site-packages:${PYTHONPATH} /usr/bin/python3 setup.py egg_info --egg-base ../../build/emo_drive build --build-base /media/michael/bach_SD_128GB/emo_ws/emo2.0/build/emo_drive/build install --prefix /media/michael/bach_SD_128GB/emo_ws/emo2.0/install/emo_drive --record /media/michael/bach_SD_128GB/emo_ws/emo2.0/build/emo_drive/install.log --single-version-externally-managed
