[0.161s] Invoking command in '/media/michael/bach_SD_128GB/emo_ws/emo2.0/build/examples_rclcpp_minimal_composition': CMAKE_PREFIX_PATH=${CMAKE_PREFIX_PATH}:/sd/emo_ws/emo2.0/install/py_pubsub:/sd/emo_ws/emo2.0/install/examples_rclpy_minimal_subscriber:/sd/emo_ws/emo2.0/install/examples_rclpy_minimal_service:/sd/emo_ws/emo2.0/install/examples_rclpy_minimal_publisher:/sd/emo_ws/emo2.0/install/examples_rclpy_minimal_client:/sd/emo_ws/emo2.0/install/examples_rclpy_minimal_action_server:/sd/emo_ws/emo2.0/install/examples_rclpy_minimal_action_client:/sd/emo_ws/emo2.0/install/examples_rclpy_executors:/sd/emo_ws/emo2.0/install/emo_voice:/sd/emo_ws/emo2.0/install/emo_vision:/sd/emo_ws/emo2.0/install/emo_proximity:/sd/emo_ws/emo2.0/install/emo_proto:/sd/emo_ws/emo2.0/install/emo_power:/sd/emo_ws/emo2.0/install/emo_lidar:/sd/emo_ws/emo2.0/install/emo_head:/sd/emo_ws/emo2.0/install/emo_drive:/sd/emo_ws/emo2.0/install/emo_control:/sd/emo_ws/emo2.0/install/emo_3dvision:/opt/ros/foxy /usr/bin/cmake --build /media/michael/bach_SD_128GB/emo_ws/emo2.0/build/examples_rclcpp_minimal_composition -- -j4 -l4
[0.511s] [ 33%] Built target composition_nodes
[0.610s] [ 55%] Built target composition_composed
[0.638s] [ 77%] Built target composition_publisher
[0.646s] [100%] Built target composition_subscriber
[0.696s] Invoked command in '/media/michael/bach_SD_128GB/emo_ws/emo2.0/build/examples_rclcpp_minimal_composition' returned '0': CMAKE_PREFIX_PATH=${CMAKE_PREFIX_PATH}:/sd/emo_ws/emo2.0/install/py_pubsub:/sd/emo_ws/emo2.0/install/examples_rclpy_minimal_subscriber:/sd/emo_ws/emo2.0/install/examples_rclpy_minimal_service:/sd/emo_ws/emo2.0/install/examples_rclpy_minimal_publisher:/sd/emo_ws/emo2.0/install/examples_rclpy_minimal_client:/sd/emo_ws/emo2.0/install/examples_rclpy_minimal_action_server:/sd/emo_ws/emo2.0/install/examples_rclpy_minimal_action_client:/sd/emo_ws/emo2.0/install/examples_rclpy_executors:/sd/emo_ws/emo2.0/install/emo_voice:/sd/emo_ws/emo2.0/install/emo_vision:/sd/emo_ws/emo2.0/install/emo_proximity:/sd/emo_ws/emo2.0/install/emo_proto:/sd/emo_ws/emo2.0/install/emo_power:/sd/emo_ws/emo2.0/install/emo_lidar:/sd/emo_ws/emo2.0/install/emo_head:/sd/emo_ws/emo2.0/install/emo_drive:/sd/emo_ws/emo2.0/install/emo_control:/sd/emo_ws/emo2.0/install/emo_3dvision:/opt/ros/foxy /usr/bin/cmake --build /media/michael/bach_SD_128GB/emo_ws/emo2.0/build/examples_rclcpp_minimal_composition -- -j4 -l4
[0.829s] Invoking command in '/media/michael/bach_SD_128GB/emo_ws/emo2.0/build/examples_rclcpp_minimal_composition': CMAKE_PREFIX_PATH=${CMAKE_PREFIX_PATH}:/sd/emo_ws/emo2.0/install/py_pubsub:/sd/emo_ws/emo2.0/install/examples_rclpy_minimal_subscriber:/sd/emo_ws/emo2.0/install/examples_rclpy_minimal_service:/sd/emo_ws/emo2.0/install/examples_rclpy_minimal_publisher:/sd/emo_ws/emo2.0/install/examples_rclpy_minimal_client:/sd/emo_ws/emo2.0/install/examples_rclpy_minimal_action_server:/sd/emo_ws/emo2.0/install/examples_rclpy_minimal_action_client:/sd/emo_ws/emo2.0/install/examples_rclpy_executors:/sd/emo_ws/emo2.0/install/emo_voice:/sd/emo_ws/emo2.0/install/emo_vision:/sd/emo_ws/emo2.0/install/emo_proximity:/sd/emo_ws/emo2.0/install/emo_proto:/sd/emo_ws/emo2.0/install/emo_power:/sd/emo_ws/emo2.0/install/emo_lidar:/sd/emo_ws/emo2.0/install/emo_head:/sd/emo_ws/emo2.0/install/emo_drive:/sd/emo_ws/emo2.0/install/emo_control:/sd/emo_ws/emo2.0/install/emo_3dvision:/opt/ros/foxy /usr/bin/cmake --install /media/michael/bach_SD_128GB/emo_ws/emo2.0/build/examples_rclcpp_minimal_composition
[0.857s] -- Install configuration: ""
[0.859s] -- Up-to-date: /media/michael/bach_SD_128GB/emo_ws/emo2.0/install/examples_rclcpp_minimal_composition/share/examples_rclcpp_minimal_composition/environment/library_path.sh
[0.860s] -- Up-to-date: /media/michael/bach_SD_128GB/emo_ws/emo2.0/install/examples_rclcpp_minimal_composition/share/examples_rclcpp_minimal_composition/environment/library_path.dsv
[0.861s] -- Up-to-date: /media/michael/bach_SD_128GB/emo_ws/emo2.0/install/examples_rclcpp_minimal_composition/lib/libcomposition_nodes.so
[0.863s] -- Up-to-date: /media/michael/bach_SD_128GB/emo_ws/emo2.0/install/examples_rclcpp_minimal_composition/lib/examples_rclcpp_minimal_composition/composition_publisher
[0.863s] -- Up-to-date: /media/michael/bach_SD_128GB/emo_ws/emo2.0/install/examples_rclcpp_minimal_composition/lib/examples_rclcpp_minimal_composition/composition_subscriber
[0.863s] -- Up-to-date: /media/michael/bach_SD_128GB/emo_ws/emo2.0/install/examples_rclcpp_minimal_composition/lib/examples_rclcpp_minimal_composition/composition_composed
[0.864s] -- Up-to-date: /media/michael/bach_SD_128GB/emo_ws/emo2.0/install/examples_rclcpp_minimal_composition/share/ament_index/resource_index/package_run_dependencies/examples_rclcpp_minimal_composition
[0.864s] -- Up-to-date: /media/michael/bach_SD_128GB/emo_ws/emo2.0/install/examples_rclcpp_minimal_composition/share/ament_index/resource_index/parent_prefix_path/examples_rclcpp_minimal_composition
[0.864s] -- Up-to-date: /media/michael/bach_SD_128GB/emo_ws/emo2.0/install/examples_rclcpp_minimal_composition/share/examples_rclcpp_minimal_composition/environment/ament_prefix_path.sh
[0.864s] -- Up-to-date: /media/michael/bach_SD_128GB/emo_ws/emo2.0/install/examples_rclcpp_minimal_composition/share/examples_rclcpp_minimal_composition/environment/ament_prefix_path.dsv
[0.864s] -- Up-to-date: /media/michael/bach_SD_128GB/emo_ws/emo2.0/install/examples_rclcpp_minimal_composition/share/examples_rclcpp_minimal_composition/environment/path.sh
[0.864s] -- Up-to-date: /media/michael/bach_SD_128GB/emo_ws/emo2.0/install/examples_rclcpp_minimal_composition/share/examples_rclcpp_minimal_composition/environment/path.dsv
[0.864s] -- Up-to-date: /media/michael/bach_SD_128GB/emo_ws/emo2.0/install/examples_rclcpp_minimal_composition/share/examples_rclcpp_minimal_composition/local_setup.bash
[0.865s] -- Up-to-date: /media/michael/bach_SD_128GB/emo_ws/emo2.0/install/examples_rclcpp_minimal_composition/share/examples_rclcpp_minimal_composition/local_setup.sh
[0.865s] -- Up-to-date: /media/michael/bach_SD_128GB/emo_ws/emo2.0/install/examples_rclcpp_minimal_composition/share/examples_rclcpp_minimal_composition/local_setup.zsh
[0.865s] -- Up-to-date: /media/michael/bach_SD_128GB/emo_ws/emo2.0/install/examples_rclcpp_minimal_composition/share/examples_rclcpp_minimal_composition/local_setup.dsv
[0.865s] -- Installing: /media/michael/bach_SD_128GB/emo_ws/emo2.0/install/examples_rclcpp_minimal_composition/share/examples_rclcpp_minimal_composition/package.dsv
[0.865s] -- Up-to-date: /media/michael/bach_SD_128GB/emo_ws/emo2.0/install/examples_rclcpp_minimal_composition/share/ament_index/resource_index/packages/examples_rclcpp_minimal_composition
[0.866s] -- Up-to-date: /media/michael/bach_SD_128GB/emo_ws/emo2.0/install/examples_rclcpp_minimal_composition/share/examples_rclcpp_minimal_composition/cmake/examples_rclcpp_minimal_compositionConfig.cmake
[0.866s] -- Up-to-date: /media/michael/bach_SD_128GB/emo_ws/emo2.0/install/examples_rclcpp_minimal_composition/share/examples_rclcpp_minimal_composition/cmake/examples_rclcpp_minimal_compositionConfig-version.cmake
[0.866s] -- Up-to-date: /media/michael/bach_SD_128GB/emo_ws/emo2.0/install/examples_rclcpp_minimal_composition/share/examples_rclcpp_minimal_composition/package.xml
[0.897s] Invoked command in '/media/michael/bach_SD_128GB/emo_ws/emo2.0/build/examples_rclcpp_minimal_composition' returned '0': CMAKE_PREFIX_PATH=${CMAKE_PREFIX_PATH}:/sd/emo_ws/emo2.0/install/py_pubsub:/sd/emo_ws/emo2.0/install/examples_rclpy_minimal_subscriber:/sd/emo_ws/emo2.0/install/examples_rclpy_minimal_service:/sd/emo_ws/emo2.0/install/examples_rclpy_minimal_publisher:/sd/emo_ws/emo2.0/install/examples_rclpy_minimal_client:/sd/emo_ws/emo2.0/install/examples_rclpy_minimal_action_server:/sd/emo_ws/emo2.0/install/examples_rclpy_minimal_action_client:/sd/emo_ws/emo2.0/install/examples_rclpy_executors:/sd/emo_ws/emo2.0/install/emo_voice:/sd/emo_ws/emo2.0/install/emo_vision:/sd/emo_ws/emo2.0/install/emo_proximity:/sd/emo_ws/emo2.0/install/emo_proto:/sd/emo_ws/emo2.0/install/emo_power:/sd/emo_ws/emo2.0/install/emo_lidar:/sd/emo_ws/emo2.0/install/emo_head:/sd/emo_ws/emo2.0/install/emo_drive:/sd/emo_ws/emo2.0/install/emo_control:/sd/emo_ws/emo2.0/install/emo_3dvision:/opt/ros/foxy /usr/bin/cmake --install /media/michael/bach_SD_128GB/emo_ws/emo2.0/build/examples_rclcpp_minimal_composition
