running egg_info
creating ../../build/emo_vision/emo_vision.egg-info
writing ../../build/emo_vision/emo_vision.egg-info/PKG-INFO
writing dependency_links to ../../build/emo_vision/emo_vision.egg-info/dependency_links.txt
writing entry points to ../../build/emo_vision/emo_vision.egg-info/entry_points.txt
writing requirements to ../../build/emo_vision/emo_vision.egg-info/requires.txt
writing top-level names to ../../build/emo_vision/emo_vision.egg-info/top_level.txt
writing manifest file '../../build/emo_vision/emo_vision.egg-info/SOURCES.txt'
reading manifest file '../../build/emo_vision/emo_vision.egg-info/SOURCES.txt'
writing manifest file '../../build/emo_vision/emo_vision.egg-info/SOURCES.txt'
running build
running build_py
creating /media/michael/bach_SD_128GB/emo_ws/emo2.0/build/emo_vision/build
creating /media/michael/bach_SD_128GB/emo_ws/emo2.0/build/emo_vision/build/lib
creating /media/michael/bach_SD_128GB/emo_ws/emo2.0/build/emo_vision/build/lib/emo_vision
copying emo_vision/__init__.py -> /media/michael/bach_SD_128GB/emo_ws/emo2.0/build/emo_vision/build/lib/emo_vision
running install
running install_lib
creating /media/michael/bach_SD_128GB/emo_ws/emo2.0/install/emo_vision/lib/python3.8/site-packages/emo_vision
copying /media/michael/bach_SD_128GB/emo_ws/emo2.0/build/emo_vision/build/lib/emo_vision/__init__.py -> /media/michael/bach_SD_128GB/emo_ws/emo2.0/install/emo_vision/lib/python3.8/site-packages/emo_vision
byte-compiling /media/michael/bach_SD_128GB/emo_ws/emo2.0/install/emo_vision/lib/python3.8/site-packages/emo_vision/__init__.py to __init__.cpython-38.pyc
running install_data
creating /media/michael/bach_SD_128GB/emo_ws/emo2.0/install/emo_vision/share/ament_index
creating /media/michael/bach_SD_128GB/emo_ws/emo2.0/install/emo_vision/share/ament_index/resource_index
creating /media/michael/bach_SD_128GB/emo_ws/emo2.0/install/emo_vision/share/ament_index/resource_index/packages
copying resource/emo_vision -> /media/michael/bach_SD_128GB/emo_ws/emo2.0/install/emo_vision/share/ament_index/resource_index/packages
copying package.xml -> /media/michael/bach_SD_128GB/emo_ws/emo2.0/install/emo_vision/share/emo_vision
running install_egg_info
Copying ../../build/emo_vision/emo_vision.egg-info to /media/michael/bach_SD_128GB/emo_ws/emo2.0/install/emo_vision/lib/python3.8/site-packages/emo_vision-0.0.0-py3.8.egg-info
running install_scripts
writing list of installed files to '/media/michael/bach_SD_128GB/emo_ws/emo2.0/build/emo_vision/install.log'
