[1.144s] Invoking command in '/media/michael/bach_SD_128GB/emo_ws/emo2.0/src/emo_power': PYTHONPATH=/media/michael/bach_SD_128GB/emo_ws/emo2.0/install/emo_power/lib/python3.8/site-packages:${PYTHONPATH} /usr/bin/python3 setup.py egg_info --egg-base ../../build/emo_power build --build-base /media/michael/bach_SD_128GB/emo_ws/emo2.0/build/emo_power/build install --prefix /media/michael/bach_SD_128GB/emo_ws/emo2.0/install/emo_power --record /media/michael/bach_SD_128GB/emo_ws/emo2.0/build/emo_power/install.log --single-version-externally-managed
[1.529s] running egg_info
[1.530s] writing ../../build/emo_power/emo_power.egg-info/PKG-INFO
[1.531s] writing dependency_links to ../../build/emo_power/emo_power.egg-info/dependency_links.txt
[1.531s] writing entry points to ../../build/emo_power/emo_power.egg-info/entry_points.txt
[1.532s] writing requirements to ../../build/emo_power/emo_power.egg-info/requires.txt
[1.537s] writing top-level names to ../../build/emo_power/emo_power.egg-info/top_level.txt
[1.538s] reading manifest file '../../build/emo_power/emo_power.egg-info/SOURCES.txt'
[1.539s] writing manifest file '../../build/emo_power/emo_power.egg-info/SOURCES.txt'
[1.539s] running build
[1.540s] running build_py
[1.540s] running install
[1.540s] running install_lib
[1.541s] running install_data
[1.541s] running install_egg_info
[1.542s] removing '/media/michael/bach_SD_128GB/emo_ws/emo2.0/install/emo_power/lib/python3.8/site-packages/emo_power-0.0.0-py3.8.egg-info' (and everything under it)
[1.542s] Copying ../../build/emo_power/emo_power.egg-info to /media/michael/bach_SD_128GB/emo_ws/emo2.0/install/emo_power/lib/python3.8/site-packages/emo_power-0.0.0-py3.8.egg-info
[1.542s] running install_scripts
[1.557s] writing list of installed files to '/media/michael/bach_SD_128GB/emo_ws/emo2.0/build/emo_power/install.log'
[1.633s] Invoked command in '/media/michael/bach_SD_128GB/emo_ws/emo2.0/src/emo_power' returned '0': PYTHONPATH=/media/michael/bach_SD_128GB/emo_ws/emo2.0/install/emo_power/lib/python3.8/site-packages:${PYTHONPATH} /usr/bin/python3 setup.py egg_info --egg-base ../../build/emo_power build --build-base /media/michael/bach_SD_128GB/emo_ws/emo2.0/build/emo_power/build install --prefix /media/michael/bach_SD_128GB/emo_ws/emo2.0/install/emo_power --record /media/michael/bach_SD_128GB/emo_ws/emo2.0/build/emo_power/install.log --single-version-externally-managed
