[1.025s] Invoking command in '/media/michael/bach_SD_128GB/emo_ws/emo2.0/src/emo_proto': PYTHONPATH=/media/michael/bach_SD_128GB/emo_ws/emo2.0/install/emo_proto/lib/python3.8/site-packages:${PYTHONPATH} /usr/bin/python3 setup.py egg_info --egg-base ../../build/emo_proto build --build-base /media/michael/bach_SD_128GB/emo_ws/emo2.0/build/emo_proto/build install --prefix /media/michael/bach_SD_128GB/emo_ws/emo2.0/install/emo_proto --record /media/michael/bach_SD_128GB/emo_ws/emo2.0/build/emo_proto/install.log --single-version-externally-managed
[1.525s] running egg_info
[1.526s] writing ../../build/emo_proto/emo_proto.egg-info/PKG-INFO
[1.526s] writing dependency_links to ../../build/emo_proto/emo_proto.egg-info/dependency_links.txt
[1.527s] writing entry points to ../../build/emo_proto/emo_proto.egg-info/entry_points.txt
[1.527s] writing requirements to ../../build/emo_proto/emo_proto.egg-info/requires.txt
[1.527s] writing top-level names to ../../build/emo_proto/emo_proto.egg-info/top_level.txt
[1.601s] reading manifest file '../../build/emo_proto/emo_proto.egg-info/SOURCES.txt'
[1.603s] writing manifest file '../../build/emo_proto/emo_proto.egg-info/SOURCES.txt'
[1.603s] running build
[1.604s] running build_py
[1.604s] running install
[1.607s] running install_lib
[1.611s] running install_data
[1.612s] running install_egg_info
[1.616s] removing '/media/michael/bach_SD_128GB/emo_ws/emo2.0/install/emo_proto/lib/python3.8/site-packages/emo_proto-0.0.1-py3.8.egg-info' (and everything under it)
[1.616s] Copying ../../build/emo_proto/emo_proto.egg-info to /media/michael/bach_SD_128GB/emo_ws/emo2.0/install/emo_proto/lib/python3.8/site-packages/emo_proto-0.0.1-py3.8.egg-info
[1.618s] running install_scripts
[1.659s] Installing proto script to /media/michael/bach_SD_128GB/emo_ws/emo2.0/install/emo_proto/lib/emo_proto
[1.660s] writing list of installed files to '/media/michael/bach_SD_128GB/emo_ws/emo2.0/build/emo_proto/install.log'
[1.761s] Invoked command in '/media/michael/bach_SD_128GB/emo_ws/emo2.0/src/emo_proto' returned '0': PYTHONPATH=/media/michael/bach_SD_128GB/emo_ws/emo2.0/install/emo_proto/lib/python3.8/site-packages:${PYTHONPATH} /usr/bin/python3 setup.py egg_info --egg-base ../../build/emo_proto build --build-base /media/michael/bach_SD_128GB/emo_ws/emo2.0/build/emo_proto/build install --prefix /media/michael/bach_SD_128GB/emo_ws/emo2.0/install/emo_proto --record /media/michael/bach_SD_128GB/emo_ws/emo2.0/build/emo_proto/install.log --single-version-externally-managed
