[2.184s] Invoking command in '/media/michael/bach_SD_128GB/emo_ws/emo2.0/src/emo_head': PYTHONPATH=/media/michael/bach_SD_128GB/emo_ws/emo2.0/install/emo_head/lib/python3.8/site-packages:${PYTHONPATH} /usr/bin/python3 setup.py egg_info --egg-base ../../build/emo_head build --build-base /media/michael/bach_SD_128GB/emo_ws/emo2.0/build/emo_head/build install --prefix /media/michael/bach_SD_128GB/emo_ws/emo2.0/install/emo_head --record /media/michael/bach_SD_128GB/emo_ws/emo2.0/build/emo_head/install.log --single-version-externally-managed
[2.799s] running egg_info
[2.801s] writing ../../build/emo_head/emo_head.egg-info/PKG-INFO
[2.802s] writing dependency_links to ../../build/emo_head/emo_head.egg-info/dependency_links.txt
[2.804s] writing entry points to ../../build/emo_head/emo_head.egg-info/entry_points.txt
[2.805s] writing requirements to ../../build/emo_head/emo_head.egg-info/requires.txt
[2.807s] writing top-level names to ../../build/emo_head/emo_head.egg-info/top_level.txt
[2.888s] reading manifest file '../../build/emo_head/emo_head.egg-info/SOURCES.txt'
[2.891s] writing manifest file '../../build/emo_head/emo_head.egg-info/SOURCES.txt'
[2.892s] running build
[2.892s] running build_py
[2.893s] running install
[2.896s] running install_lib
[2.899s] running install_data
[2.901s] running install_egg_info
[2.909s] removing '/media/michael/bach_SD_128GB/emo_ws/emo2.0/install/emo_head/lib/python3.8/site-packages/emo_head-0.0.0-py3.8.egg-info' (and everything under it)
[2.914s] Copying ../../build/emo_head/emo_head.egg-info to /media/michael/bach_SD_128GB/emo_ws/emo2.0/install/emo_head/lib/python3.8/site-packages/emo_head-0.0.0-py3.8.egg-info
[2.919s] running install_scripts
[3.021s] writing list of installed files to '/media/michael/bach_SD_128GB/emo_ws/emo2.0/build/emo_head/install.log'
[3.100s] Invoked command in '/media/michael/bach_SD_128GB/emo_ws/emo2.0/src/emo_head' returned '0': PYTHONPATH=/media/michael/bach_SD_128GB/emo_ws/emo2.0/install/emo_head/lib/python3.8/site-packages:${PYTHONPATH} /usr/bin/python3 setup.py egg_info --egg-base ../../build/emo_head build --build-base /media/michael/bach_SD_128GB/emo_ws/emo2.0/build/emo_head/build install --prefix /media/michael/bach_SD_128GB/emo_ws/emo2.0/install/emo_head --record /media/michael/bach_SD_128GB/emo_ws/emo2.0/build/emo_head/install.log --single-version-externally-managed
