[0.089s] Invoking command in '/media/michael/bach_SD_128GB/emo_ws/emo2.0/build/examples_rclcpp_minimal_publisher': CMAKE_PREFIX_PATH=${CMAKE_PREFIX_PATH}:/sd/emo_ws/emo2.0/install/py_pubsub:/sd/emo_ws/emo2.0/install/examples_rclpy_minimal_subscriber:/sd/emo_ws/emo2.0/install/examples_rclpy_minimal_service:/sd/emo_ws/emo2.0/install/examples_rclpy_minimal_publisher:/sd/emo_ws/emo2.0/install/examples_rclpy_minimal_client:/sd/emo_ws/emo2.0/install/examples_rclpy_minimal_action_server:/sd/emo_ws/emo2.0/install/examples_rclpy_minimal_action_client:/sd/emo_ws/emo2.0/install/examples_rclpy_executors:/sd/emo_ws/emo2.0/install/emo_voice:/sd/emo_ws/emo2.0/install/emo_vision:/sd/emo_ws/emo2.0/install/emo_proximity:/sd/emo_ws/emo2.0/install/emo_proto:/sd/emo_ws/emo2.0/install/emo_power:/sd/emo_ws/emo2.0/install/emo_lidar:/sd/emo_ws/emo2.0/install/emo_head:/sd/emo_ws/emo2.0/install/emo_drive:/sd/emo_ws/emo2.0/install/emo_control:/sd/emo_ws/emo2.0/install/emo_3dvision:/opt/ros/foxy /usr/bin/cmake --build /media/michael/bach_SD_128GB/emo_ws/emo2.0/build/examples_rclcpp_minimal_publisher -- -j4 -l4
[0.367s] [ 33%] Built target publisher_lambda
[0.393s] [ 66%] Built target publisher_not_composable
[0.403s] [100%] Built target publisher_member_function
[0.437s] Invoked command in '/media/michael/bach_SD_128GB/emo_ws/emo2.0/build/examples_rclcpp_minimal_publisher' returned '0': CMAKE_PREFIX_PATH=${CMAKE_PREFIX_PATH}:/sd/emo_ws/emo2.0/install/py_pubsub:/sd/emo_ws/emo2.0/install/examples_rclpy_minimal_subscriber:/sd/emo_ws/emo2.0/install/examples_rclpy_minimal_service:/sd/emo_ws/emo2.0/install/examples_rclpy_minimal_publisher:/sd/emo_ws/emo2.0/install/examples_rclpy_minimal_client:/sd/emo_ws/emo2.0/install/examples_rclpy_minimal_action_server:/sd/emo_ws/emo2.0/install/examples_rclpy_minimal_action_client:/sd/emo_ws/emo2.0/install/examples_rclpy_executors:/sd/emo_ws/emo2.0/install/emo_voice:/sd/emo_ws/emo2.0/install/emo_vision:/sd/emo_ws/emo2.0/install/emo_proximity:/sd/emo_ws/emo2.0/install/emo_proto:/sd/emo_ws/emo2.0/install/emo_power:/sd/emo_ws/emo2.0/install/emo_lidar:/sd/emo_ws/emo2.0/install/emo_head:/sd/emo_ws/emo2.0/install/emo_drive:/sd/emo_ws/emo2.0/install/emo_control:/sd/emo_ws/emo2.0/install/emo_3dvision:/opt/ros/foxy /usr/bin/cmake --build /media/michael/bach_SD_128GB/emo_ws/emo2.0/build/examples_rclcpp_minimal_publisher -- -j4 -l4
[0.619s] Invoking command in '/media/michael/bach_SD_128GB/emo_ws/emo2.0/build/examples_rclcpp_minimal_publisher': CMAKE_PREFIX_PATH=${CMAKE_PREFIX_PATH}:/sd/emo_ws/emo2.0/install/py_pubsub:/sd/emo_ws/emo2.0/install/examples_rclpy_minimal_subscriber:/sd/emo_ws/emo2.0/install/examples_rclpy_minimal_service:/sd/emo_ws/emo2.0/install/examples_rclpy_minimal_publisher:/sd/emo_ws/emo2.0/install/examples_rclpy_minimal_client:/sd/emo_ws/emo2.0/install/examples_rclpy_minimal_action_server:/sd/emo_ws/emo2.0/install/examples_rclpy_minimal_action_client:/sd/emo_ws/emo2.0/install/examples_rclpy_executors:/sd/emo_ws/emo2.0/install/emo_voice:/sd/emo_ws/emo2.0/install/emo_vision:/sd/emo_ws/emo2.0/install/emo_proximity:/sd/emo_ws/emo2.0/install/emo_proto:/sd/emo_ws/emo2.0/install/emo_power:/sd/emo_ws/emo2.0/install/emo_lidar:/sd/emo_ws/emo2.0/install/emo_head:/sd/emo_ws/emo2.0/install/emo_drive:/sd/emo_ws/emo2.0/install/emo_control:/sd/emo_ws/emo2.0/install/emo_3dvision:/opt/ros/foxy /usr/bin/cmake --install /media/michael/bach_SD_128GB/emo_ws/emo2.0/build/examples_rclcpp_minimal_publisher
[0.635s] -- Install configuration: ""
[0.635s] -- Up-to-date: /media/michael/bach_SD_128GB/emo_ws/emo2.0/install/examples_rclcpp_minimal_publisher/lib/examples_rclcpp_minimal_publisher/publisher_lambda
[0.636s] -- Up-to-date: /media/michael/bach_SD_128GB/emo_ws/emo2.0/install/examples_rclcpp_minimal_publisher/lib/examples_rclcpp_minimal_publisher/publisher_member_function
[0.638s] -- Up-to-date: /media/michael/bach_SD_128GB/emo_ws/emo2.0/install/examples_rclcpp_minimal_publisher/lib/examples_rclcpp_minimal_publisher/publisher_not_composable
[0.639s] -- Up-to-date: /media/michael/bach_SD_128GB/emo_ws/emo2.0/install/examples_rclcpp_minimal_publisher/share/ament_index/resource_index/package_run_dependencies/examples_rclcpp_minimal_publisher
[0.639s] -- Up-to-date: /media/michael/bach_SD_128GB/emo_ws/emo2.0/install/examples_rclcpp_minimal_publisher/share/ament_index/resource_index/parent_prefix_path/examples_rclcpp_minimal_publisher
[0.639s] -- Up-to-date: /media/michael/bach_SD_128GB/emo_ws/emo2.0/install/examples_rclcpp_minimal_publisher/share/examples_rclcpp_minimal_publisher/environment/ament_prefix_path.sh
[0.640s] -- Up-to-date: /media/michael/bach_SD_128GB/emo_ws/emo2.0/install/examples_rclcpp_minimal_publisher/share/examples_rclcpp_minimal_publisher/environment/ament_prefix_path.dsv
[0.640s] -- Up-to-date: /media/michael/bach_SD_128GB/emo_ws/emo2.0/install/examples_rclcpp_minimal_publisher/share/examples_rclcpp_minimal_publisher/environment/path.sh
[0.640s] -- Up-to-date: /media/michael/bach_SD_128GB/emo_ws/emo2.0/install/examples_rclcpp_minimal_publisher/share/examples_rclcpp_minimal_publisher/environment/path.dsv
[0.640s] -- Up-to-date: /media/michael/bach_SD_128GB/emo_ws/emo2.0/install/examples_rclcpp_minimal_publisher/share/examples_rclcpp_minimal_publisher/local_setup.bash
[0.640s] -- Up-to-date: /media/michael/bach_SD_128GB/emo_ws/emo2.0/install/examples_rclcpp_minimal_publisher/share/examples_rclcpp_minimal_publisher/local_setup.sh
[0.640s] -- Up-to-date: /media/michael/bach_SD_128GB/emo_ws/emo2.0/install/examples_rclcpp_minimal_publisher/share/examples_rclcpp_minimal_publisher/local_setup.zsh
[0.640s] -- Up-to-date: /media/michael/bach_SD_128GB/emo_ws/emo2.0/install/examples_rclcpp_minimal_publisher/share/examples_rclcpp_minimal_publisher/local_setup.dsv
[0.641s] -- Installing: /media/michael/bach_SD_128GB/emo_ws/emo2.0/install/examples_rclcpp_minimal_publisher/share/examples_rclcpp_minimal_publisher/package.dsv
[0.641s] -- Up-to-date: /media/michael/bach_SD_128GB/emo_ws/emo2.0/install/examples_rclcpp_minimal_publisher/share/ament_index/resource_index/packages/examples_rclcpp_minimal_publisher
[0.641s] -- Up-to-date: /media/michael/bach_SD_128GB/emo_ws/emo2.0/install/examples_rclcpp_minimal_publisher/share/examples_rclcpp_minimal_publisher/cmake/examples_rclcpp_minimal_publisherConfig.cmake
[0.641s] -- Up-to-date: /media/michael/bach_SD_128GB/emo_ws/emo2.0/install/examples_rclcpp_minimal_publisher/share/examples_rclcpp_minimal_publisher/cmake/examples_rclcpp_minimal_publisherConfig-version.cmake
[0.641s] -- Up-to-date: /media/michael/bach_SD_128GB/emo_ws/emo2.0/install/examples_rclcpp_minimal_publisher/share/examples_rclcpp_minimal_publisher/package.xml
[0.649s] Invoked command in '/media/michael/bach_SD_128GB/emo_ws/emo2.0/build/examples_rclcpp_minimal_publisher' returned '0': CMAKE_PREFIX_PATH=${CMAKE_PREFIX_PATH}:/sd/emo_ws/emo2.0/install/py_pubsub:/sd/emo_ws/emo2.0/install/examples_rclpy_minimal_subscriber:/sd/emo_ws/emo2.0/install/examples_rclpy_minimal_service:/sd/emo_ws/emo2.0/install/examples_rclpy_minimal_publisher:/sd/emo_ws/emo2.0/install/examples_rclpy_minimal_client:/sd/emo_ws/emo2.0/install/examples_rclpy_minimal_action_server:/sd/emo_ws/emo2.0/install/examples_rclpy_minimal_action_client:/sd/emo_ws/emo2.0/install/examples_rclpy_executors:/sd/emo_ws/emo2.0/install/emo_voice:/sd/emo_ws/emo2.0/install/emo_vision:/sd/emo_ws/emo2.0/install/emo_proximity:/sd/emo_ws/emo2.0/install/emo_proto:/sd/emo_ws/emo2.0/install/emo_power:/sd/emo_ws/emo2.0/install/emo_lidar:/sd/emo_ws/emo2.0/install/emo_head:/sd/emo_ws/emo2.0/install/emo_drive:/sd/emo_ws/emo2.0/install/emo_control:/sd/emo_ws/emo2.0/install/emo_3dvision:/opt/ros/foxy /usr/bin/cmake --install /media/michael/bach_SD_128GB/emo_ws/emo2.0/build/examples_rclcpp_minimal_publisher
