running egg_info
creating ../../build/emo_proximity/emo_proximity.egg-info
writing ../../build/emo_proximity/emo_proximity.egg-info/PKG-INFO
writing dependency_links to ../../build/emo_proximity/emo_proximity.egg-info/dependency_links.txt
writing entry points to ../../build/emo_proximity/emo_proximity.egg-info/entry_points.txt
writing requirements to ../../build/emo_proximity/emo_proximity.egg-info/requires.txt
writing top-level names to ../../build/emo_proximity/emo_proximity.egg-info/top_level.txt
writing manifest file '../../build/emo_proximity/emo_proximity.egg-info/SOURCES.txt'
reading manifest file '../../build/emo_proximity/emo_proximity.egg-info/SOURCES.txt'
writing manifest file '../../build/emo_proximity/emo_proximity.egg-info/SOURCES.txt'
running build
running build_py
creating /media/michael/bach_SD_128GB/emo_ws/emo2.0/build/emo_proximity/build
creating /media/michael/bach_SD_128GB/emo_ws/emo2.0/build/emo_proximity/build/lib
creating /media/michael/bach_SD_128GB/emo_ws/emo2.0/build/emo_proximity/build/lib/emo_proximity
copying emo_proximity/__init__.py -> /media/michael/bach_SD_128GB/emo_ws/emo2.0/build/emo_proximity/build/lib/emo_proximity
running install
running install_lib
creating /media/michael/bach_SD_128GB/emo_ws/emo2.0/install/emo_proximity/lib/python3.8/site-packages/emo_proximity
copying /media/michael/bach_SD_128GB/emo_ws/emo2.0/build/emo_proximity/build/lib/emo_proximity/__init__.py -> /media/michael/bach_SD_128GB/emo_ws/emo2.0/install/emo_proximity/lib/python3.8/site-packages/emo_proximity
byte-compiling /media/michael/bach_SD_128GB/emo_ws/emo2.0/install/emo_proximity/lib/python3.8/site-packages/emo_proximity/__init__.py to __init__.cpython-38.pyc
running install_data
creating /media/michael/bach_SD_128GB/emo_ws/emo2.0/install/emo_proximity/share/ament_index
creating /media/michael/bach_SD_128GB/emo_ws/emo2.0/install/emo_proximity/share/ament_index/resource_index
creating /media/michael/bach_SD_128GB/emo_ws/emo2.0/install/emo_proximity/share/ament_index/resource_index/packages
copying resource/emo_proximity -> /media/michael/bach_SD_128GB/emo_ws/emo2.0/install/emo_proximity/share/ament_index/resource_index/packages
copying package.xml -> /media/michael/bach_SD_128GB/emo_ws/emo2.0/install/emo_proximity/share/emo_proximity
running install_egg_info
Copying ../../build/emo_proximity/emo_proximity.egg-info to /media/michael/bach_SD_128GB/emo_ws/emo2.0/install/emo_proximity/lib/python3.8/site-packages/emo_proximity-0.0.0-py3.8.egg-info
running install_scripts
writing list of installed files to '/media/michael/bach_SD_128GB/emo_ws/emo2.0/build/emo_proximity/install.log'
