[1.222s] Invoking command in '/media/michael/bach_SD_128GB/emo_ws/emo2.0/src/emo_proximity': PYTHONPATH=/media/michael/bach_SD_128GB/emo_ws/emo2.0/install/emo_proximity/lib/python3.8/site-packages:${PYTHONPATH} /usr/bin/python3 setup.py egg_info --egg-base ../../build/emo_proximity build --build-base /media/michael/bach_SD_128GB/emo_ws/emo2.0/build/emo_proximity/build install --prefix /media/michael/bach_SD_128GB/emo_ws/emo2.0/install/emo_proximity --record /media/michael/bach_SD_128GB/emo_ws/emo2.0/build/emo_proximity/install.log --single-version-externally-managed
[2.879s] running egg_info
[2.880s] creating ../../build/emo_proximity/emo_proximity.egg-info
[2.881s] writing ../../build/emo_proximity/emo_proximity.egg-info/PKG-INFO
[2.882s] writing dependency_links to ../../build/emo_proximity/emo_proximity.egg-info/dependency_links.txt
[2.882s] writing entry points to ../../build/emo_proximity/emo_proximity.egg-info/entry_points.txt
[2.883s] writing requirements to ../../build/emo_proximity/emo_proximity.egg-info/requires.txt
[2.883s] writing top-level names to ../../build/emo_proximity/emo_proximity.egg-info/top_level.txt
[2.886s] writing manifest file '../../build/emo_proximity/emo_proximity.egg-info/SOURCES.txt'
[2.954s] reading manifest file '../../build/emo_proximity/emo_proximity.egg-info/SOURCES.txt'
[2.955s] writing manifest file '../../build/emo_proximity/emo_proximity.egg-info/SOURCES.txt'
[2.956s] running build
[2.956s] running build_py
[2.957s] creating /media/michael/bach_SD_128GB/emo_ws/emo2.0/build/emo_proximity/build
[2.957s] creating /media/michael/bach_SD_128GB/emo_ws/emo2.0/build/emo_proximity/build/lib
[2.957s] creating /media/michael/bach_SD_128GB/emo_ws/emo2.0/build/emo_proximity/build/lib/emo_proximity
[2.958s] copying emo_proximity/__init__.py -> /media/michael/bach_SD_128GB/emo_ws/emo2.0/build/emo_proximity/build/lib/emo_proximity
[2.958s] running install
[2.960s] running install_lib
[2.962s] creating /media/michael/bach_SD_128GB/emo_ws/emo2.0/install/emo_proximity/lib/python3.8/site-packages/emo_proximity
[2.962s] copying /media/michael/bach_SD_128GB/emo_ws/emo2.0/build/emo_proximity/build/lib/emo_proximity/__init__.py -> /media/michael/bach_SD_128GB/emo_ws/emo2.0/install/emo_proximity/lib/python3.8/site-packages/emo_proximity
[2.964s] byte-compiling /media/michael/bach_SD_128GB/emo_ws/emo2.0/install/emo_proximity/lib/python3.8/site-packages/emo_proximity/__init__.py to __init__.cpython-38.pyc
[2.966s] running install_data
[2.969s] creating /media/michael/bach_SD_128GB/emo_ws/emo2.0/install/emo_proximity/share/ament_index
[2.969s] creating /media/michael/bach_SD_128GB/emo_ws/emo2.0/install/emo_proximity/share/ament_index/resource_index
[2.969s] creating /media/michael/bach_SD_128GB/emo_ws/emo2.0/install/emo_proximity/share/ament_index/resource_index/packages
[2.970s] copying resource/emo_proximity -> /media/michael/bach_SD_128GB/emo_ws/emo2.0/install/emo_proximity/share/ament_index/resource_index/packages
[2.970s] copying package.xml -> /media/michael/bach_SD_128GB/emo_ws/emo2.0/install/emo_proximity/share/emo_proximity
[2.970s] running install_egg_info
[2.974s] Copying ../../build/emo_proximity/emo_proximity.egg-info to /media/michael/bach_SD_128GB/emo_ws/emo2.0/install/emo_proximity/lib/python3.8/site-packages/emo_proximity-0.0.0-py3.8.egg-info
[2.979s] running install_scripts
[3.014s] writing list of installed files to '/media/michael/bach_SD_128GB/emo_ws/emo2.0/build/emo_proximity/install.log'
