running egg_info
creating ../../build/emo_control/emo_proto.egg-info
writing ../../build/emo_control/emo_proto.egg-info/PKG-INFO
writing dependency_links to ../../build/emo_control/emo_proto.egg-info/dependency_links.txt
writing entry points to ../../build/emo_control/emo_proto.egg-info/entry_points.txt
writing requirements to ../../build/emo_control/emo_proto.egg-info/requires.txt
writing top-level names to ../../build/emo_control/emo_proto.egg-info/top_level.txt
writing manifest file '../../build/emo_control/emo_proto.egg-info/SOURCES.txt'
reading manifest file '../../build/emo_control/emo_proto.egg-info/SOURCES.txt'
writing manifest file '../../build/emo_control/emo_proto.egg-info/SOURCES.txt'
running build
running build_py
creating /media/michael/bach_SD_128GB/emo_ws/emo2.0/build/emo_control/build
creating /media/michael/bach_SD_128GB/emo_ws/emo2.0/build/emo_control/build/lib
creating /media/michael/bach_SD_128GB/emo_ws/emo2.0/build/emo_control/build/lib/emo_proto
copying emo_proto/__init__.py -> /media/michael/bach_SD_128GB/emo_ws/emo2.0/build/emo_control/build/lib/emo_proto
copying emo_proto/emo_proto_publisher.py -> /media/michael/bach_SD_128GB/emo_ws/emo2.0/build/emo_control/build/lib/emo_proto
running install
running install_lib
creating /media/michael/bach_SD_128GB/emo_ws/emo2.0/install/emo_control/lib/python3.8/site-packages/emo_proto
copying /media/michael/bach_SD_128GB/emo_ws/emo2.0/build/emo_control/build/lib/emo_proto/__init__.py -> /media/michael/bach_SD_128GB/emo_ws/emo2.0/install/emo_control/lib/python3.8/site-packages/emo_proto
copying /media/michael/bach_SD_128GB/emo_ws/emo2.0/build/emo_control/build/lib/emo_proto/emo_proto_publisher.py -> /media/michael/bach_SD_128GB/emo_ws/emo2.0/install/emo_control/lib/python3.8/site-packages/emo_proto
byte-compiling /media/michael/bach_SD_128GB/emo_ws/emo2.0/install/emo_control/lib/python3.8/site-packages/emo_proto/__init__.py to __init__.cpython-38.pyc
byte-compiling /media/michael/bach_SD_128GB/emo_ws/emo2.0/install/emo_control/lib/python3.8/site-packages/emo_proto/emo_proto_publisher.py to emo_proto_publisher.cpython-38.pyc
running install_data
copying resource/emo_proto -> /media/michael/bach_SD_128GB/emo_ws/emo2.0/install/emo_control/share/ament_index/resource_index/packages
creating /media/michael/bach_SD_128GB/emo_ws/emo2.0/install/emo_control/share/emo_proto
copying package.xml -> /media/michael/bach_SD_128GB/emo_ws/emo2.0/install/emo_control/share/emo_proto
running install_egg_info
Copying ../../build/emo_control/emo_proto.egg-info to /media/michael/bach_SD_128GB/emo_ws/emo2.0/install/emo_control/lib/python3.8/site-packages/emo_proto-0.0.1-py3.8.egg-info
running install_scripts
Installing control script to /media/michael/bach_SD_128GB/emo_ws/emo2.0/install/emo_control/lib/emo_proto
writing list of installed files to '/media/michael/bach_SD_128GB/emo_ws/emo2.0/build/emo_control/install.log'
