running egg_info
creating ../../build/emo_control/emo_control.egg-info
writing ../../build/emo_control/emo_control.egg-info/PKG-INFO
writing dependency_links to ../../build/emo_control/emo_control.egg-info/dependency_links.txt
writing entry points to ../../build/emo_control/emo_control.egg-info/entry_points.txt
writing requirements to ../../build/emo_control/emo_control.egg-info/requires.txt
writing top-level names to ../../build/emo_control/emo_control.egg-info/top_level.txt
writing manifest file '../../build/emo_control/emo_control.egg-info/SOURCES.txt'
reading manifest file '../../build/emo_control/emo_control.egg-info/SOURCES.txt'
writing manifest file '../../build/emo_control/emo_control.egg-info/SOURCES.txt'
running build
running build_py
creating /media/michael/bach_SD_128GB/emo_ws/emo2.0/build/emo_control/build/lib/emo_control
copying emo_control/__init__.py -> /media/michael/bach_SD_128GB/emo_ws/emo2.0/build/emo_control/build/lib/emo_control
copying emo_control/emo_proto_subscriber.py -> /media/michael/bach_SD_128GB/emo_ws/emo2.0/build/emo_control/build/lib/emo_control
running install
running install_lib
creating /media/michael/bach_SD_128GB/emo_ws/emo2.0/install/emo_control/lib/python3.8/site-packages/emo_control
copying /media/michael/bach_SD_128GB/emo_ws/emo2.0/build/emo_control/build/lib/emo_control/__init__.py -> /media/michael/bach_SD_128GB/emo_ws/emo2.0/install/emo_control/lib/python3.8/site-packages/emo_control
copying /media/michael/bach_SD_128GB/emo_ws/emo2.0/build/emo_control/build/lib/emo_control/emo_proto_subscriber.py -> /media/michael/bach_SD_128GB/emo_ws/emo2.0/install/emo_control/lib/python3.8/site-packages/emo_control
byte-compiling /media/michael/bach_SD_128GB/emo_ws/emo2.0/install/emo_control/lib/python3.8/site-packages/emo_control/__init__.py to __init__.cpython-38.pyc
byte-compiling /media/michael/bach_SD_128GB/emo_ws/emo2.0/install/emo_control/lib/python3.8/site-packages/emo_control/emo_proto_subscriber.py to emo_proto_subscriber.cpython-38.pyc
running install_data
error: can't copy 'resource/emo_control': doesn't exist or not a regular file
