[1.200s] Invoking command in '/media/michael/bach_SD_128GB/emo_ws/emo2.0/src/emo_control': PYTHONPATH=/media/michael/bach_SD_128GB/emo_ws/emo2.0/install/emo_control/lib/python3.8/site-packages:${PYTHONPATH} /usr/bin/python3 setup.py egg_info --egg-base ../../build/emo_control build --build-base /media/michael/bach_SD_128GB/emo_ws/emo2.0/build/emo_control/build install --prefix /media/michael/bach_SD_128GB/emo_ws/emo2.0/install/emo_control --record /media/michael/bach_SD_128GB/emo_ws/emo2.0/build/emo_control/install.log --single-version-externally-managed
[1.646s] running egg_info
[1.648s] creating ../../build/emo_control/emo_control.egg-info
[1.648s] writing ../../build/emo_control/emo_control.egg-info/PKG-INFO
[1.649s] writing dependency_links to ../../build/emo_control/emo_control.egg-info/dependency_links.txt
[1.649s] writing entry points to ../../build/emo_control/emo_control.egg-info/entry_points.txt
[1.650s] writing requirements to ../../build/emo_control/emo_control.egg-info/requires.txt
[1.650s] writing top-level names to ../../build/emo_control/emo_control.egg-info/top_level.txt
[1.654s] writing manifest file '../../build/emo_control/emo_control.egg-info/SOURCES.txt'
[1.717s] reading manifest file '../../build/emo_control/emo_control.egg-info/SOURCES.txt'
[1.718s] writing manifest file '../../build/emo_control/emo_control.egg-info/SOURCES.txt'
[1.718s] running build
[1.719s] running build_py
[1.719s] creating /media/michael/bach_SD_128GB/emo_ws/emo2.0/build/emo_control/build/lib/emo_control
[1.719s] copying emo_control/__init__.py -> /media/michael/bach_SD_128GB/emo_ws/emo2.0/build/emo_control/build/lib/emo_control
[1.719s] copying emo_control/emo_proto_subscriber.py -> /media/michael/bach_SD_128GB/emo_ws/emo2.0/build/emo_control/build/lib/emo_control
[1.719s] running install
[1.721s] running install_lib
[1.723s] creating /media/michael/bach_SD_128GB/emo_ws/emo2.0/install/emo_control/lib/python3.8/site-packages/emo_control
[1.723s] copying /media/michael/bach_SD_128GB/emo_ws/emo2.0/build/emo_control/build/lib/emo_control/__init__.py -> /media/michael/bach_SD_128GB/emo_ws/emo2.0/install/emo_control/lib/python3.8/site-packages/emo_control
[1.723s] copying /media/michael/bach_SD_128GB/emo_ws/emo2.0/build/emo_control/build/lib/emo_control/emo_proto_subscriber.py -> /media/michael/bach_SD_128GB/emo_ws/emo2.0/install/emo_control/lib/python3.8/site-packages/emo_control
[1.725s] byte-compiling /media/michael/bach_SD_128GB/emo_ws/emo2.0/install/emo_control/lib/python3.8/site-packages/emo_control/__init__.py to __init__.cpython-38.pyc
[1.729s] byte-compiling /media/michael/bach_SD_128GB/emo_ws/emo2.0/install/emo_control/lib/python3.8/site-packages/emo_control/emo_proto_subscriber.py to emo_proto_subscriber.cpython-38.pyc
[1.730s] running install_data
[1.731s] error: can't copy 'resource/emo_control': doesn't exist or not a regular file
[1.781s] Invoked command in '/media/michael/bach_SD_128GB/emo_ws/emo2.0/src/emo_control' returned '1': PYTHONPATH=/media/michael/bach_SD_128GB/emo_ws/emo2.0/install/emo_control/lib/python3.8/site-packages:${PYTHONPATH} /usr/bin/python3 setup.py egg_info --egg-base ../../build/emo_control build --build-base /media/michael/bach_SD_128GB/emo_ws/emo2.0/build/emo_control/build install --prefix /media/michael/bach_SD_128GB/emo_ws/emo2.0/install/emo_control --record /media/michael/bach_SD_128GB/emo_ws/emo2.0/build/emo_control/install.log --single-version-externally-managed
