[1.337s] Invoking command in '/media/michael/bach_SD_128GB/emo_ws/emo2.0/src/emo_head': PYTHONPATH=/media/michael/bach_SD_128GB/emo_ws/emo2.0/install/emo_head/lib/python3.8/site-packages:${PYTHONPATH} /usr/bin/python3 setup.py egg_info --egg-base ../../build/emo_head build --build-base /media/michael/bach_SD_128GB/emo_ws/emo2.0/build/emo_head/build install --prefix /media/michael/bach_SD_128GB/emo_ws/emo2.0/install/emo_head --record /media/michael/bach_SD_128GB/emo_ws/emo2.0/build/emo_head/install.log --single-version-externally-managed
[1.858s] running egg_info
[1.860s] writing ../../build/emo_head/emo_head.egg-info/PKG-INFO
[1.861s] writing dependency_links to ../../build/emo_head/emo_head.egg-info/dependency_links.txt
[1.862s] writing entry points to ../../build/emo_head/emo_head.egg-info/entry_points.txt
[1.862s] writing requirements to ../../build/emo_head/emo_head.egg-info/requires.txt
[1.863s] writing top-level names to ../../build/emo_head/emo_head.egg-info/top_level.txt
[1.955s] reading manifest file '../../build/emo_head/emo_head.egg-info/SOURCES.txt'
[1.957s] writing manifest file '../../build/emo_head/emo_head.egg-info/SOURCES.txt'
[1.957s] running build
[1.958s] running build_py
[1.958s] running install
[1.960s] running install_lib
[1.964s] running install_data
[1.965s] running install_egg_info
[1.971s] removing '/media/michael/bach_SD_128GB/emo_ws/emo2.0/install/emo_head/lib/python3.8/site-packages/emo_head-0.0.0-py3.8.egg-info' (and everything under it)
[1.971s] Copying ../../build/emo_head/emo_head.egg-info to /media/michael/bach_SD_128GB/emo_ws/emo2.0/install/emo_head/lib/python3.8/site-packages/emo_head-0.0.0-py3.8.egg-info
[1.976s] running install_scripts
[2.028s] writing list of installed files to '/media/michael/bach_SD_128GB/emo_ws/emo2.0/build/emo_head/install.log'
[2.460s] Invoked command in '/media/michael/bach_SD_128GB/emo_ws/emo2.0/src/emo_head' returned '0': PYTHONPATH=/media/michael/bach_SD_128GB/emo_ws/emo2.0/install/emo_head/lib/python3.8/site-packages:${PYTHONPATH} /usr/bin/python3 setup.py egg_info --egg-base ../../build/emo_head build --build-base /media/michael/bach_SD_128GB/emo_ws/emo2.0/build/emo_head/build install --prefix /media/michael/bach_SD_128GB/emo_ws/emo2.0/install/emo_head --record /media/michael/bach_SD_128GB/emo_ws/emo2.0/build/emo_head/install.log --single-version-externally-managed
