[0.850s] Invoking command in '/media/michael/bach_SD_128GB/emo_ws/emo2.0/src/examples/rclpy/services/minimal_client': PYTHONPATH=/media/michael/bach_SD_128GB/emo_ws/emo2.0/install/examples_rclpy_minimal_client/lib/python3.8/site-packages:${PYTHONPATH} /usr/bin/python3 setup.py egg_info --egg-base ../../../../../build/examples_rclpy_minimal_client build --build-base /media/michael/bach_SD_128GB/emo_ws/emo2.0/build/examples_rclpy_minimal_client/build install --prefix /media/michael/bach_SD_128GB/emo_ws/emo2.0/install/examples_rclpy_minimal_client --record /media/michael/bach_SD_128GB/emo_ws/emo2.0/build/examples_rclpy_minimal_client/install.log --single-version-externally-managed
[1.295s] running egg_info
[1.297s] writing ../../../../../build/examples_rclpy_minimal_client/examples_rclpy_minimal_client.egg-info/PKG-INFO
[1.298s] writing dependency_links to ../../../../../build/examples_rclpy_minimal_client/examples_rclpy_minimal_client.egg-info/dependency_links.txt
[1.298s] writing entry points to ../../../../../build/examples_rclpy_minimal_client/examples_rclpy_minimal_client.egg-info/entry_points.txt
[1.298s] writing requirements to ../../../../../build/examples_rclpy_minimal_client/examples_rclpy_minimal_client.egg-info/requires.txt
[1.298s] writing top-level names to ../../../../../build/examples_rclpy_minimal_client/examples_rclpy_minimal_client.egg-info/top_level.txt
[1.366s] reading manifest file '../../../../../build/examples_rclpy_minimal_client/examples_rclpy_minimal_client.egg-info/SOURCES.txt'
[1.368s] writing manifest file '../../../../../build/examples_rclpy_minimal_client/examples_rclpy_minimal_client.egg-info/SOURCES.txt'
[1.374s] running build
[1.375s] running build_py
[1.375s] running install
[1.375s] running install_lib
[1.375s] running install_data
[1.376s] running install_egg_info
[1.377s] removing '/media/michael/bach_SD_128GB/emo_ws/emo2.0/install/examples_rclpy_minimal_client/lib/python3.8/site-packages/examples_rclpy_minimal_client-0.9.4-py3.8.egg-info' (and everything under it)
[1.377s] Copying ../../../../../build/examples_rclpy_minimal_client/examples_rclpy_minimal_client.egg-info to /media/michael/bach_SD_128GB/emo_ws/emo2.0/install/examples_rclpy_minimal_client/lib/python3.8/site-packages/examples_rclpy_minimal_client-0.9.4-py3.8.egg-info
[1.379s] running install_scripts
[1.405s] Installing client script to /media/michael/bach_SD_128GB/emo_ws/emo2.0/install/examples_rclpy_minimal_client/lib/examples_rclpy_minimal_client
[1.405s] Installing client_async script to /media/michael/bach_SD_128GB/emo_ws/emo2.0/install/examples_rclpy_minimal_client/lib/examples_rclpy_minimal_client
[1.405s] Installing client_async_callback script to /media/michael/bach_SD_128GB/emo_ws/emo2.0/install/examples_rclpy_minimal_client/lib/examples_rclpy_minimal_client
[1.406s] Installing client_async_member_function script to /media/michael/bach_SD_128GB/emo_ws/emo2.0/install/examples_rclpy_minimal_client/lib/examples_rclpy_minimal_client
[1.406s] writing list of installed files to '/media/michael/bach_SD_128GB/emo_ws/emo2.0/build/examples_rclpy_minimal_client/install.log'
[1.697s] Invoked command in '/media/michael/bach_SD_128GB/emo_ws/emo2.0/src/examples/rclpy/services/minimal_client' returned '0': PYTHONPATH=/media/michael/bach_SD_128GB/emo_ws/emo2.0/install/examples_rclpy_minimal_client/lib/python3.8/site-packages:${PYTHONPATH} /usr/bin/python3 setup.py egg_info --egg-base ../../../../../build/examples_rclpy_minimal_client build --build-base /media/michael/bach_SD_128GB/emo_ws/emo2.0/build/examples_rclpy_minimal_client/build install --prefix /media/michael/bach_SD_128GB/emo_ws/emo2.0/install/examples_rclpy_minimal_client --record /media/michael/bach_SD_128GB/emo_ws/emo2.0/build/examples_rclpy_minimal_client/install.log --single-version-externally-managed
