running egg_info
creating ../../../../../build/examples_rclpy_minimal_client/examples_rclpy_minimal_client.egg-info
writing ../../../../../build/examples_rclpy_minimal_client/examples_rclpy_minimal_client.egg-info/PKG-INFO
writing dependency_links to ../../../../../build/examples_rclpy_minimal_client/examples_rclpy_minimal_client.egg-info/dependency_links.txt
writing entry points to ../../../../../build/examples_rclpy_minimal_client/examples_rclpy_minimal_client.egg-info/entry_points.txt
writing requirements to ../../../../../build/examples_rclpy_minimal_client/examples_rclpy_minimal_client.egg-info/requires.txt
writing top-level names to ../../../../../build/examples_rclpy_minimal_client/examples_rclpy_minimal_client.egg-info/top_level.txt
writing manifest file '../../../../../build/examples_rclpy_minimal_client/examples_rclpy_minimal_client.egg-info/SOURCES.txt'
reading manifest file '../../../../../build/examples_rclpy_minimal_client/examples_rclpy_minimal_client.egg-info/SOURCES.txt'
writing manifest file '../../../../../build/examples_rclpy_minimal_client/examples_rclpy_minimal_client.egg-info/SOURCES.txt'
running build
running build_py
creating /media/michael/bach_SD_128GB/emo_ws/emo2.0/build/examples_rclpy_minimal_client/build
creating /media/michael/bach_SD_128GB/emo_ws/emo2.0/build/examples_rclpy_minimal_client/build/lib
creating /media/michael/bach_SD_128GB/emo_ws/emo2.0/build/examples_rclpy_minimal_client/build/lib/examples_rclpy_minimal_client
copying examples_rclpy_minimal_client/client_async.py -> /media/michael/bach_SD_128GB/emo_ws/emo2.0/build/examples_rclpy_minimal_client/build/lib/examples_rclpy_minimal_client
copying examples_rclpy_minimal_client/client.py -> /media/michael/bach_SD_128GB/emo_ws/emo2.0/build/examples_rclpy_minimal_client/build/lib/examples_rclpy_minimal_client
copying examples_rclpy_minimal_client/client_async_member_function.py -> /media/michael/bach_SD_128GB/emo_ws/emo2.0/build/examples_rclpy_minimal_client/build/lib/examples_rclpy_minimal_client
copying examples_rclpy_minimal_client/client_async_callback.py -> /media/michael/bach_SD_128GB/emo_ws/emo2.0/build/examples_rclpy_minimal_client/build/lib/examples_rclpy_minimal_client
copying examples_rclpy_minimal_client/__init__.py -> /media/michael/bach_SD_128GB/emo_ws/emo2.0/build/examples_rclpy_minimal_client/build/lib/examples_rclpy_minimal_client
running install
running install_lib
creating /media/michael/bach_SD_128GB/emo_ws/emo2.0/install/examples_rclpy_minimal_client/lib/python3.8/site-packages/examples_rclpy_minimal_client
copying /media/michael/bach_SD_128GB/emo_ws/emo2.0/build/examples_rclpy_minimal_client/build/lib/examples_rclpy_minimal_client/client_async.py -> /media/michael/bach_SD_128GB/emo_ws/emo2.0/install/examples_rclpy_minimal_client/lib/python3.8/site-packages/examples_rclpy_minimal_client
copying /media/michael/bach_SD_128GB/emo_ws/emo2.0/build/examples_rclpy_minimal_client/build/lib/examples_rclpy_minimal_client/client.py -> /media/michael/bach_SD_128GB/emo_ws/emo2.0/install/examples_rclpy_minimal_client/lib/python3.8/site-packages/examples_rclpy_minimal_client
copying /media/michael/bach_SD_128GB/emo_ws/emo2.0/build/examples_rclpy_minimal_client/build/lib/examples_rclpy_minimal_client/client_async_member_function.py -> /media/michael/bach_SD_128GB/emo_ws/emo2.0/install/examples_rclpy_minimal_client/lib/python3.8/site-packages/examples_rclpy_minimal_client
copying /media/michael/bach_SD_128GB/emo_ws/emo2.0/build/examples_rclpy_minimal_client/build/lib/examples_rclpy_minimal_client/client_async_callback.py -> /media/michael/bach_SD_128GB/emo_ws/emo2.0/install/examples_rclpy_minimal_client/lib/python3.8/site-packages/examples_rclpy_minimal_client
copying /media/michael/bach_SD_128GB/emo_ws/emo2.0/build/examples_rclpy_minimal_client/build/lib/examples_rclpy_minimal_client/__init__.py -> /media/michael/bach_SD_128GB/emo_ws/emo2.0/install/examples_rclpy_minimal_client/lib/python3.8/site-packages/examples_rclpy_minimal_client
byte-compiling /media/michael/bach_SD_128GB/emo_ws/emo2.0/install/examples_rclpy_minimal_client/lib/python3.8/site-packages/examples_rclpy_minimal_client/client_async.py to client_async.cpython-38.pyc
byte-compiling /media/michael/bach_SD_128GB/emo_ws/emo2.0/install/examples_rclpy_minimal_client/lib/python3.8/site-packages/examples_rclpy_minimal_client/client.py to client.cpython-38.pyc
byte-compiling /media/michael/bach_SD_128GB/emo_ws/emo2.0/install/examples_rclpy_minimal_client/lib/python3.8/site-packages/examples_rclpy_minimal_client/client_async_member_function.py to client_async_member_function.cpython-38.pyc
byte-compiling /media/michael/bach_SD_128GB/emo_ws/emo2.0/install/examples_rclpy_minimal_client/lib/python3.8/site-packages/examples_rclpy_minimal_client/client_async_callback.py to client_async_callback.cpython-38.pyc
byte-compiling /media/michael/bach_SD_128GB/emo_ws/emo2.0/install/examples_rclpy_minimal_client/lib/python3.8/site-packages/examples_rclpy_minimal_client/__init__.py to __init__.cpython-38.pyc
running install_data
creating /media/michael/bach_SD_128GB/emo_ws/emo2.0/install/examples_rclpy_minimal_client/share/ament_index
creating /media/michael/bach_SD_128GB/emo_ws/emo2.0/install/examples_rclpy_minimal_client/share/ament_index/resource_index
creating /media/michael/bach_SD_128GB/emo_ws/emo2.0/install/examples_rclpy_minimal_client/share/ament_index/resource_index/packages
copying resource/examples_rclpy_minimal_client -> /media/michael/bach_SD_128GB/emo_ws/emo2.0/install/examples_rclpy_minimal_client/share/ament_index/resource_index/packages
copying package.xml -> /media/michael/bach_SD_128GB/emo_ws/emo2.0/install/examples_rclpy_minimal_client/share/examples_rclpy_minimal_client
running install_egg_info
Copying ../../../../../build/examples_rclpy_minimal_client/examples_rclpy_minimal_client.egg-info to /media/michael/bach_SD_128GB/emo_ws/emo2.0/install/examples_rclpy_minimal_client/lib/python3.8/site-packages/examples_rclpy_minimal_client-0.9.4-py3.8.egg-info
running install_scripts
Installing client script to /media/michael/bach_SD_128GB/emo_ws/emo2.0/install/examples_rclpy_minimal_client/lib/examples_rclpy_minimal_client
Installing client_async script to /media/michael/bach_SD_128GB/emo_ws/emo2.0/install/examples_rclpy_minimal_client/lib/examples_rclpy_minimal_client
Installing client_async_callback script to /media/michael/bach_SD_128GB/emo_ws/emo2.0/install/examples_rclpy_minimal_client/lib/examples_rclpy_minimal_client
Installing client_async_member_function script to /media/michael/bach_SD_128GB/emo_ws/emo2.0/install/examples_rclpy_minimal_client/lib/examples_rclpy_minimal_client
writing list of installed files to '/media/michael/bach_SD_128GB/emo_ws/emo2.0/build/examples_rclpy_minimal_client/install.log'
