[0.586s] Invoking command in '/media/michael/bach_SD_128GB/emo_ws/emo2.0/src/emo_vision': PYTHONPATH=/media/michael/bach_SD_128GB/emo_ws/emo2.0/install/emo_vision/lib/python3.8/site-packages:${PYTHONPATH} /usr/bin/python3 setup.py egg_info --egg-base ../../build/emo_vision build --build-base /media/michael/bach_SD_128GB/emo_ws/emo2.0/build/emo_vision/build install --prefix /media/michael/bach_SD_128GB/emo_ws/emo2.0/install/emo_vision --record /media/michael/bach_SD_128GB/emo_ws/emo2.0/build/emo_vision/install.log --single-version-externally-managed
[1.069s] running egg_info
[1.070s] writing ../../build/emo_vision/emo_vision.egg-info/PKG-INFO
[1.070s] writing dependency_links to ../../build/emo_vision/emo_vision.egg-info/dependency_links.txt
[1.070s] writing entry points to ../../build/emo_vision/emo_vision.egg-info/entry_points.txt
[1.071s] writing requirements to ../../build/emo_vision/emo_vision.egg-info/requires.txt
[1.071s] writing top-level names to ../../build/emo_vision/emo_vision.egg-info/top_level.txt
[1.113s] reading manifest file '../../build/emo_vision/emo_vision.egg-info/SOURCES.txt'
[1.114s] writing manifest file '../../build/emo_vision/emo_vision.egg-info/SOURCES.txt'
[1.115s] running build
[1.115s] running build_py
[1.115s] running install
[1.116s] running install_lib
[1.118s] running install_data
[1.119s] running install_egg_info
[1.122s] removing '/media/michael/bach_SD_128GB/emo_ws/emo2.0/install/emo_vision/lib/python3.8/site-packages/emo_vision-0.0.0-py3.8.egg-info' (and everything under it)
[1.122s] Copying ../../build/emo_vision/emo_vision.egg-info to /media/michael/bach_SD_128GB/emo_ws/emo2.0/install/emo_vision/lib/python3.8/site-packages/emo_vision-0.0.0-py3.8.egg-info
[1.124s] running install_scripts
[1.156s] writing list of installed files to '/media/michael/bach_SD_128GB/emo_ws/emo2.0/build/emo_vision/install.log'
[1.246s] Invoked command in '/media/michael/bach_SD_128GB/emo_ws/emo2.0/src/emo_vision' returned '0': PYTHONPATH=/media/michael/bach_SD_128GB/emo_ws/emo2.0/install/emo_vision/lib/python3.8/site-packages:${PYTHONPATH} /usr/bin/python3 setup.py egg_info --egg-base ../../build/emo_vision build --build-base /media/michael/bach_SD_128GB/emo_ws/emo2.0/build/emo_vision/build install --prefix /media/michael/bach_SD_128GB/emo_ws/emo2.0/install/emo_vision --record /media/michael/bach_SD_128GB/emo_ws/emo2.0/build/emo_vision/install.log --single-version-externally-managed
