running egg_info
writing ../../build/emo_control/emo_control.egg-info/PKG-INFO
writing dependency_links to ../../build/emo_control/emo_control.egg-info/dependency_links.txt
writing entry points to ../../build/emo_control/emo_control.egg-info/entry_points.txt
writing requirements to ../../build/emo_control/emo_control.egg-info/requires.txt
writing top-level names to ../../build/emo_control/emo_control.egg-info/top_level.txt
reading manifest file '../../build/emo_control/emo_control.egg-info/SOURCES.txt'
writing manifest file '../../build/emo_control/emo_control.egg-info/SOURCES.txt'
running build
running build_py
running install
running install_lib
creating /media/michael/bach_SD_128GB/emo_ws/emo2.0/install/emo_control/lib/python3.8/site-packages/emo_proto
copying /media/michael/bach_SD_128GB/emo_ws/emo2.0/build/emo_control/build/lib/emo_proto/__init__.py -> /media/michael/bach_SD_128GB/emo_ws/emo2.0/install/emo_control/lib/python3.8/site-packages/emo_proto
copying /media/michael/bach_SD_128GB/emo_ws/emo2.0/build/emo_control/build/lib/emo_proto/emo_proto_publisher.py -> /media/michael/bach_SD_128GB/emo_ws/emo2.0/install/emo_control/lib/python3.8/site-packages/emo_proto
creating /media/michael/bach_SD_128GB/emo_ws/emo2.0/install/emo_control/lib/python3.8/site-packages/emo_control
copying /media/michael/bach_SD_128GB/emo_ws/emo2.0/build/emo_control/build/lib/emo_control/__init__.py -> /media/michael/bach_SD_128GB/emo_ws/emo2.0/install/emo_control/lib/python3.8/site-packages/emo_control
copying /media/michael/bach_SD_128GB/emo_ws/emo2.0/build/emo_control/build/lib/emo_control/emo_proto_subscriber.py -> /media/michael/bach_SD_128GB/emo_ws/emo2.0/install/emo_control/lib/python3.8/site-packages/emo_control
byte-compiling /media/michael/bach_SD_128GB/emo_ws/emo2.0/install/emo_control/lib/python3.8/site-packages/emo_proto/__init__.py to __init__.cpython-38.pyc
byte-compiling /media/michael/bach_SD_128GB/emo_ws/emo2.0/install/emo_control/lib/python3.8/site-packages/emo_proto/emo_proto_publisher.py to emo_proto_publisher.cpython-38.pyc
byte-compiling /media/michael/bach_SD_128GB/emo_ws/emo2.0/install/emo_control/lib/python3.8/site-packages/emo_control/__init__.py to __init__.cpython-38.pyc
byte-compiling /media/michael/bach_SD_128GB/emo_ws/emo2.0/install/emo_control/lib/python3.8/site-packages/emo_control/emo_proto_subscriber.py to emo_proto_subscriber.cpython-38.pyc
running install_data
creating /media/michael/bach_SD_128GB/emo_ws/emo2.0/install/emo_control/share/ament_index
creating /media/michael/bach_SD_128GB/emo_ws/emo2.0/install/emo_control/share/ament_index/resource_index
creating /media/michael/bach_SD_128GB/emo_ws/emo2.0/install/emo_control/share/ament_index/resource_index/packages
copying resource/emo_control -> /media/michael/bach_SD_128GB/emo_ws/emo2.0/install/emo_control/share/ament_index/resource_index/packages
copying package.xml -> /media/michael/bach_SD_128GB/emo_ws/emo2.0/install/emo_control/share/emo_control
running install_egg_info
Copying ../../build/emo_control/emo_control.egg-info to /media/michael/bach_SD_128GB/emo_ws/emo2.0/install/emo_control/lib/python3.8/site-packages/emo_control-0.0.1-py3.8.egg-info
running install_scripts
Installing control script to /media/michael/bach_SD_128GB/emo_ws/emo2.0/install/emo_control/lib/emo_proto
writing list of installed files to '/media/michael/bach_SD_128GB/emo_ws/emo2.0/build/emo_control/install.log'
