[1.317s] Invoking command in '/media/michael/bach_SD_128GB/emo_ws/emo2.0/src/emo_control': PYTHONPATH=/media/michael/bach_SD_128GB/emo_ws/emo2.0/install/emo_control/lib/python3.8/site-packages:${PYTHONPATH} /usr/bin/python3 setup.py egg_info --egg-base ../../build/emo_control build --build-base /media/michael/bach_SD_128GB/emo_ws/emo2.0/build/emo_control/build install --prefix /media/michael/bach_SD_128GB/emo_ws/emo2.0/install/emo_control --record /media/michael/bach_SD_128GB/emo_ws/emo2.0/build/emo_control/install.log --single-version-externally-managed
[1.806s] running egg_info
[1.807s] writing ../../build/emo_control/emo_control.egg-info/PKG-INFO
[1.807s] writing dependency_links to ../../build/emo_control/emo_control.egg-info/dependency_links.txt
[1.808s] writing entry points to ../../build/emo_control/emo_control.egg-info/entry_points.txt
[1.808s] writing requirements to ../../build/emo_control/emo_control.egg-info/requires.txt
[1.808s] writing top-level names to ../../build/emo_control/emo_control.egg-info/top_level.txt
[1.880s] reading manifest file '../../build/emo_control/emo_control.egg-info/SOURCES.txt'
[1.882s] writing manifest file '../../build/emo_control/emo_control.egg-info/SOURCES.txt'
[1.883s] running build
[1.883s] running build_py
[1.883s] running install
[1.885s] running install_lib
[1.887s] creating /media/michael/bach_SD_128GB/emo_ws/emo2.0/install/emo_control/lib/python3.8/site-packages/emo_proto
[1.887s] copying /media/michael/bach_SD_128GB/emo_ws/emo2.0/build/emo_control/build/lib/emo_proto/__init__.py -> /media/michael/bach_SD_128GB/emo_ws/emo2.0/install/emo_control/lib/python3.8/site-packages/emo_proto
[1.888s] copying /media/michael/bach_SD_128GB/emo_ws/emo2.0/build/emo_control/build/lib/emo_proto/emo_proto_publisher.py -> /media/michael/bach_SD_128GB/emo_ws/emo2.0/install/emo_control/lib/python3.8/site-packages/emo_proto
[1.888s] creating /media/michael/bach_SD_128GB/emo_ws/emo2.0/install/emo_control/lib/python3.8/site-packages/emo_control
[1.888s] copying /media/michael/bach_SD_128GB/emo_ws/emo2.0/build/emo_control/build/lib/emo_control/__init__.py -> /media/michael/bach_SD_128GB/emo_ws/emo2.0/install/emo_control/lib/python3.8/site-packages/emo_control
[1.888s] copying /media/michael/bach_SD_128GB/emo_ws/emo2.0/build/emo_control/build/lib/emo_control/emo_proto_subscriber.py -> /media/michael/bach_SD_128GB/emo_ws/emo2.0/install/emo_control/lib/python3.8/site-packages/emo_control
[1.889s] byte-compiling /media/michael/bach_SD_128GB/emo_ws/emo2.0/install/emo_control/lib/python3.8/site-packages/emo_proto/__init__.py to __init__.cpython-38.pyc
[1.892s] byte-compiling /media/michael/bach_SD_128GB/emo_ws/emo2.0/install/emo_control/lib/python3.8/site-packages/emo_proto/emo_proto_publisher.py to emo_proto_publisher.cpython-38.pyc
[1.892s] byte-compiling /media/michael/bach_SD_128GB/emo_ws/emo2.0/install/emo_control/lib/python3.8/site-packages/emo_control/__init__.py to __init__.cpython-38.pyc
[1.893s] byte-compiling /media/michael/bach_SD_128GB/emo_ws/emo2.0/install/emo_control/lib/python3.8/site-packages/emo_control/emo_proto_subscriber.py to emo_proto_subscriber.cpython-38.pyc
[1.893s] running install_data
[1.895s] creating /media/michael/bach_SD_128GB/emo_ws/emo2.0/install/emo_control/share/ament_index
[1.895s] creating /media/michael/bach_SD_128GB/emo_ws/emo2.0/install/emo_control/share/ament_index/resource_index
[1.895s] creating /media/michael/bach_SD_128GB/emo_ws/emo2.0/install/emo_control/share/ament_index/resource_index/packages
[1.895s] copying resource/emo_control -> /media/michael/bach_SD_128GB/emo_ws/emo2.0/install/emo_control/share/ament_index/resource_index/packages
[1.896s] copying package.xml -> /media/michael/bach_SD_128GB/emo_ws/emo2.0/install/emo_control/share/emo_control
[1.896s] running install_egg_info
[1.899s] Copying ../../build/emo_control/emo_control.egg-info to /media/michael/bach_SD_128GB/emo_ws/emo2.0/install/emo_control/lib/python3.8/site-packages/emo_control-0.0.1-py3.8.egg-info
[1.901s] running install_scripts
[1.960s] Installing control script to /media/michael/bach_SD_128GB/emo_ws/emo2.0/install/emo_control/lib/emo_proto
[1.961s] writing list of installed files to '/media/michael/bach_SD_128GB/emo_ws/emo2.0/build/emo_control/install.log'
[2.081s] Invoked command in '/media/michael/bach_SD_128GB/emo_ws/emo2.0/src/emo_control' returned '0': PYTHONPATH=/media/michael/bach_SD_128GB/emo_ws/emo2.0/install/emo_control/lib/python3.8/site-packages:${PYTHONPATH} /usr/bin/python3 setup.py egg_info --egg-base ../../build/emo_control build --build-base /media/michael/bach_SD_128GB/emo_ws/emo2.0/build/emo_control/build install --prefix /media/michael/bach_SD_128GB/emo_ws/emo2.0/install/emo_control --record /media/michael/bach_SD_128GB/emo_ws/emo2.0/build/emo_control/install.log --single-version-externally-managed
