[0.424s] Invoking command in '/media/michael/bach_SD_128GB/emo_ws/emo2.0/build/examples_rclcpp_minimal_action_client': CMAKE_PREFIX_PATH=${CMAKE_PREFIX_PATH}:/sd/emo_ws/emo2.0/install/py_pubsub:/sd/emo_ws/emo2.0/install/examples_rclpy_minimal_subscriber:/sd/emo_ws/emo2.0/install/examples_rclpy_minimal_service:/sd/emo_ws/emo2.0/install/examples_rclpy_minimal_publisher:/sd/emo_ws/emo2.0/install/examples_rclpy_minimal_client:/sd/emo_ws/emo2.0/install/examples_rclpy_minimal_action_server:/sd/emo_ws/emo2.0/install/examples_rclpy_minimal_action_client:/sd/emo_ws/emo2.0/install/examples_rclpy_executors:/sd/emo_ws/emo2.0/install/emo_voice:/sd/emo_ws/emo2.0/install/emo_vision:/sd/emo_ws/emo2.0/install/emo_proximity:/sd/emo_ws/emo2.0/install/emo_proto:/sd/emo_ws/emo2.0/install/emo_power:/sd/emo_ws/emo2.0/install/emo_lidar:/sd/emo_ws/emo2.0/install/emo_head:/sd/emo_ws/emo2.0/install/emo_drive:/sd/emo_ws/emo2.0/install/emo_control:/sd/emo_ws/emo2.0/install/emo_3dvision:/opt/ros/foxy /usr/bin/cmake --build /media/michael/bach_SD_128GB/emo_ws/emo2.0/build/examples_rclcpp_minimal_action_client -- -j4 -l4
[0.706s] [ 25%] Built target action_client_not_composable_with_cancel
[0.734s] [ 50%] Built target action_client_member_functions
[0.737s] [ 75%] Built target action_client_not_composable
[0.751s] [100%] Built target action_client_not_composable_with_feedback
[0.776s] Invoked command in '/media/michael/bach_SD_128GB/emo_ws/emo2.0/build/examples_rclcpp_minimal_action_client' returned '0': CMAKE_PREFIX_PATH=${CMAKE_PREFIX_PATH}:/sd/emo_ws/emo2.0/install/py_pubsub:/sd/emo_ws/emo2.0/install/examples_rclpy_minimal_subscriber:/sd/emo_ws/emo2.0/install/examples_rclpy_minimal_service:/sd/emo_ws/emo2.0/install/examples_rclpy_minimal_publisher:/sd/emo_ws/emo2.0/install/examples_rclpy_minimal_client:/sd/emo_ws/emo2.0/install/examples_rclpy_minimal_action_server:/sd/emo_ws/emo2.0/install/examples_rclpy_minimal_action_client:/sd/emo_ws/emo2.0/install/examples_rclpy_executors:/sd/emo_ws/emo2.0/install/emo_voice:/sd/emo_ws/emo2.0/install/emo_vision:/sd/emo_ws/emo2.0/install/emo_proximity:/sd/emo_ws/emo2.0/install/emo_proto:/sd/emo_ws/emo2.0/install/emo_power:/sd/emo_ws/emo2.0/install/emo_lidar:/sd/emo_ws/emo2.0/install/emo_head:/sd/emo_ws/emo2.0/install/emo_drive:/sd/emo_ws/emo2.0/install/emo_control:/sd/emo_ws/emo2.0/install/emo_3dvision:/opt/ros/foxy /usr/bin/cmake --build /media/michael/bach_SD_128GB/emo_ws/emo2.0/build/examples_rclcpp_minimal_action_client -- -j4 -l4
[0.877s] Invoking command in '/media/michael/bach_SD_128GB/emo_ws/emo2.0/build/examples_rclcpp_minimal_action_client': CMAKE_PREFIX_PATH=${CMAKE_PREFIX_PATH}:/sd/emo_ws/emo2.0/install/py_pubsub:/sd/emo_ws/emo2.0/install/examples_rclpy_minimal_subscriber:/sd/emo_ws/emo2.0/install/examples_rclpy_minimal_service:/sd/emo_ws/emo2.0/install/examples_rclpy_minimal_publisher:/sd/emo_ws/emo2.0/install/examples_rclpy_minimal_client:/sd/emo_ws/emo2.0/install/examples_rclpy_minimal_action_server:/sd/emo_ws/emo2.0/install/examples_rclpy_minimal_action_client:/sd/emo_ws/emo2.0/install/examples_rclpy_executors:/sd/emo_ws/emo2.0/install/emo_voice:/sd/emo_ws/emo2.0/install/emo_vision:/sd/emo_ws/emo2.0/install/emo_proximity:/sd/emo_ws/emo2.0/install/emo_proto:/sd/emo_ws/emo2.0/install/emo_power:/sd/emo_ws/emo2.0/install/emo_lidar:/sd/emo_ws/emo2.0/install/emo_head:/sd/emo_ws/emo2.0/install/emo_drive:/sd/emo_ws/emo2.0/install/emo_control:/sd/emo_ws/emo2.0/install/emo_3dvision:/opt/ros/foxy /usr/bin/cmake --install /media/michael/bach_SD_128GB/emo_ws/emo2.0/build/examples_rclcpp_minimal_action_client
[0.894s] -- Install configuration: ""
[0.895s] -- Up-to-date: /media/michael/bach_SD_128GB/emo_ws/emo2.0/install/examples_rclcpp_minimal_action_client/lib/examples_rclcpp_minimal_action_client/action_client_member_functions
[0.895s] -- Up-to-date: /media/michael/bach_SD_128GB/emo_ws/emo2.0/install/examples_rclcpp_minimal_action_client/lib/examples_rclcpp_minimal_action_client/action_client_not_composable
[0.895s] -- Up-to-date: /media/michael/bach_SD_128GB/emo_ws/emo2.0/install/examples_rclcpp_minimal_action_client/lib/examples_rclcpp_minimal_action_client/action_client_not_composable_with_cancel
[0.896s] -- Up-to-date: /media/michael/bach_SD_128GB/emo_ws/emo2.0/install/examples_rclcpp_minimal_action_client/lib/examples_rclcpp_minimal_action_client/action_client_not_composable_with_feedback
[0.896s] -- Up-to-date: /media/michael/bach_SD_128GB/emo_ws/emo2.0/install/examples_rclcpp_minimal_action_client/share/ament_index/resource_index/package_run_dependencies/examples_rclcpp_minimal_action_client
[0.897s] -- Up-to-date: /media/michael/bach_SD_128GB/emo_ws/emo2.0/install/examples_rclcpp_minimal_action_client/share/ament_index/resource_index/parent_prefix_path/examples_rclcpp_minimal_action_client
[0.897s] -- Up-to-date: /media/michael/bach_SD_128GB/emo_ws/emo2.0/install/examples_rclcpp_minimal_action_client/share/examples_rclcpp_minimal_action_client/environment/ament_prefix_path.sh
[0.897s] -- Up-to-date: /media/michael/bach_SD_128GB/emo_ws/emo2.0/install/examples_rclcpp_minimal_action_client/share/examples_rclcpp_minimal_action_client/environment/ament_prefix_path.dsv
[0.898s] -- Up-to-date: /media/michael/bach_SD_128GB/emo_ws/emo2.0/install/examples_rclcpp_minimal_action_client/share/examples_rclcpp_minimal_action_client/environment/path.sh
[0.898s] -- Up-to-date: /media/michael/bach_SD_128GB/emo_ws/emo2.0/install/examples_rclcpp_minimal_action_client/share/examples_rclcpp_minimal_action_client/environment/path.dsv
[0.898s] -- Up-to-date: /media/michael/bach_SD_128GB/emo_ws/emo2.0/install/examples_rclcpp_minimal_action_client/share/examples_rclcpp_minimal_action_client/local_setup.bash
[0.898s] -- Up-to-date: /media/michael/bach_SD_128GB/emo_ws/emo2.0/install/examples_rclcpp_minimal_action_client/share/examples_rclcpp_minimal_action_client/local_setup.sh
[0.899s] -- Up-to-date: /media/michael/bach_SD_128GB/emo_ws/emo2.0/install/examples_rclcpp_minimal_action_client/share/examples_rclcpp_minimal_action_client/local_setup.zsh
[0.899s] -- Up-to-date: /media/michael/bach_SD_128GB/emo_ws/emo2.0/install/examples_rclcpp_minimal_action_client/share/examples_rclcpp_minimal_action_client/local_setup.dsv
[0.899s] -- Installing: /media/michael/bach_SD_128GB/emo_ws/emo2.0/install/examples_rclcpp_minimal_action_client/share/examples_rclcpp_minimal_action_client/package.dsv
[0.899s] -- Up-to-date: /media/michael/bach_SD_128GB/emo_ws/emo2.0/install/examples_rclcpp_minimal_action_client/share/ament_index/resource_index/packages/examples_rclcpp_minimal_action_client
[0.899s] -- Up-to-date: /media/michael/bach_SD_128GB/emo_ws/emo2.0/install/examples_rclcpp_minimal_action_client/share/examples_rclcpp_minimal_action_client/cmake/examples_rclcpp_minimal_action_clientConfig.cmake
[0.899s] -- Up-to-date: /media/michael/bach_SD_128GB/emo_ws/emo2.0/install/examples_rclcpp_minimal_action_client/share/examples_rclcpp_minimal_action_client/cmake/examples_rclcpp_minimal_action_clientConfig-version.cmake
[0.899s] -- Up-to-date: /media/michael/bach_SD_128GB/emo_ws/emo2.0/install/examples_rclcpp_minimal_action_client/share/examples_rclcpp_minimal_action_client/package.xml
[0.917s] Invoked command in '/media/michael/bach_SD_128GB/emo_ws/emo2.0/build/examples_rclcpp_minimal_action_client' returned '0': CMAKE_PREFIX_PATH=${CMAKE_PREFIX_PATH}:/sd/emo_ws/emo2.0/install/py_pubsub:/sd/emo_ws/emo2.0/install/examples_rclpy_minimal_subscriber:/sd/emo_ws/emo2.0/install/examples_rclpy_minimal_service:/sd/emo_ws/emo2.0/install/examples_rclpy_minimal_publisher:/sd/emo_ws/emo2.0/install/examples_rclpy_minimal_client:/sd/emo_ws/emo2.0/install/examples_rclpy_minimal_action_server:/sd/emo_ws/emo2.0/install/examples_rclpy_minimal_action_client:/sd/emo_ws/emo2.0/install/examples_rclpy_executors:/sd/emo_ws/emo2.0/install/emo_voice:/sd/emo_ws/emo2.0/install/emo_vision:/sd/emo_ws/emo2.0/install/emo_proximity:/sd/emo_ws/emo2.0/install/emo_proto:/sd/emo_ws/emo2.0/install/emo_power:/sd/emo_ws/emo2.0/install/emo_lidar:/sd/emo_ws/emo2.0/install/emo_head:/sd/emo_ws/emo2.0/install/emo_drive:/sd/emo_ws/emo2.0/install/emo_control:/sd/emo_ws/emo2.0/install/emo_3dvision:/opt/ros/foxy /usr/bin/cmake --install /media/michael/bach_SD_128GB/emo_ws/emo2.0/build/examples_rclcpp_minimal_action_client
