running egg_info
creating ../../../../../build/examples_rclpy_minimal_action_server/examples_rclpy_minimal_action_server.egg-info
writing ../../../../../build/examples_rclpy_minimal_action_server/examples_rclpy_minimal_action_server.egg-info/PKG-INFO
writing dependency_links to ../../../../../build/examples_rclpy_minimal_action_server/examples_rclpy_minimal_action_server.egg-info/dependency_links.txt
writing entry points to ../../../../../build/examples_rclpy_minimal_action_server/examples_rclpy_minimal_action_server.egg-info/entry_points.txt
writing requirements to ../../../../../build/examples_rclpy_minimal_action_server/examples_rclpy_minimal_action_server.egg-info/requires.txt
writing top-level names to ../../../../../build/examples_rclpy_minimal_action_server/examples_rclpy_minimal_action_server.egg-info/top_level.txt
writing manifest file '../../../../../build/examples_rclpy_minimal_action_server/examples_rclpy_minimal_action_server.egg-info/SOURCES.txt'
reading manifest file '../../../../../build/examples_rclpy_minimal_action_server/examples_rclpy_minimal_action_server.egg-info/SOURCES.txt'
writing manifest file '../../../../../build/examples_rclpy_minimal_action_server/examples_rclpy_minimal_action_server.egg-info/SOURCES.txt'
running build
running build_py
creating /media/michael/bach_SD_128GB/emo_ws/emo2.0/build/examples_rclpy_minimal_action_server/build
creating /media/michael/bach_SD_128GB/emo_ws/emo2.0/build/examples_rclpy_minimal_action_server/build/lib
creating /media/michael/bach_SD_128GB/emo_ws/emo2.0/build/examples_rclpy_minimal_action_server/build/lib/examples_rclpy_minimal_action_server
copying examples_rclpy_minimal_action_server/server.py -> /media/michael/bach_SD_128GB/emo_ws/emo2.0/build/examples_rclpy_minimal_action_server/build/lib/examples_rclpy_minimal_action_server
copying examples_rclpy_minimal_action_server/server_not_composable.py -> /media/michael/bach_SD_128GB/emo_ws/emo2.0/build/examples_rclpy_minimal_action_server/build/lib/examples_rclpy_minimal_action_server
copying examples_rclpy_minimal_action_server/server_single_goal.py -> /media/michael/bach_SD_128GB/emo_ws/emo2.0/build/examples_rclpy_minimal_action_server/build/lib/examples_rclpy_minimal_action_server
copying examples_rclpy_minimal_action_server/server_defer.py -> /media/michael/bach_SD_128GB/emo_ws/emo2.0/build/examples_rclpy_minimal_action_server/build/lib/examples_rclpy_minimal_action_server
copying examples_rclpy_minimal_action_server/server_queue_goals.py -> /media/michael/bach_SD_128GB/emo_ws/emo2.0/build/examples_rclpy_minimal_action_server/build/lib/examples_rclpy_minimal_action_server
copying examples_rclpy_minimal_action_server/__init__.py -> /media/michael/bach_SD_128GB/emo_ws/emo2.0/build/examples_rclpy_minimal_action_server/build/lib/examples_rclpy_minimal_action_server
running install
running install_lib
creating /media/michael/bach_SD_128GB/emo_ws/emo2.0/install/examples_rclpy_minimal_action_server/lib/python3.8/site-packages/examples_rclpy_minimal_action_server
copying /media/michael/bach_SD_128GB/emo_ws/emo2.0/build/examples_rclpy_minimal_action_server/build/lib/examples_rclpy_minimal_action_server/server.py -> /media/michael/bach_SD_128GB/emo_ws/emo2.0/install/examples_rclpy_minimal_action_server/lib/python3.8/site-packages/examples_rclpy_minimal_action_server
copying /media/michael/bach_SD_128GB/emo_ws/emo2.0/build/examples_rclpy_minimal_action_server/build/lib/examples_rclpy_minimal_action_server/server_not_composable.py -> /media/michael/bach_SD_128GB/emo_ws/emo2.0/install/examples_rclpy_minimal_action_server/lib/python3.8/site-packages/examples_rclpy_minimal_action_server
copying /media/michael/bach_SD_128GB/emo_ws/emo2.0/build/examples_rclpy_minimal_action_server/build/lib/examples_rclpy_minimal_action_server/server_single_goal.py -> /media/michael/bach_SD_128GB/emo_ws/emo2.0/install/examples_rclpy_minimal_action_server/lib/python3.8/site-packages/examples_rclpy_minimal_action_server
copying /media/michael/bach_SD_128GB/emo_ws/emo2.0/build/examples_rclpy_minimal_action_server/build/lib/examples_rclpy_minimal_action_server/server_defer.py -> /media/michael/bach_SD_128GB/emo_ws/emo2.0/install/examples_rclpy_minimal_action_server/lib/python3.8/site-packages/examples_rclpy_minimal_action_server
copying /media/michael/bach_SD_128GB/emo_ws/emo2.0/build/examples_rclpy_minimal_action_server/build/lib/examples_rclpy_minimal_action_server/server_queue_goals.py -> /media/michael/bach_SD_128GB/emo_ws/emo2.0/install/examples_rclpy_minimal_action_server/lib/python3.8/site-packages/examples_rclpy_minimal_action_server
copying /media/michael/bach_SD_128GB/emo_ws/emo2.0/build/examples_rclpy_minimal_action_server/build/lib/examples_rclpy_minimal_action_server/__init__.py -> /media/michael/bach_SD_128GB/emo_ws/emo2.0/install/examples_rclpy_minimal_action_server/lib/python3.8/site-packages/examples_rclpy_minimal_action_server
byte-compiling /media/michael/bach_SD_128GB/emo_ws/emo2.0/install/examples_rclpy_minimal_action_server/lib/python3.8/site-packages/examples_rclpy_minimal_action_server/server.py to server.cpython-38.pyc
byte-compiling /media/michael/bach_SD_128GB/emo_ws/emo2.0/install/examples_rclpy_minimal_action_server/lib/python3.8/site-packages/examples_rclpy_minimal_action_server/server_not_composable.py to server_not_composable.cpython-38.pyc
byte-compiling /media/michael/bach_SD_128GB/emo_ws/emo2.0/install/examples_rclpy_minimal_action_server/lib/python3.8/site-packages/examples_rclpy_minimal_action_server/server_single_goal.py to server_single_goal.cpython-38.pyc
byte-compiling /media/michael/bach_SD_128GB/emo_ws/emo2.0/install/examples_rclpy_minimal_action_server/lib/python3.8/site-packages/examples_rclpy_minimal_action_server/server_defer.py to server_defer.cpython-38.pyc
byte-compiling /media/michael/bach_SD_128GB/emo_ws/emo2.0/install/examples_rclpy_minimal_action_server/lib/python3.8/site-packages/examples_rclpy_minimal_action_server/server_queue_goals.py to server_queue_goals.cpython-38.pyc
byte-compiling /media/michael/bach_SD_128GB/emo_ws/emo2.0/install/examples_rclpy_minimal_action_server/lib/python3.8/site-packages/examples_rclpy_minimal_action_server/__init__.py to __init__.cpython-38.pyc
running install_data
creating /media/michael/bach_SD_128GB/emo_ws/emo2.0/install/examples_rclpy_minimal_action_server/share/ament_index
creating /media/michael/bach_SD_128GB/emo_ws/emo2.0/install/examples_rclpy_minimal_action_server/share/ament_index/resource_index
creating /media/michael/bach_SD_128GB/emo_ws/emo2.0/install/examples_rclpy_minimal_action_server/share/ament_index/resource_index/packages
copying resource/examples_rclpy_minimal_action_server -> /media/michael/bach_SD_128GB/emo_ws/emo2.0/install/examples_rclpy_minimal_action_server/share/ament_index/resource_index/packages
copying package.xml -> /media/michael/bach_SD_128GB/emo_ws/emo2.0/install/examples_rclpy_minimal_action_server/share/examples_rclpy_minimal_action_server
running install_egg_info
Copying ../../../../../build/examples_rclpy_minimal_action_server/examples_rclpy_minimal_action_server.egg-info to /media/michael/bach_SD_128GB/emo_ws/emo2.0/install/examples_rclpy_minimal_action_server/lib/python3.8/site-packages/examples_rclpy_minimal_action_server-0.9.4-py3.8.egg-info
running install_scripts
Installing server script to /media/michael/bach_SD_128GB/emo_ws/emo2.0/install/examples_rclpy_minimal_action_server/lib/examples_rclpy_minimal_action_server
Installing server_defer script to /media/michael/bach_SD_128GB/emo_ws/emo2.0/install/examples_rclpy_minimal_action_server/lib/examples_rclpy_minimal_action_server
Installing server_not_composable script to /media/michael/bach_SD_128GB/emo_ws/emo2.0/install/examples_rclpy_minimal_action_server/lib/examples_rclpy_minimal_action_server
Installing server_queue_goals script to /media/michael/bach_SD_128GB/emo_ws/emo2.0/install/examples_rclpy_minimal_action_server/lib/examples_rclpy_minimal_action_server
Installing server_single_goal script to /media/michael/bach_SD_128GB/emo_ws/emo2.0/install/examples_rclpy_minimal_action_server/lib/examples_rclpy_minimal_action_server
writing list of installed files to '/media/michael/bach_SD_128GB/emo_ws/emo2.0/build/examples_rclpy_minimal_action_server/install.log'
