/media/michael/bach_SD_128GB/emo_ws/emo2.0/install/examples_rclpy_minimal_client/lib/python3.8/site-packages/examples_rclpy_minimal_client/client_async.py
/media/michael/bach_SD_128GB/emo_ws/emo2.0/install/examples_rclpy_minimal_client/lib/python3.8/site-packages/examples_rclpy_minimal_client/client.py
/media/michael/bach_SD_128GB/emo_ws/emo2.0/install/examples_rclpy_minimal_client/lib/python3.8/site-packages/examples_rclpy_minimal_client/client_async_member_function.py
/media/michael/bach_SD_128GB/emo_ws/emo2.0/install/examples_rclpy_minimal_client/lib/python3.8/site-packages/examples_rclpy_minimal_client/client_async_callback.py
/media/michael/bach_SD_128GB/emo_ws/emo2.0/install/examples_rclpy_minimal_client/lib/python3.8/site-packages/examples_rclpy_minimal_client/__init__.py
/media/michael/bach_SD_128GB/emo_ws/emo2.0/install/examples_rclpy_minimal_client/lib/python3.8/site-packages/examples_rclpy_minimal_client/__pycache__/client_async.cpython-38.pyc
/media/michael/bach_SD_128GB/emo_ws/emo2.0/install/examples_rclpy_minimal_client/lib/python3.8/site-packages/examples_rclpy_minimal_client/__pycache__/client.cpython-38.pyc
/media/michael/bach_SD_128GB/emo_ws/emo2.0/install/examples_rclpy_minimal_client/lib/python3.8/site-packages/examples_rclpy_minimal_client/__pycache__/client_async_member_function.cpython-38.pyc
/media/michael/bach_SD_128GB/emo_ws/emo2.0/install/examples_rclpy_minimal_client/lib/python3.8/site-packages/examples_rclpy_minimal_client/__pycache__/client_async_callback.cpython-38.pyc
/media/michael/bach_SD_128GB/emo_ws/emo2.0/install/examples_rclpy_minimal_client/lib/python3.8/site-packages/examples_rclpy_minimal_client/__pycache__/__init__.cpython-38.pyc
/media/michael/bach_SD_128GB/emo_ws/emo2.0/install/examples_rclpy_minimal_client/share/ament_index/resource_index/packages/examples_rclpy_minimal_client
/media/michael/bach_SD_128GB/emo_ws/emo2.0/install/examples_rclpy_minimal_client/share/examples_rclpy_minimal_client/package.xml
/media/michael/bach_SD_128GB/emo_ws/emo2.0/install/examples_rclpy_minimal_client/lib/python3.8/site-packages/examples_rclpy_minimal_client-0.9.4-py3.8.egg-info/SOURCES.txt
/media/michael/bach_SD_128GB/emo_ws/emo2.0/install/examples_rclpy_minimal_client/lib/python3.8/site-packages/examples_rclpy_minimal_client-0.9.4-py3.8.egg-info/dependency_links.txt
/media/michael/bach_SD_128GB/emo_ws/emo2.0/install/examples_rclpy_minimal_client/lib/python3.8/site-packages/examples_rclpy_minimal_client-0.9.4-py3.8.egg-info/top_level.txt
/media/michael/bach_SD_128GB/emo_ws/emo2.0/install/examples_rclpy_minimal_client/lib/python3.8/site-packages/examples_rclpy_minimal_client-0.9.4-py3.8.egg-info/requires.txt
/media/michael/bach_SD_128GB/emo_ws/emo2.0/install/examples_rclpy_minimal_client/lib/python3.8/site-packages/examples_rclpy_minimal_client-0.9.4-py3.8.egg-info/zip-safe
/media/michael/bach_SD_128GB/emo_ws/emo2.0/install/examples_rclpy_minimal_client/lib/python3.8/site-packages/examples_rclpy_minimal_client-0.9.4-py3.8.egg-info/PKG-INFO
/media/michael/bach_SD_128GB/emo_ws/emo2.0/install/examples_rclpy_minimal_client/lib/python3.8/site-packages/examples_rclpy_minimal_client-0.9.4-py3.8.egg-info/entry_points.txt
/media/michael/bach_SD_128GB/emo_ws/emo2.0/install/examples_rclpy_minimal_client/lib/examples_rclpy_minimal_client/client
/media/michael/bach_SD_128GB/emo_ws/emo2.0/install/examples_rclpy_minimal_client/lib/examples_rclpy_minimal_client/client_async
/media/michael/bach_SD_128GB/emo_ws/emo2.0/install/examples_rclpy_minimal_client/lib/examples_rclpy_minimal_client/client_async_callback
/media/michael/bach_SD_128GB/emo_ws/emo2.0/install/examples_rclpy_minimal_client/lib/examples_rclpy_minimal_client/client_async_member_function
