[0.043s] Invoking command in '/media/michael/bach_SD_128GB/emo_ws/emo2.0/build/examples_rclcpp_multithreaded_executor': CMAKE_PREFIX_PATH=/opt/ros/foxy /usr/bin/cmake /media/michael/bach_SD_128GB/emo_ws/emo2.0/src/examples/rclcpp/executors/multithreaded_executor -DCMAKE_INSTALL_PREFIX=/media/michael/bach_SD_128GB/emo_ws/emo2.0/install/examples_rclcpp_multithreaded_executor
[0.333s] -- The C compiler identification is GNU 9.3.0
[0.574s] -- The CXX compiler identification is GNU 9.3.0
[0.591s] -- Check for working C compiler: /usr/bin/cc
[0.755s] -- Check for working C compiler: /usr/bin/cc -- works
[0.757s] -- Detecting C compiler ABI info
[0.924s] -- Detecting C compiler ABI info - done
[0.970s] -- Detecting C compile features
[0.973s] -- Detecting C compile features - done
[0.977s] -- Check for working CXX compiler: /usr/bin/c++
[1.185s] -- Check for working CXX compiler: /usr/bin/c++ -- works
[1.194s] -- Detecting CXX compiler ABI info
[1.404s] -- Detecting CXX compiler ABI info - done
[1.487s] -- Detecting CXX compile features
[1.496s] -- Detecting CXX compile features - done
[1.513s] -- Found ament_cmake: 0.9.8 (/opt/ros/foxy/share/ament_cmake/cmake)
[1.590s] -- Found PythonInterp: /usr/bin/python3 (found suitable version "3.8.5", minimum required is "3") 
[1.591s] -- Using PYTHON_EXECUTABLE: /usr/bin/python3
[2.052s] -- Found rclcpp: 2.3.0 (/opt/ros/foxy/share/rclcpp/cmake)
[2.179s] -- Using all available rosidl_typesupport_c: rosidl_typesupport_fastrtps_c;rosidl_typesupport_introspection_c
[2.207s] -- Found rosidl_adapter: 1.2.0 (/opt/ros/foxy/share/rosidl_adapter/cmake)
[2.395s] -- Found OpenSSL: /usr/lib/x86_64-linux-gnu/libcrypto.so (found version "1.1.1f")  
[2.495s] -- Found FastRTPS: /opt/ros/foxy/include  
[2.814s] -- Using all available rosidl_typesupport_cpp: rosidl_typesupport_fastrtps_cpp;rosidl_typesupport_introspection_cpp
[2.995s] -- Found rmw_implementation_cmake: 1.0.2 (/opt/ros/foxy/share/rmw_implementation_cmake/cmake)
[3.000s] -- Using RMW implementation 'rmw_fastrtps_cpp' as default
[3.003s] -- Looking for pthread.h
[3.207s] -- Looking for pthread.h - found
[3.208s] -- Performing Test CMAKE_HAVE_LIBC_PTHREAD
[3.417s] -- Performing Test CMAKE_HAVE_LIBC_PTHREAD - Failed
[3.417s] -- Looking for pthread_create in pthreads
[3.535s] -- Looking for pthread_create in pthreads - not found
[3.536s] -- Looking for pthread_create in pthread
[3.943s] -- Looking for pthread_create in pthread - found
[3.943s] -- Found Threads: TRUE  
[4.759s] -- Found ament_lint_auto: 0.9.6 (/opt/ros/foxy/share/ament_lint_auto/cmake)
[4.934s] -- Added test 'copyright' to check source files copyright and LICENSE
[4.937s] -- Added test 'cppcheck' to perform static code analysis on C / C++ code
[4.938s] -- Configured cppcheck include dirs: 
[4.939s] -- Configured cppcheck exclude dirs and/or files: 
[4.940s] -- Added test 'cpplint' to check C / C++ code against the Google style
[4.941s] -- Configured cpplint exclude dirs and/or files: 
[4.945s] -- Added test 'lint_cmake' to check CMake code style
[4.946s] -- Added test 'uncrustify' to check C / C++ code style
[4.946s] -- Configured uncrustify additional arguments: 
[4.947s] -- Added test 'xmllint' to check XML markup files
[4.954s] -- Configuring done
[4.996s] -- Generating done
[5.006s] -- Build files have been written to: /media/michael/bach_SD_128GB/emo_ws/emo2.0/build/examples_rclcpp_multithreaded_executor
[5.039s] Invoked command in '/media/michael/bach_SD_128GB/emo_ws/emo2.0/build/examples_rclcpp_multithreaded_executor' returned '0': CMAKE_PREFIX_PATH=/opt/ros/foxy /usr/bin/cmake /media/michael/bach_SD_128GB/emo_ws/emo2.0/src/examples/rclcpp/executors/multithreaded_executor -DCMAKE_INSTALL_PREFIX=/media/michael/bach_SD_128GB/emo_ws/emo2.0/install/examples_rclcpp_multithreaded_executor
[5.046s] Invoking command in '/media/michael/bach_SD_128GB/emo_ws/emo2.0/build/examples_rclcpp_multithreaded_executor': CMAKE_PREFIX_PATH=/opt/ros/foxy /usr/bin/cmake --build /media/michael/bach_SD_128GB/emo_ws/emo2.0/build/examples_rclcpp_multithreaded_executor -- -j4 -l4
[5.137s] [35m[1mScanning dependencies of target multithreaded_executor[0m
[5.336s] [ 50%] [32mBuilding CXX object CMakeFiles/multithreaded_executor.dir/multithreaded_executor.cpp.o[0m
[17.515s] [100%] [32m[1mLinking CXX executable multithreaded_executor[0m
[18.066s] [100%] Built target multithreaded_executor
[18.092s] Invoked command in '/media/michael/bach_SD_128GB/emo_ws/emo2.0/build/examples_rclcpp_multithreaded_executor' returned '0': CMAKE_PREFIX_PATH=/opt/ros/foxy /usr/bin/cmake --build /media/michael/bach_SD_128GB/emo_ws/emo2.0/build/examples_rclcpp_multithreaded_executor -- -j4 -l4
[18.147s] Invoking command in '/media/michael/bach_SD_128GB/emo_ws/emo2.0/build/examples_rclcpp_multithreaded_executor': CMAKE_PREFIX_PATH=/opt/ros/foxy /usr/bin/cmake --install /media/michael/bach_SD_128GB/emo_ws/emo2.0/build/examples_rclcpp_multithreaded_executor
[18.167s] -- Install configuration: ""
[18.168s] -- Installing: /media/michael/bach_SD_128GB/emo_ws/emo2.0/install/examples_rclcpp_multithreaded_executor/lib/examples_rclcpp_multithreaded_executor/multithreaded_executor
[18.172s] -- Set runtime path of "/media/michael/bach_SD_128GB/emo_ws/emo2.0/install/examples_rclcpp_multithreaded_executor/lib/examples_rclcpp_multithreaded_executor/multithreaded_executor" to ""
[18.173s] -- Installing: /media/michael/bach_SD_128GB/emo_ws/emo2.0/install/examples_rclcpp_multithreaded_executor/share/ament_index/resource_index/package_run_dependencies/examples_rclcpp_multithreaded_executor
[18.174s] -- Installing: /media/michael/bach_SD_128GB/emo_ws/emo2.0/install/examples_rclcpp_multithreaded_executor/share/ament_index/resource_index/parent_prefix_path/examples_rclcpp_multithreaded_executor
[18.175s] -- Installing: /media/michael/bach_SD_128GB/emo_ws/emo2.0/install/examples_rclcpp_multithreaded_executor/share/examples_rclcpp_multithreaded_executor/environment/ament_prefix_path.sh
[18.175s] -- Installing: /media/michael/bach_SD_128GB/emo_ws/emo2.0/install/examples_rclcpp_multithreaded_executor/share/examples_rclcpp_multithreaded_executor/environment/ament_prefix_path.dsv
[18.176s] -- Installing: /media/michael/bach_SD_128GB/emo_ws/emo2.0/install/examples_rclcpp_multithreaded_executor/share/examples_rclcpp_multithreaded_executor/environment/path.sh
[18.177s] -- Installing: /media/michael/bach_SD_128GB/emo_ws/emo2.0/install/examples_rclcpp_multithreaded_executor/share/examples_rclcpp_multithreaded_executor/environment/path.dsv
[18.177s] -- Installing: /media/michael/bach_SD_128GB/emo_ws/emo2.0/install/examples_rclcpp_multithreaded_executor/share/examples_rclcpp_multithreaded_executor/local_setup.bash
[18.178s] -- Installing: /media/michael/bach_SD_128GB/emo_ws/emo2.0/install/examples_rclcpp_multithreaded_executor/share/examples_rclcpp_multithreaded_executor/local_setup.sh
[18.179s] -- Installing: /media/michael/bach_SD_128GB/emo_ws/emo2.0/install/examples_rclcpp_multithreaded_executor/share/examples_rclcpp_multithreaded_executor/local_setup.zsh
[18.179s] -- Installing: /media/michael/bach_SD_128GB/emo_ws/emo2.0/install/examples_rclcpp_multithreaded_executor/share/examples_rclcpp_multithreaded_executor/local_setup.dsv
[18.180s] -- Installing: /media/michael/bach_SD_128GB/emo_ws/emo2.0/install/examples_rclcpp_multithreaded_executor/share/examples_rclcpp_multithreaded_executor/package.dsv
[18.181s] -- Installing: /media/michael/bach_SD_128GB/emo_ws/emo2.0/install/examples_rclcpp_multithreaded_executor/share/ament_index/resource_index/packages/examples_rclcpp_multithreaded_executor
[18.181s] -- Installing: /media/michael/bach_SD_128GB/emo_ws/emo2.0/install/examples_rclcpp_multithreaded_executor/share/examples_rclcpp_multithreaded_executor/cmake/examples_rclcpp_multithreaded_executorConfig.cmake
[18.182s] -- Installing: /media/michael/bach_SD_128GB/emo_ws/emo2.0/install/examples_rclcpp_multithreaded_executor/share/examples_rclcpp_multithreaded_executor/cmake/examples_rclcpp_multithreaded_executorConfig-version.cmake
[18.182s] -- Installing: /media/michael/bach_SD_128GB/emo_ws/emo2.0/install/examples_rclcpp_multithreaded_executor/share/examples_rclcpp_multithreaded_executor/package.xml
[18.199s] Invoked command in '/media/michael/bach_SD_128GB/emo_ws/emo2.0/build/examples_rclcpp_multithreaded_executor' returned '0': CMAKE_PREFIX_PATH=/opt/ros/foxy /usr/bin/cmake --install /media/michael/bach_SD_128GB/emo_ws/emo2.0/build/examples_rclcpp_multithreaded_executor
