[0.435s] Invoking command in '/media/michael/bach_SD_128GB/emo_ws/emo2.0/src/py_pubsub': PYTHONPATH=/media/michael/bach_SD_128GB/emo_ws/emo2.0/install/py_pubsub/lib/python3.8/site-packages:${PYTHONPATH} /usr/bin/python3 setup.py egg_info --egg-base ../../build/py_pubsub build --build-base /media/michael/bach_SD_128GB/emo_ws/emo2.0/build/py_pubsub/build install --prefix /media/michael/bach_SD_128GB/emo_ws/emo2.0/install/py_pubsub --record /media/michael/bach_SD_128GB/emo_ws/emo2.0/build/py_pubsub/install.log --single-version-externally-managed
[0.789s] running egg_info
[0.790s] writing ../../build/py_pubsub/py_pubsub.egg-info/PKG-INFO
[0.790s] writing dependency_links to ../../build/py_pubsub/py_pubsub.egg-info/dependency_links.txt
[0.791s] writing entry points to ../../build/py_pubsub/py_pubsub.egg-info/entry_points.txt
[0.791s] writing requirements to ../../build/py_pubsub/py_pubsub.egg-info/requires.txt
[0.791s] writing top-level names to ../../build/py_pubsub/py_pubsub.egg-info/top_level.txt
[0.828s] reading manifest file '../../build/py_pubsub/py_pubsub.egg-info/SOURCES.txt'
[0.829s] writing manifest file '../../build/py_pubsub/py_pubsub.egg-info/SOURCES.txt'
[0.829s] running build
[0.830s] running build_py
[0.830s] running install
[0.831s] running install_lib
[0.833s] running install_data
[0.834s] running install_egg_info
[0.838s] removing '/media/michael/bach_SD_128GB/emo_ws/emo2.0/install/py_pubsub/lib/python3.8/site-packages/py_pubsub-0.0.0-py3.8.egg-info' (and everything under it)
[0.838s] Copying ../../build/py_pubsub/py_pubsub.egg-info to /media/michael/bach_SD_128GB/emo_ws/emo2.0/install/py_pubsub/lib/python3.8/site-packages/py_pubsub-0.0.0-py3.8.egg-info
[0.840s] running install_scripts
[0.864s] Installing listener script to /media/michael/bach_SD_128GB/emo_ws/emo2.0/install/py_pubsub/lib/py_pubsub
[0.864s] Installing talker script to /media/michael/bach_SD_128GB/emo_ws/emo2.0/install/py_pubsub/lib/py_pubsub
[0.864s] writing list of installed files to '/media/michael/bach_SD_128GB/emo_ws/emo2.0/build/py_pubsub/install.log'
[0.893s] Invoked command in '/media/michael/bach_SD_128GB/emo_ws/emo2.0/src/py_pubsub' returned '0': PYTHONPATH=/media/michael/bach_SD_128GB/emo_ws/emo2.0/install/py_pubsub/lib/python3.8/site-packages:${PYTHONPATH} /usr/bin/python3 setup.py egg_info --egg-base ../../build/py_pubsub build --build-base /media/michael/bach_SD_128GB/emo_ws/emo2.0/build/py_pubsub/build install --prefix /media/michael/bach_SD_128GB/emo_ws/emo2.0/install/py_pubsub --record /media/michael/bach_SD_128GB/emo_ws/emo2.0/build/py_pubsub/install.log --single-version-externally-managed
