[1.312s] Invoking command in '/media/michael/bach_SD_128GB/emo_ws/emo2.0/src/emo_drive': PYTHONPATH=/media/michael/bach_SD_128GB/emo_ws/emo2.0/install/emo_drive/lib/python3.8/site-packages:${PYTHONPATH} /usr/bin/python3 setup.py egg_info --egg-base ../../build/emo_drive build --build-base /media/michael/bach_SD_128GB/emo_ws/emo2.0/build/emo_drive/build install --prefix /media/michael/bach_SD_128GB/emo_ws/emo2.0/install/emo_drive --record /media/michael/bach_SD_128GB/emo_ws/emo2.0/build/emo_drive/install.log --single-version-externally-managed
[1.779s] running egg_info
[1.781s] writing ../../build/emo_drive/emo_drive.egg-info/PKG-INFO
[1.781s] writing dependency_links to ../../build/emo_drive/emo_drive.egg-info/dependency_links.txt
[1.782s] writing entry points to ../../build/emo_drive/emo_drive.egg-info/entry_points.txt
[1.782s] writing requirements to ../../build/emo_drive/emo_drive.egg-info/requires.txt
[1.782s] writing top-level names to ../../build/emo_drive/emo_drive.egg-info/top_level.txt
[1.929s] reading manifest file '../../build/emo_drive/emo_drive.egg-info/SOURCES.txt'
[1.931s] writing manifest file '../../build/emo_drive/emo_drive.egg-info/SOURCES.txt'
[1.931s] running build
[1.931s] running build_py
[1.932s] running install
[1.933s] running install_lib
[1.949s] running install_data
[1.950s] running install_egg_info
[1.953s] removing '/media/michael/bach_SD_128GB/emo_ws/emo2.0/install/emo_drive/lib/python3.8/site-packages/emo_drive-0.0.0-py3.8.egg-info' (and everything under it)
[1.953s] Copying ../../build/emo_drive/emo_drive.egg-info to /media/michael/bach_SD_128GB/emo_ws/emo2.0/install/emo_drive/lib/python3.8/site-packages/emo_drive-0.0.0-py3.8.egg-info
[1.955s] running install_scripts
[2.030s] writing list of installed files to '/media/michael/bach_SD_128GB/emo_ws/emo2.0/build/emo_drive/install.log'
[2.119s] Invoked command in '/media/michael/bach_SD_128GB/emo_ws/emo2.0/src/emo_drive' returned '0': PYTHONPATH=/media/michael/bach_SD_128GB/emo_ws/emo2.0/install/emo_drive/lib/python3.8/site-packages:${PYTHONPATH} /usr/bin/python3 setup.py egg_info --egg-base ../../build/emo_drive build --build-base /media/michael/bach_SD_128GB/emo_ws/emo2.0/build/emo_drive/build install --prefix /media/michael/bach_SD_128GB/emo_ws/emo2.0/install/emo_drive --record /media/michael/bach_SD_128GB/emo_ws/emo2.0/build/emo_drive/install.log --single-version-externally-managed
