[0.745s] Invoking command in '/media/michael/bach_SD_128GB/emo_ws/emo2.0/src/examples/rclpy/actions/minimal_action_client': PYTHONPATH=/media/michael/bach_SD_128GB/emo_ws/emo2.0/install/examples_rclpy_minimal_action_client/lib/python3.8/site-packages:${PYTHONPATH} /usr/bin/python3 setup.py egg_info --egg-base ../../../../../build/examples_rclpy_minimal_action_client build --build-base /media/michael/bach_SD_128GB/emo_ws/emo2.0/build/examples_rclpy_minimal_action_client/build install --prefix /media/michael/bach_SD_128GB/emo_ws/emo2.0/install/examples_rclpy_minimal_action_client --record /media/michael/bach_SD_128GB/emo_ws/emo2.0/build/examples_rclpy_minimal_action_client/install.log --single-version-externally-managed
[1.273s] running egg_info
[1.275s] writing ../../../../../build/examples_rclpy_minimal_action_client/examples_rclpy_minimal_action_client.egg-info/PKG-INFO
[1.275s] writing dependency_links to ../../../../../build/examples_rclpy_minimal_action_client/examples_rclpy_minimal_action_client.egg-info/dependency_links.txt
[1.276s] writing entry points to ../../../../../build/examples_rclpy_minimal_action_client/examples_rclpy_minimal_action_client.egg-info/entry_points.txt
[1.276s] writing requirements to ../../../../../build/examples_rclpy_minimal_action_client/examples_rclpy_minimal_action_client.egg-info/requires.txt
[1.276s] writing top-level names to ../../../../../build/examples_rclpy_minimal_action_client/examples_rclpy_minimal_action_client.egg-info/top_level.txt
[1.321s] reading manifest file '../../../../../build/examples_rclpy_minimal_action_client/examples_rclpy_minimal_action_client.egg-info/SOURCES.txt'
[1.323s] writing manifest file '../../../../../build/examples_rclpy_minimal_action_client/examples_rclpy_minimal_action_client.egg-info/SOURCES.txt'
[1.324s] running build
[1.324s] running build_py
[1.324s] running install
[1.326s] running install_lib
[1.329s] running install_data
[1.330s] running install_egg_info
[1.333s] removing '/media/michael/bach_SD_128GB/emo_ws/emo2.0/install/examples_rclpy_minimal_action_client/lib/python3.8/site-packages/examples_rclpy_minimal_action_client-0.9.4-py3.8.egg-info' (and everything under it)
[1.333s] Copying ../../../../../build/examples_rclpy_minimal_action_client/examples_rclpy_minimal_action_client.egg-info to /media/michael/bach_SD_128GB/emo_ws/emo2.0/install/examples_rclpy_minimal_action_client/lib/python3.8/site-packages/examples_rclpy_minimal_action_client-0.9.4-py3.8.egg-info
[1.335s] running install_scripts
[1.360s] Installing client script to /media/michael/bach_SD_128GB/emo_ws/emo2.0/install/examples_rclpy_minimal_action_client/lib/examples_rclpy_minimal_action_client
[1.360s] Installing client_cancel script to /media/michael/bach_SD_128GB/emo_ws/emo2.0/install/examples_rclpy_minimal_action_client/lib/examples_rclpy_minimal_action_client
[1.360s] Installing client_not_composable script to /media/michael/bach_SD_128GB/emo_ws/emo2.0/install/examples_rclpy_minimal_action_client/lib/examples_rclpy_minimal_action_client
[1.360s] writing list of installed files to '/media/michael/bach_SD_128GB/emo_ws/emo2.0/build/examples_rclpy_minimal_action_client/install.log'
[1.730s] Invoked command in '/media/michael/bach_SD_128GB/emo_ws/emo2.0/src/examples/rclpy/actions/minimal_action_client' returned '0': PYTHONPATH=/media/michael/bach_SD_128GB/emo_ws/emo2.0/install/examples_rclpy_minimal_action_client/lib/python3.8/site-packages:${PYTHONPATH} /usr/bin/python3 setup.py egg_info --egg-base ../../../../../build/examples_rclpy_minimal_action_client build --build-base /media/michael/bach_SD_128GB/emo_ws/emo2.0/build/examples_rclpy_minimal_action_client/build install --prefix /media/michael/bach_SD_128GB/emo_ws/emo2.0/install/examples_rclpy_minimal_action_client --record /media/michael/bach_SD_128GB/emo_ws/emo2.0/build/examples_rclpy_minimal_action_client/install.log --single-version-externally-managed
