[2.137s] Invoking command in '/media/michael/bach_SD_128GB/emo_ws/emo2.0/src/emo_drive': PYTHONPATH=/media/michael/bach_SD_128GB/emo_ws/emo2.0/install/emo_drive/lib/python3.8/site-packages:${PYTHONPATH} /usr/bin/python3 setup.py egg_info --egg-base ../../build/emo_drive build --build-base /media/michael/bach_SD_128GB/emo_ws/emo2.0/build/emo_drive/build install --prefix /media/michael/bach_SD_128GB/emo_ws/emo2.0/install/emo_drive --record /media/michael/bach_SD_128GB/emo_ws/emo2.0/build/emo_drive/install.log --single-version-externally-managed
[2.792s] running egg_info
[2.793s] writing ../../build/emo_drive/emo_drive.egg-info/PKG-INFO
[2.793s] writing dependency_links to ../../build/emo_drive/emo_drive.egg-info/dependency_links.txt
[2.794s] writing entry points to ../../build/emo_drive/emo_drive.egg-info/entry_points.txt
[2.805s] writing requirements to ../../build/emo_drive/emo_drive.egg-info/requires.txt
[2.807s] writing top-level names to ../../build/emo_drive/emo_drive.egg-info/top_level.txt
[2.945s] reading manifest file '../../build/emo_drive/emo_drive.egg-info/SOURCES.txt'
[2.952s] writing manifest file '../../build/emo_drive/emo_drive.egg-info/SOURCES.txt'
[2.953s] running build
[2.953s] running build_py
[2.955s] running install
[2.964s] running install_lib
[2.972s] running install_data
[2.974s] running install_egg_info
[2.983s] removing '/media/michael/bach_SD_128GB/emo_ws/emo2.0/install/emo_drive/lib/python3.8/site-packages/emo_drive-0.0.0-py3.8.egg-info' (and everything under it)
[2.985s] Copying ../../build/emo_drive/emo_drive.egg-info to /media/michael/bach_SD_128GB/emo_ws/emo2.0/install/emo_drive/lib/python3.8/site-packages/emo_drive-0.0.0-py3.8.egg-info
[2.999s] running install_scripts
[3.072s] writing list of installed files to '/media/michael/bach_SD_128GB/emo_ws/emo2.0/build/emo_drive/install.log'
[3.201s] Invoked command in '/media/michael/bach_SD_128GB/emo_ws/emo2.0/src/emo_drive' returned '0': PYTHONPATH=/media/michael/bach_SD_128GB/emo_ws/emo2.0/install/emo_drive/lib/python3.8/site-packages:${PYTHONPATH} /usr/bin/python3 setup.py egg_info --egg-base ../../build/emo_drive build --build-base /media/michael/bach_SD_128GB/emo_ws/emo2.0/build/emo_drive/build install --prefix /media/michael/bach_SD_128GB/emo_ws/emo2.0/install/emo_drive --record /media/michael/bach_SD_128GB/emo_ws/emo2.0/build/emo_drive/install.log --single-version-externally-managed
