/media/michael/bach_SD_128GB/emo_ws/emo2.0/install/examples_rclpy_minimal_action_server/lib/python3.8/site-packages/examples_rclpy_minimal_action_server/server.py
/media/michael/bach_SD_128GB/emo_ws/emo2.0/install/examples_rclpy_minimal_action_server/lib/python3.8/site-packages/examples_rclpy_minimal_action_server/server_not_composable.py
/media/michael/bach_SD_128GB/emo_ws/emo2.0/install/examples_rclpy_minimal_action_server/lib/python3.8/site-packages/examples_rclpy_minimal_action_server/server_single_goal.py
/media/michael/bach_SD_128GB/emo_ws/emo2.0/install/examples_rclpy_minimal_action_server/lib/python3.8/site-packages/examples_rclpy_minimal_action_server/server_defer.py
/media/michael/bach_SD_128GB/emo_ws/emo2.0/install/examples_rclpy_minimal_action_server/lib/python3.8/site-packages/examples_rclpy_minimal_action_server/server_queue_goals.py
/media/michael/bach_SD_128GB/emo_ws/emo2.0/install/examples_rclpy_minimal_action_server/lib/python3.8/site-packages/examples_rclpy_minimal_action_server/__init__.py
/media/michael/bach_SD_128GB/emo_ws/emo2.0/install/examples_rclpy_minimal_action_server/lib/python3.8/site-packages/examples_rclpy_minimal_action_server/__pycache__/server.cpython-38.pyc
/media/michael/bach_SD_128GB/emo_ws/emo2.0/install/examples_rclpy_minimal_action_server/lib/python3.8/site-packages/examples_rclpy_minimal_action_server/__pycache__/server_not_composable.cpython-38.pyc
/media/michael/bach_SD_128GB/emo_ws/emo2.0/install/examples_rclpy_minimal_action_server/lib/python3.8/site-packages/examples_rclpy_minimal_action_server/__pycache__/server_single_goal.cpython-38.pyc
/media/michael/bach_SD_128GB/emo_ws/emo2.0/install/examples_rclpy_minimal_action_server/lib/python3.8/site-packages/examples_rclpy_minimal_action_server/__pycache__/server_defer.cpython-38.pyc
/media/michael/bach_SD_128GB/emo_ws/emo2.0/install/examples_rclpy_minimal_action_server/lib/python3.8/site-packages/examples_rclpy_minimal_action_server/__pycache__/server_queue_goals.cpython-38.pyc
/media/michael/bach_SD_128GB/emo_ws/emo2.0/install/examples_rclpy_minimal_action_server/lib/python3.8/site-packages/examples_rclpy_minimal_action_server/__pycache__/__init__.cpython-38.pyc
/media/michael/bach_SD_128GB/emo_ws/emo2.0/install/examples_rclpy_minimal_action_server/share/ament_index/resource_index/packages/examples_rclpy_minimal_action_server
/media/michael/bach_SD_128GB/emo_ws/emo2.0/install/examples_rclpy_minimal_action_server/share/examples_rclpy_minimal_action_server/package.xml
/media/michael/bach_SD_128GB/emo_ws/emo2.0/install/examples_rclpy_minimal_action_server/lib/python3.8/site-packages/examples_rclpy_minimal_action_server-0.9.4-py3.8.egg-info/SOURCES.txt
/media/michael/bach_SD_128GB/emo_ws/emo2.0/install/examples_rclpy_minimal_action_server/lib/python3.8/site-packages/examples_rclpy_minimal_action_server-0.9.4-py3.8.egg-info/dependency_links.txt
/media/michael/bach_SD_128GB/emo_ws/emo2.0/install/examples_rclpy_minimal_action_server/lib/python3.8/site-packages/examples_rclpy_minimal_action_server-0.9.4-py3.8.egg-info/top_level.txt
/media/michael/bach_SD_128GB/emo_ws/emo2.0/install/examples_rclpy_minimal_action_server/lib/python3.8/site-packages/examples_rclpy_minimal_action_server-0.9.4-py3.8.egg-info/requires.txt
/media/michael/bach_SD_128GB/emo_ws/emo2.0/install/examples_rclpy_minimal_action_server/lib/python3.8/site-packages/examples_rclpy_minimal_action_server-0.9.4-py3.8.egg-info/zip-safe
/media/michael/bach_SD_128GB/emo_ws/emo2.0/install/examples_rclpy_minimal_action_server/lib/python3.8/site-packages/examples_rclpy_minimal_action_server-0.9.4-py3.8.egg-info/PKG-INFO
/media/michael/bach_SD_128GB/emo_ws/emo2.0/install/examples_rclpy_minimal_action_server/lib/python3.8/site-packages/examples_rclpy_minimal_action_server-0.9.4-py3.8.egg-info/entry_points.txt
/media/michael/bach_SD_128GB/emo_ws/emo2.0/install/examples_rclpy_minimal_action_server/lib/examples_rclpy_minimal_action_server/server
/media/michael/bach_SD_128GB/emo_ws/emo2.0/install/examples_rclpy_minimal_action_server/lib/examples_rclpy_minimal_action_server/server_defer
/media/michael/bach_SD_128GB/emo_ws/emo2.0/install/examples_rclpy_minimal_action_server/lib/examples_rclpy_minimal_action_server/server_not_composable
/media/michael/bach_SD_128GB/emo_ws/emo2.0/install/examples_rclpy_minimal_action_server/lib/examples_rclpy_minimal_action_server/server_queue_goals
/media/michael/bach_SD_128GB/emo_ws/emo2.0/install/examples_rclpy_minimal_action_server/lib/examples_rclpy_minimal_action_server/server_single_goal
