[0.490s] Invoking command in '/media/michael/bach_SD_128GB/emo_ws/emo2.0/src/examples/rclpy/executors': PYTHONPATH=/media/michael/bach_SD_128GB/emo_ws/emo2.0/install/examples_rclpy_executors/lib/python3.8/site-packages:${PYTHONPATH} /usr/bin/python3 setup.py egg_info --egg-base ../../../../build/examples_rclpy_executors build --build-base /media/michael/bach_SD_128GB/emo_ws/emo2.0/build/examples_rclpy_executors/build install --prefix /media/michael/bach_SD_128GB/emo_ws/emo2.0/install/examples_rclpy_executors --record /media/michael/bach_SD_128GB/emo_ws/emo2.0/build/examples_rclpy_executors/install.log --single-version-externally-managed
[0.954s] running egg_info
[0.956s] writing ../../../../build/examples_rclpy_executors/examples_rclpy_executors.egg-info/PKG-INFO
[0.956s] writing dependency_links to ../../../../build/examples_rclpy_executors/examples_rclpy_executors.egg-info/dependency_links.txt
[0.956s] writing entry points to ../../../../build/examples_rclpy_executors/examples_rclpy_executors.egg-info/entry_points.txt
[0.958s] writing requirements to ../../../../build/examples_rclpy_executors/examples_rclpy_executors.egg-info/requires.txt
[0.958s] writing top-level names to ../../../../build/examples_rclpy_executors/examples_rclpy_executors.egg-info/top_level.txt
[1.021s] reading manifest file '../../../../build/examples_rclpy_executors/examples_rclpy_executors.egg-info/SOURCES.txt'
[1.023s] writing manifest file '../../../../build/examples_rclpy_executors/examples_rclpy_executors.egg-info/SOURCES.txt'
[1.024s] running build
[1.024s] running build_py
[1.025s] running install
[1.029s] running install_lib
[1.030s] running install_data
[1.031s] running install_egg_info
[1.039s] removing '/media/michael/bach_SD_128GB/emo_ws/emo2.0/install/examples_rclpy_executors/lib/python3.8/site-packages/examples_rclpy_executors-0.9.4-py3.8.egg-info' (and everything under it)
[1.039s] Copying ../../../../build/examples_rclpy_executors/examples_rclpy_executors.egg-info to /media/michael/bach_SD_128GB/emo_ws/emo2.0/install/examples_rclpy_executors/lib/python3.8/site-packages/examples_rclpy_executors-0.9.4-py3.8.egg-info
[1.039s] running install_scripts
[1.065s] Installing callback_group script to /media/michael/bach_SD_128GB/emo_ws/emo2.0/install/examples_rclpy_executors/lib/examples_rclpy_executors
[1.066s] Installing composed script to /media/michael/bach_SD_128GB/emo_ws/emo2.0/install/examples_rclpy_executors/lib/examples_rclpy_executors
[1.067s] Installing custom_callback_group script to /media/michael/bach_SD_128GB/emo_ws/emo2.0/install/examples_rclpy_executors/lib/examples_rclpy_executors
[1.070s] Installing custom_executor script to /media/michael/bach_SD_128GB/emo_ws/emo2.0/install/examples_rclpy_executors/lib/examples_rclpy_executors
[1.070s] Installing listener script to /media/michael/bach_SD_128GB/emo_ws/emo2.0/install/examples_rclpy_executors/lib/examples_rclpy_executors
[1.070s] Installing talker script to /media/michael/bach_SD_128GB/emo_ws/emo2.0/install/examples_rclpy_executors/lib/examples_rclpy_executors
[1.070s] writing list of installed files to '/media/michael/bach_SD_128GB/emo_ws/emo2.0/build/examples_rclpy_executors/install.log'
[1.120s] Invoked command in '/media/michael/bach_SD_128GB/emo_ws/emo2.0/src/examples/rclpy/executors' returned '0': PYTHONPATH=/media/michael/bach_SD_128GB/emo_ws/emo2.0/install/examples_rclpy_executors/lib/python3.8/site-packages:${PYTHONPATH} /usr/bin/python3 setup.py egg_info --egg-base ../../../../build/examples_rclpy_executors build --build-base /media/michael/bach_SD_128GB/emo_ws/emo2.0/build/examples_rclpy_executors/build install --prefix /media/michael/bach_SD_128GB/emo_ws/emo2.0/install/examples_rclpy_executors --record /media/michael/bach_SD_128GB/emo_ws/emo2.0/build/examples_rclpy_executors/install.log --single-version-externally-managed
