[0.580s] Invoking command in '/media/michael/bach_SD_128GB/emo_ws/emo2.0/src/py_pubsub': PYTHONPATH=/media/michael/bach_SD_128GB/emo_ws/emo2.0/install/py_pubsub/lib/python3.8/site-packages:${PYTHONPATH} /usr/bin/python3 setup.py egg_info --egg-base ../../build/py_pubsub build --build-base /media/michael/bach_SD_128GB/emo_ws/emo2.0/build/py_pubsub/build install --prefix /media/michael/bach_SD_128GB/emo_ws/emo2.0/install/py_pubsub --record /media/michael/bach_SD_128GB/emo_ws/emo2.0/build/py_pubsub/install.log --single-version-externally-managed
[0.987s] running egg_info
[0.988s] writing ../../build/py_pubsub/py_pubsub.egg-info/PKG-INFO
[0.989s] writing dependency_links to ../../build/py_pubsub/py_pubsub.egg-info/dependency_links.txt
[0.989s] writing entry points to ../../build/py_pubsub/py_pubsub.egg-info/entry_points.txt
[0.989s] writing requirements to ../../build/py_pubsub/py_pubsub.egg-info/requires.txt
[0.989s] writing top-level names to ../../build/py_pubsub/py_pubsub.egg-info/top_level.txt
[1.031s] reading manifest file '../../build/py_pubsub/py_pubsub.egg-info/SOURCES.txt'
[1.032s] writing manifest file '../../build/py_pubsub/py_pubsub.egg-info/SOURCES.txt'
[1.033s] running build
[1.033s] running build_py
[1.033s] running install
[1.035s] running install_lib
[1.038s] running install_data
[1.038s] running install_egg_info
[1.042s] removing '/media/michael/bach_SD_128GB/emo_ws/emo2.0/install/py_pubsub/lib/python3.8/site-packages/py_pubsub-0.0.0-py3.8.egg-info' (and everything under it)
[1.042s] Copying ../../build/py_pubsub/py_pubsub.egg-info to /media/michael/bach_SD_128GB/emo_ws/emo2.0/install/py_pubsub/lib/python3.8/site-packages/py_pubsub-0.0.0-py3.8.egg-info
[1.043s] running install_scripts
[1.065s] Installing listener script to /media/michael/bach_SD_128GB/emo_ws/emo2.0/install/py_pubsub/lib/py_pubsub
[1.066s] Installing talker script to /media/michael/bach_SD_128GB/emo_ws/emo2.0/install/py_pubsub/lib/py_pubsub
[1.066s] writing list of installed files to '/media/michael/bach_SD_128GB/emo_ws/emo2.0/build/py_pubsub/install.log'
[1.094s] Invoked command in '/media/michael/bach_SD_128GB/emo_ws/emo2.0/src/py_pubsub' returned '0': PYTHONPATH=/media/michael/bach_SD_128GB/emo_ws/emo2.0/install/py_pubsub/lib/python3.8/site-packages:${PYTHONPATH} /usr/bin/python3 setup.py egg_info --egg-base ../../build/py_pubsub build --build-base /media/michael/bach_SD_128GB/emo_ws/emo2.0/build/py_pubsub/build install --prefix /media/michael/bach_SD_128GB/emo_ws/emo2.0/install/py_pubsub --record /media/michael/bach_SD_128GB/emo_ws/emo2.0/build/py_pubsub/install.log --single-version-externally-managed
