[1.279s] Invoking command in '/media/michael/bach_SD_128GB/emo_ws/emo2.0/src/examples/rclpy/executors': PYTHONPATH=/media/michael/bach_SD_128GB/emo_ws/emo2.0/install/examples_rclpy_executors/lib/python3.8/site-packages:${PYTHONPATH} /usr/bin/python3 setup.py egg_info --egg-base ../../../../build/examples_rclpy_executors build --build-base /media/michael/bach_SD_128GB/emo_ws/emo2.0/build/examples_rclpy_executors/build install --prefix /media/michael/bach_SD_128GB/emo_ws/emo2.0/install/examples_rclpy_executors --record /media/michael/bach_SD_128GB/emo_ws/emo2.0/build/examples_rclpy_executors/install.log --single-version-externally-managed
[1.893s] running egg_info
[1.893s] creating ../../../../build/examples_rclpy_executors/examples_rclpy_executors.egg-info
[1.894s] writing ../../../../build/examples_rclpy_executors/examples_rclpy_executors.egg-info/PKG-INFO
[1.894s] writing dependency_links to ../../../../build/examples_rclpy_executors/examples_rclpy_executors.egg-info/dependency_links.txt
[1.894s] writing entry points to ../../../../build/examples_rclpy_executors/examples_rclpy_executors.egg-info/entry_points.txt
[1.894s] writing requirements to ../../../../build/examples_rclpy_executors/examples_rclpy_executors.egg-info/requires.txt
[1.894s] writing top-level names to ../../../../build/examples_rclpy_executors/examples_rclpy_executors.egg-info/top_level.txt
[1.901s] writing manifest file '../../../../build/examples_rclpy_executors/examples_rclpy_executors.egg-info/SOURCES.txt'
[1.967s] reading manifest file '../../../../build/examples_rclpy_executors/examples_rclpy_executors.egg-info/SOURCES.txt'
[1.979s] writing manifest file '../../../../build/examples_rclpy_executors/examples_rclpy_executors.egg-info/SOURCES.txt'
[1.980s] running build
[1.980s] running build_py
[1.982s] creating /media/michael/bach_SD_128GB/emo_ws/emo2.0/build/examples_rclpy_executors/build
[1.984s] creating /media/michael/bach_SD_128GB/emo_ws/emo2.0/build/examples_rclpy_executors/build/lib
[1.984s] creating /media/michael/bach_SD_128GB/emo_ws/emo2.0/build/examples_rclpy_executors/build/lib/examples_rclpy_executors
[1.985s] copying examples_rclpy_executors/composed.py -> /media/michael/bach_SD_128GB/emo_ws/emo2.0/build/examples_rclpy_executors/build/lib/examples_rclpy_executors
[1.985s] copying examples_rclpy_executors/callback_group.py -> /media/michael/bach_SD_128GB/emo_ws/emo2.0/build/examples_rclpy_executors/build/lib/examples_rclpy_executors
[1.985s] copying examples_rclpy_executors/custom_callback_group.py -> /media/michael/bach_SD_128GB/emo_ws/emo2.0/build/examples_rclpy_executors/build/lib/examples_rclpy_executors
[1.985s] copying examples_rclpy_executors/talker.py -> /media/michael/bach_SD_128GB/emo_ws/emo2.0/build/examples_rclpy_executors/build/lib/examples_rclpy_executors
[1.985s] copying examples_rclpy_executors/__init__.py -> /media/michael/bach_SD_128GB/emo_ws/emo2.0/build/examples_rclpy_executors/build/lib/examples_rclpy_executors
[1.986s] copying examples_rclpy_executors/listener.py -> /media/michael/bach_SD_128GB/emo_ws/emo2.0/build/examples_rclpy_executors/build/lib/examples_rclpy_executors
[1.986s] copying examples_rclpy_executors/custom_executor.py -> /media/michael/bach_SD_128GB/emo_ws/emo2.0/build/examples_rclpy_executors/build/lib/examples_rclpy_executors
[1.992s] running install
[1.993s] running install_lib
[1.993s] creating /media/michael/bach_SD_128GB/emo_ws/emo2.0/install/examples_rclpy_executors/lib/python3.8/site-packages/examples_rclpy_executors
[1.994s] copying /media/michael/bach_SD_128GB/emo_ws/emo2.0/build/examples_rclpy_executors/build/lib/examples_rclpy_executors/composed.py -> /media/michael/bach_SD_128GB/emo_ws/emo2.0/install/examples_rclpy_executors/lib/python3.8/site-packages/examples_rclpy_executors
[1.995s] copying /media/michael/bach_SD_128GB/emo_ws/emo2.0/build/examples_rclpy_executors/build/lib/examples_rclpy_executors/callback_group.py -> /media/michael/bach_SD_128GB/emo_ws/emo2.0/install/examples_rclpy_executors/lib/python3.8/site-packages/examples_rclpy_executors
[1.995s] copying /media/michael/bach_SD_128GB/emo_ws/emo2.0/build/examples_rclpy_executors/build/lib/examples_rclpy_executors/custom_callback_group.py -> /media/michael/bach_SD_128GB/emo_ws/emo2.0/install/examples_rclpy_executors/lib/python3.8/site-packages/examples_rclpy_executors
[1.996s] copying /media/michael/bach_SD_128GB/emo_ws/emo2.0/build/examples_rclpy_executors/build/lib/examples_rclpy_executors/talker.py -> /media/michael/bach_SD_128GB/emo_ws/emo2.0/install/examples_rclpy_executors/lib/python3.8/site-packages/examples_rclpy_executors
[1.997s] copying /media/michael/bach_SD_128GB/emo_ws/emo2.0/build/examples_rclpy_executors/build/lib/examples_rclpy_executors/__init__.py -> /media/michael/bach_SD_128GB/emo_ws/emo2.0/install/examples_rclpy_executors/lib/python3.8/site-packages/examples_rclpy_executors
[1.998s] copying /media/michael/bach_SD_128GB/emo_ws/emo2.0/build/examples_rclpy_executors/build/lib/examples_rclpy_executors/listener.py -> /media/michael/bach_SD_128GB/emo_ws/emo2.0/install/examples_rclpy_executors/lib/python3.8/site-packages/examples_rclpy_executors
[1.999s] copying /media/michael/bach_SD_128GB/emo_ws/emo2.0/build/examples_rclpy_executors/build/lib/examples_rclpy_executors/custom_executor.py -> /media/michael/bach_SD_128GB/emo_ws/emo2.0/install/examples_rclpy_executors/lib/python3.8/site-packages/examples_rclpy_executors
[1.999s] byte-compiling /media/michael/bach_SD_128GB/emo_ws/emo2.0/install/examples_rclpy_executors/lib/python3.8/site-packages/examples_rclpy_executors/composed.py to composed.cpython-38.pyc
[1.999s] byte-compiling /media/michael/bach_SD_128GB/emo_ws/emo2.0/install/examples_rclpy_executors/lib/python3.8/site-packages/examples_rclpy_executors/callback_group.py to callback_group.cpython-38.pyc
[2.000s] byte-compiling /media/michael/bach_SD_128GB/emo_ws/emo2.0/install/examples_rclpy_executors/lib/python3.8/site-packages/examples_rclpy_executors/custom_callback_group.py to custom_callback_group.cpython-38.pyc
[2.000s] byte-compiling /media/michael/bach_SD_128GB/emo_ws/emo2.0/install/examples_rclpy_executors/lib/python3.8/site-packages/examples_rclpy_executors/talker.py to talker.cpython-38.pyc
[2.000s] byte-compiling /media/michael/bach_SD_128GB/emo_ws/emo2.0/install/examples_rclpy_executors/lib/python3.8/site-packages/examples_rclpy_executors/__init__.py to __init__.cpython-38.pyc
[2.001s] byte-compiling /media/michael/bach_SD_128GB/emo_ws/emo2.0/install/examples_rclpy_executors/lib/python3.8/site-packages/examples_rclpy_executors/listener.py to listener.cpython-38.pyc
[2.001s] byte-compiling /media/michael/bach_SD_128GB/emo_ws/emo2.0/install/examples_rclpy_executors/lib/python3.8/site-packages/examples_rclpy_executors/custom_executor.py to custom_executor.cpython-38.pyc
[2.003s] running install_data
[2.004s] creating /media/michael/bach_SD_128GB/emo_ws/emo2.0/install/examples_rclpy_executors/share/ament_index
[2.004s] creating /media/michael/bach_SD_128GB/emo_ws/emo2.0/install/examples_rclpy_executors/share/ament_index/resource_index
[2.004s] creating /media/michael/bach_SD_128GB/emo_ws/emo2.0/install/examples_rclpy_executors/share/ament_index/resource_index/packages
[2.004s] copying resource/examples_rclpy_executors -> /media/michael/bach_SD_128GB/emo_ws/emo2.0/install/examples_rclpy_executors/share/ament_index/resource_index/packages
[2.005s] copying package.xml -> /media/michael/bach_SD_128GB/emo_ws/emo2.0/install/examples_rclpy_executors/share/examples_rclpy_executors
[2.005s] running install_egg_info
[2.007s] Copying ../../../../build/examples_rclpy_executors/examples_rclpy_executors.egg-info to /media/michael/bach_SD_128GB/emo_ws/emo2.0/install/examples_rclpy_executors/lib/python3.8/site-packages/examples_rclpy_executors-0.9.4-py3.8.egg-info
[2.009s] running install_scripts
[2.044s] Installing callback_group script to /media/michael/bach_SD_128GB/emo_ws/emo2.0/install/examples_rclpy_executors/lib/examples_rclpy_executors
[2.045s] Installing composed script to /media/michael/bach_SD_128GB/emo_ws/emo2.0/install/examples_rclpy_executors/lib/examples_rclpy_executors
[2.045s] Installing custom_callback_group script to /media/michael/bach_SD_128GB/emo_ws/emo2.0/install/examples_rclpy_executors/lib/examples_rclpy_executors
[2.045s] Installing custom_executor script to /media/michael/bach_SD_128GB/emo_ws/emo2.0/install/examples_rclpy_executors/lib/examples_rclpy_executors
[2.045s] Installing listener script to /media/michael/bach_SD_128GB/emo_ws/emo2.0/install/examples_rclpy_executors/lib/examples_rclpy_executors
[2.046s] Installing talker script to /media/michael/bach_SD_128GB/emo_ws/emo2.0/install/examples_rclpy_executors/lib/examples_rclpy_executors
[2.046s] writing list of installed files to '/media/michael/bach_SD_128GB/emo_ws/emo2.0/build/examples_rclpy_executors/install.log'
[2.517s] Invoked command in '/media/michael/bach_SD_128GB/emo_ws/emo2.0/src/examples/rclpy/executors' returned '0': PYTHONPATH=/media/michael/bach_SD_128GB/emo_ws/emo2.0/install/examples_rclpy_executors/lib/python3.8/site-packages:${PYTHONPATH} /usr/bin/python3 setup.py egg_info --egg-base ../../../../build/examples_rclpy_executors build --build-base /media/michael/bach_SD_128GB/emo_ws/emo2.0/build/examples_rclpy_executors/build install --prefix /media/michael/bach_SD_128GB/emo_ws/emo2.0/install/examples_rclpy_executors --record /media/michael/bach_SD_128GB/emo_ws/emo2.0/build/examples_rclpy_executors/install.log --single-version-externally-managed
