[1.024s] Invoking command in '/media/michael/bach_SD_128GB/emo_ws/emo2.0/src/emo_proximity': PYTHONPATH=/media/michael/bach_SD_128GB/emo_ws/emo2.0/install/emo_proximity/lib/python3.8/site-packages:${PYTHONPATH} /usr/bin/python3 setup.py egg_info --egg-base ../../build/emo_proximity build --build-base /media/michael/bach_SD_128GB/emo_ws/emo2.0/build/emo_proximity/build install --prefix /media/michael/bach_SD_128GB/emo_ws/emo2.0/install/emo_proximity --record /media/michael/bach_SD_128GB/emo_ws/emo2.0/build/emo_proximity/install.log --single-version-externally-managed
[1.483s] running egg_info
[1.485s] writing ../../build/emo_proximity/emo_proximity.egg-info/PKG-INFO
[1.485s] writing dependency_links to ../../build/emo_proximity/emo_proximity.egg-info/dependency_links.txt
[1.486s] writing entry points to ../../build/emo_proximity/emo_proximity.egg-info/entry_points.txt
[1.486s] writing requirements to ../../build/emo_proximity/emo_proximity.egg-info/requires.txt
[1.486s] writing top-level names to ../../build/emo_proximity/emo_proximity.egg-info/top_level.txt
[1.562s] reading manifest file '../../build/emo_proximity/emo_proximity.egg-info/SOURCES.txt'
[1.565s] writing manifest file '../../build/emo_proximity/emo_proximity.egg-info/SOURCES.txt'
[1.565s] running build
[1.565s] running build_py
[1.566s] running install
[1.567s] running install_lib
[1.569s] running install_data
[1.570s] running install_egg_info
[1.579s] removing '/media/michael/bach_SD_128GB/emo_ws/emo2.0/install/emo_proximity/lib/python3.8/site-packages/emo_proximity-0.0.0-py3.8.egg-info' (and everything under it)
[1.579s] Copying ../../build/emo_proximity/emo_proximity.egg-info to /media/michael/bach_SD_128GB/emo_ws/emo2.0/install/emo_proximity/lib/python3.8/site-packages/emo_proximity-0.0.0-py3.8.egg-info
[1.579s] running install_scripts
[1.621s] writing list of installed files to '/media/michael/bach_SD_128GB/emo_ws/emo2.0/build/emo_proximity/install.log'
[1.722s] Invoked command in '/media/michael/bach_SD_128GB/emo_ws/emo2.0/src/emo_proximity' returned '0': PYTHONPATH=/media/michael/bach_SD_128GB/emo_ws/emo2.0/install/emo_proximity/lib/python3.8/site-packages:${PYTHONPATH} /usr/bin/python3 setup.py egg_info --egg-base ../../build/emo_proximity build --build-base /media/michael/bach_SD_128GB/emo_ws/emo2.0/build/emo_proximity/build install --prefix /media/michael/bach_SD_128GB/emo_ws/emo2.0/install/emo_proximity --record /media/michael/bach_SD_128GB/emo_ws/emo2.0/build/emo_proximity/install.log --single-version-externally-managed
