[0.132s] Invoking command in '/media/michael/bach_SD_128GB/emo_ws/emo2.0/build/examples_rclcpp_minimal_composition': CMAKE_PREFIX_PATH=${CMAKE_PREFIX_PATH}:/sd/emo_ws/emo2.0/install/py_pubsub:/sd/emo_ws/emo2.0/install/examples_rclpy_minimal_subscriber:/sd/emo_ws/emo2.0/install/examples_rclpy_minimal_service:/sd/emo_ws/emo2.0/install/examples_rclpy_minimal_publisher:/sd/emo_ws/emo2.0/install/examples_rclpy_minimal_client:/sd/emo_ws/emo2.0/install/examples_rclpy_minimal_action_server:/sd/emo_ws/emo2.0/install/examples_rclpy_minimal_action_client:/sd/emo_ws/emo2.0/install/examples_rclpy_executors:/sd/emo_ws/emo2.0/install/emo_voice:/sd/emo_ws/emo2.0/install/emo_vision:/sd/emo_ws/emo2.0/install/emo_proximity:/sd/emo_ws/emo2.0/install/emo_proto:/sd/emo_ws/emo2.0/install/emo_power:/sd/emo_ws/emo2.0/install/emo_lidar:/sd/emo_ws/emo2.0/install/emo_head:/sd/emo_ws/emo2.0/install/emo_drive:/sd/emo_ws/emo2.0/install/emo_control:/sd/emo_ws/emo2.0/install/emo_3dvision:/opt/ros/foxy /usr/bin/cmake --build /media/michael/bach_SD_128GB/emo_ws/emo2.0/build/examples_rclcpp_minimal_composition -- -j4 -l4
[0.304s] [ 33%] Built target composition_nodes
[0.444s] [ 55%] Built target composition_composed
[0.446s] [ 77%] Built target composition_publisher
[0.465s] [100%] Built target composition_subscriber
[0.510s] Invoked command in '/media/michael/bach_SD_128GB/emo_ws/emo2.0/build/examples_rclcpp_minimal_composition' returned '0': CMAKE_PREFIX_PATH=${CMAKE_PREFIX_PATH}:/sd/emo_ws/emo2.0/install/py_pubsub:/sd/emo_ws/emo2.0/install/examples_rclpy_minimal_subscriber:/sd/emo_ws/emo2.0/install/examples_rclpy_minimal_service:/sd/emo_ws/emo2.0/install/examples_rclpy_minimal_publisher:/sd/emo_ws/emo2.0/install/examples_rclpy_minimal_client:/sd/emo_ws/emo2.0/install/examples_rclpy_minimal_action_server:/sd/emo_ws/emo2.0/install/examples_rclpy_minimal_action_client:/sd/emo_ws/emo2.0/install/examples_rclpy_executors:/sd/emo_ws/emo2.0/install/emo_voice:/sd/emo_ws/emo2.0/install/emo_vision:/sd/emo_ws/emo2.0/install/emo_proximity:/sd/emo_ws/emo2.0/install/emo_proto:/sd/emo_ws/emo2.0/install/emo_power:/sd/emo_ws/emo2.0/install/emo_lidar:/sd/emo_ws/emo2.0/install/emo_head:/sd/emo_ws/emo2.0/install/emo_drive:/sd/emo_ws/emo2.0/install/emo_control:/sd/emo_ws/emo2.0/install/emo_3dvision:/opt/ros/foxy /usr/bin/cmake --build /media/michael/bach_SD_128GB/emo_ws/emo2.0/build/examples_rclcpp_minimal_composition -- -j4 -l4
[0.707s] Invoking command in '/media/michael/bach_SD_128GB/emo_ws/emo2.0/build/examples_rclcpp_minimal_composition': CMAKE_PREFIX_PATH=${CMAKE_PREFIX_PATH}:/sd/emo_ws/emo2.0/install/py_pubsub:/sd/emo_ws/emo2.0/install/examples_rclpy_minimal_subscriber:/sd/emo_ws/emo2.0/install/examples_rclpy_minimal_service:/sd/emo_ws/emo2.0/install/examples_rclpy_minimal_publisher:/sd/emo_ws/emo2.0/install/examples_rclpy_minimal_client:/sd/emo_ws/emo2.0/install/examples_rclpy_minimal_action_server:/sd/emo_ws/emo2.0/install/examples_rclpy_minimal_action_client:/sd/emo_ws/emo2.0/install/examples_rclpy_executors:/sd/emo_ws/emo2.0/install/emo_voice:/sd/emo_ws/emo2.0/install/emo_vision:/sd/emo_ws/emo2.0/install/emo_proximity:/sd/emo_ws/emo2.0/install/emo_proto:/sd/emo_ws/emo2.0/install/emo_power:/sd/emo_ws/emo2.0/install/emo_lidar:/sd/emo_ws/emo2.0/install/emo_head:/sd/emo_ws/emo2.0/install/emo_drive:/sd/emo_ws/emo2.0/install/emo_control:/sd/emo_ws/emo2.0/install/emo_3dvision:/opt/ros/foxy /usr/bin/cmake --install /media/michael/bach_SD_128GB/emo_ws/emo2.0/build/examples_rclcpp_minimal_composition
[0.724s] -- Install configuration: ""
[0.725s] -- Up-to-date: /media/michael/bach_SD_128GB/emo_ws/emo2.0/install/examples_rclcpp_minimal_composition/share/examples_rclcpp_minimal_composition/environment/library_path.sh
[0.725s] -- Up-to-date: /media/michael/bach_SD_128GB/emo_ws/emo2.0/install/examples_rclcpp_minimal_composition/share/examples_rclcpp_minimal_composition/environment/library_path.dsv
[0.725s] -- Up-to-date: /media/michael/bach_SD_128GB/emo_ws/emo2.0/install/examples_rclcpp_minimal_composition/lib/libcomposition_nodes.so
[0.726s] -- Up-to-date: /media/michael/bach_SD_128GB/emo_ws/emo2.0/install/examples_rclcpp_minimal_composition/lib/examples_rclcpp_minimal_composition/composition_publisher
[0.727s] -- Up-to-date: /media/michael/bach_SD_128GB/emo_ws/emo2.0/install/examples_rclcpp_minimal_composition/lib/examples_rclcpp_minimal_composition/composition_subscriber
[0.731s] -- Up-to-date: /media/michael/bach_SD_128GB/emo_ws/emo2.0/install/examples_rclcpp_minimal_composition/lib/examples_rclcpp_minimal_composition/composition_composed
[0.733s] -- Up-to-date: /media/michael/bach_SD_128GB/emo_ws/emo2.0/install/examples_rclcpp_minimal_composition/share/ament_index/resource_index/package_run_dependencies/examples_rclcpp_minimal_composition
[0.733s] -- Up-to-date: /media/michael/bach_SD_128GB/emo_ws/emo2.0/install/examples_rclcpp_minimal_composition/share/ament_index/resource_index/parent_prefix_path/examples_rclcpp_minimal_composition
[0.733s] -- Up-to-date: /media/michael/bach_SD_128GB/emo_ws/emo2.0/install/examples_rclcpp_minimal_composition/share/examples_rclcpp_minimal_composition/environment/ament_prefix_path.sh
[0.738s] -- Up-to-date: /media/michael/bach_SD_128GB/emo_ws/emo2.0/install/examples_rclcpp_minimal_composition/share/examples_rclcpp_minimal_composition/environment/ament_prefix_path.dsv
[0.738s] -- Up-to-date: /media/michael/bach_SD_128GB/emo_ws/emo2.0/install/examples_rclcpp_minimal_composition/share/examples_rclcpp_minimal_composition/environment/path.sh
[0.738s] -- Up-to-date: /media/michael/bach_SD_128GB/emo_ws/emo2.0/install/examples_rclcpp_minimal_composition/share/examples_rclcpp_minimal_composition/environment/path.dsv
[0.739s] -- Up-to-date: /media/michael/bach_SD_128GB/emo_ws/emo2.0/install/examples_rclcpp_minimal_composition/share/examples_rclcpp_minimal_composition/local_setup.bash
[0.739s] -- Up-to-date: /media/michael/bach_SD_128GB/emo_ws/emo2.0/install/examples_rclcpp_minimal_composition/share/examples_rclcpp_minimal_composition/local_setup.sh
[0.739s] -- Up-to-date: /media/michael/bach_SD_128GB/emo_ws/emo2.0/install/examples_rclcpp_minimal_composition/share/examples_rclcpp_minimal_composition/local_setup.zsh
[0.739s] -- Up-to-date: /media/michael/bach_SD_128GB/emo_ws/emo2.0/install/examples_rclcpp_minimal_composition/share/examples_rclcpp_minimal_composition/local_setup.dsv
[0.739s] -- Installing: /media/michael/bach_SD_128GB/emo_ws/emo2.0/install/examples_rclcpp_minimal_composition/share/examples_rclcpp_minimal_composition/package.dsv
[0.739s] -- Up-to-date: /media/michael/bach_SD_128GB/emo_ws/emo2.0/install/examples_rclcpp_minimal_composition/share/ament_index/resource_index/packages/examples_rclcpp_minimal_composition
[0.739s] -- Up-to-date: /media/michael/bach_SD_128GB/emo_ws/emo2.0/install/examples_rclcpp_minimal_composition/share/examples_rclcpp_minimal_composition/cmake/examples_rclcpp_minimal_compositionConfig.cmake
[0.740s] -- Up-to-date: /media/michael/bach_SD_128GB/emo_ws/emo2.0/install/examples_rclcpp_minimal_composition/share/examples_rclcpp_minimal_composition/cmake/examples_rclcpp_minimal_compositionConfig-version.cmake
[0.740s] -- Up-to-date: /media/michael/bach_SD_128GB/emo_ws/emo2.0/install/examples_rclcpp_minimal_composition/share/examples_rclcpp_minimal_composition/package.xml
[0.740s] Invoked command in '/media/michael/bach_SD_128GB/emo_ws/emo2.0/build/examples_rclcpp_minimal_composition' returned '0': CMAKE_PREFIX_PATH=${CMAKE_PREFIX_PATH}:/sd/emo_ws/emo2.0/install/py_pubsub:/sd/emo_ws/emo2.0/install/examples_rclpy_minimal_subscriber:/sd/emo_ws/emo2.0/install/examples_rclpy_minimal_service:/sd/emo_ws/emo2.0/install/examples_rclpy_minimal_publisher:/sd/emo_ws/emo2.0/install/examples_rclpy_minimal_client:/sd/emo_ws/emo2.0/install/examples_rclpy_minimal_action_server:/sd/emo_ws/emo2.0/install/examples_rclpy_minimal_action_client:/sd/emo_ws/emo2.0/install/examples_rclpy_executors:/sd/emo_ws/emo2.0/install/emo_voice:/sd/emo_ws/emo2.0/install/emo_vision:/sd/emo_ws/emo2.0/install/emo_proximity:/sd/emo_ws/emo2.0/install/emo_proto:/sd/emo_ws/emo2.0/install/emo_power:/sd/emo_ws/emo2.0/install/emo_lidar:/sd/emo_ws/emo2.0/install/emo_head:/sd/emo_ws/emo2.0/install/emo_drive:/sd/emo_ws/emo2.0/install/emo_control:/sd/emo_ws/emo2.0/install/emo_3dvision:/opt/ros/foxy /usr/bin/cmake --install /media/michael/bach_SD_128GB/emo_ws/emo2.0/build/examples_rclcpp_minimal_composition
