/media/michael/bach_SD_128GB/emo_ws/emo2.0/install/examples_rclpy_executors/lib/python3.8/site-packages/examples_rclpy_executors/composed.py
/media/michael/bach_SD_128GB/emo_ws/emo2.0/install/examples_rclpy_executors/lib/python3.8/site-packages/examples_rclpy_executors/callback_group.py
/media/michael/bach_SD_128GB/emo_ws/emo2.0/install/examples_rclpy_executors/lib/python3.8/site-packages/examples_rclpy_executors/custom_callback_group.py
/media/michael/bach_SD_128GB/emo_ws/emo2.0/install/examples_rclpy_executors/lib/python3.8/site-packages/examples_rclpy_executors/talker.py
/media/michael/bach_SD_128GB/emo_ws/emo2.0/install/examples_rclpy_executors/lib/python3.8/site-packages/examples_rclpy_executors/__init__.py
/media/michael/bach_SD_128GB/emo_ws/emo2.0/install/examples_rclpy_executors/lib/python3.8/site-packages/examples_rclpy_executors/listener.py
/media/michael/bach_SD_128GB/emo_ws/emo2.0/install/examples_rclpy_executors/lib/python3.8/site-packages/examples_rclpy_executors/custom_executor.py
/media/michael/bach_SD_128GB/emo_ws/emo2.0/install/examples_rclpy_executors/lib/python3.8/site-packages/examples_rclpy_executors/__pycache__/composed.cpython-38.pyc
/media/michael/bach_SD_128GB/emo_ws/emo2.0/install/examples_rclpy_executors/lib/python3.8/site-packages/examples_rclpy_executors/__pycache__/callback_group.cpython-38.pyc
/media/michael/bach_SD_128GB/emo_ws/emo2.0/install/examples_rclpy_executors/lib/python3.8/site-packages/examples_rclpy_executors/__pycache__/custom_callback_group.cpython-38.pyc
/media/michael/bach_SD_128GB/emo_ws/emo2.0/install/examples_rclpy_executors/lib/python3.8/site-packages/examples_rclpy_executors/__pycache__/talker.cpython-38.pyc
/media/michael/bach_SD_128GB/emo_ws/emo2.0/install/examples_rclpy_executors/lib/python3.8/site-packages/examples_rclpy_executors/__pycache__/__init__.cpython-38.pyc
/media/michael/bach_SD_128GB/emo_ws/emo2.0/install/examples_rclpy_executors/lib/python3.8/site-packages/examples_rclpy_executors/__pycache__/listener.cpython-38.pyc
/media/michael/bach_SD_128GB/emo_ws/emo2.0/install/examples_rclpy_executors/lib/python3.8/site-packages/examples_rclpy_executors/__pycache__/custom_executor.cpython-38.pyc
/media/michael/bach_SD_128GB/emo_ws/emo2.0/install/examples_rclpy_executors/share/ament_index/resource_index/packages/examples_rclpy_executors
/media/michael/bach_SD_128GB/emo_ws/emo2.0/install/examples_rclpy_executors/share/examples_rclpy_executors/package.xml
/media/michael/bach_SD_128GB/emo_ws/emo2.0/install/examples_rclpy_executors/lib/python3.8/site-packages/examples_rclpy_executors-0.9.4-py3.8.egg-info/SOURCES.txt
/media/michael/bach_SD_128GB/emo_ws/emo2.0/install/examples_rclpy_executors/lib/python3.8/site-packages/examples_rclpy_executors-0.9.4-py3.8.egg-info/dependency_links.txt
/media/michael/bach_SD_128GB/emo_ws/emo2.0/install/examples_rclpy_executors/lib/python3.8/site-packages/examples_rclpy_executors-0.9.4-py3.8.egg-info/top_level.txt
/media/michael/bach_SD_128GB/emo_ws/emo2.0/install/examples_rclpy_executors/lib/python3.8/site-packages/examples_rclpy_executors-0.9.4-py3.8.egg-info/requires.txt
/media/michael/bach_SD_128GB/emo_ws/emo2.0/install/examples_rclpy_executors/lib/python3.8/site-packages/examples_rclpy_executors-0.9.4-py3.8.egg-info/zip-safe
/media/michael/bach_SD_128GB/emo_ws/emo2.0/install/examples_rclpy_executors/lib/python3.8/site-packages/examples_rclpy_executors-0.9.4-py3.8.egg-info/PKG-INFO
/media/michael/bach_SD_128GB/emo_ws/emo2.0/install/examples_rclpy_executors/lib/python3.8/site-packages/examples_rclpy_executors-0.9.4-py3.8.egg-info/entry_points.txt
/media/michael/bach_SD_128GB/emo_ws/emo2.0/install/examples_rclpy_executors/lib/examples_rclpy_executors/callback_group
/media/michael/bach_SD_128GB/emo_ws/emo2.0/install/examples_rclpy_executors/lib/examples_rclpy_executors/composed
/media/michael/bach_SD_128GB/emo_ws/emo2.0/install/examples_rclpy_executors/lib/examples_rclpy_executors/custom_callback_group
/media/michael/bach_SD_128GB/emo_ws/emo2.0/install/examples_rclpy_executors/lib/examples_rclpy_executors/custom_executor
/media/michael/bach_SD_128GB/emo_ws/emo2.0/install/examples_rclpy_executors/lib/examples_rclpy_executors/listener
/media/michael/bach_SD_128GB/emo_ws/emo2.0/install/examples_rclpy_executors/lib/examples_rclpy_executors/talker
